{"/home/gdoco/dev/playground/proxy-runner/frontend/src/App.tsx": {"path":"/home/gdoco/dev/playground/proxy-runner/frontend/src/App.tsx","statementMap":{"0":{"start":{"line":18,"column":58},"end":{"line":18,"column":null}},"1":{"start":{"line":21,"column":38},"end":{"line":25,"column":null}},"2":{"start":{"line":27,"column":26},"end":{"line":27,"column":null}},"3":{"start":{"line":28,"column":20},"end":{"line":30,"column":null}},"4":{"start":{"line":32,"column":42},"end":{"line":34,"column":null}},"5":{"start":{"line":36,"column":36},"end":{"line":36,"column":null}},"6":{"start":{"line":38,"column":44},"end":{"line":42,"column":null}},"7":{"start":{"line":44,"column":38},"end":{"line":44,"column":null}},"8":{"start":{"line":46,"column":34},"end":{"line":46,"column":null}},"9":{"start":{"line":47,"column":40},"end":{"line":47,"column":null}},"10":{"start":{"line":49,"column":30},"end":{"line":49,"column":null}},"11":{"start":{"line":50,"column":28},"end":{"line":50,"column":null}},"12":{"start":{"line":51,"column":40},"end":{"line":53,"column":null}},"13":{"start":{"line":56,"column":8},"end":{"line":56,"column":null}},"14":{"start":{"line":59,"column":2},"end":{"line":72,"column":null}},"15":{"start":{"line":61,"column":4},"end":{"line":64,"column":null}},"16":{"start":{"line":62,"column":6},"end":{"line":62,"column":null}},"17":{"start":{"line":63,"column":6},"end":{"line":63,"column":null}},"18":{"start":{"line":66,"column":4},"end":{"line":71,"column":null}},"19":{"start":{"line":67,"column":6},"end":{"line":69,"column":null}},"20":{"start":{"line":70,"column":6},"end":{"line":70,"column":null}},"21":{"start":{"line":74,"column":23},"end":{"line":76,"column":null}},"22":{"start":{"line":75,"column":4},"end":{"line":75,"column":null}},"23":{"start":{"line":75,"column":26},"end":{"line":75,"column":54}},"24":{"start":{"line":83,"column":4},"end":{"line":83,"column":null}},"25":{"start":{"line":85,"column":4},"end":{"line":166,"column":null}},"26":{"start":{"line":88,"column":8},"end":{"line":90,"column":null}},"27":{"start":{"line":91,"column":8},"end":{"line":91,"column":null}},"28":{"start":{"line":95,"column":8},"end":{"line":95,"column":null}},"29":{"start":{"line":96,"column":8},"end":{"line":96,"column":null}},"30":{"start":{"line":97,"column":8},"end":{"line":97,"column":null}},"31":{"start":{"line":99,"column":8},"end":{"line":99,"column":null}},"32":{"start":{"line":100,"column":8},"end":{"line":100,"column":null}},"33":{"start":{"line":101,"column":8},"end":{"line":101,"column":null}},"34":{"start":{"line":105,"column":25},"end":{"line":105,"column":null}},"35":{"start":{"line":106,"column":8},"end":{"line":114,"column":null}},"36":{"start":{"line":106,"column":30},"end":{"line":114,"column":10}},"37":{"start":{"line":115,"column":8},"end":{"line":115,"column":null}},"38":{"start":{"line":119,"column":8},"end":{"line":119,"column":null}},"39":{"start":{"line":120,"column":8},"end":{"line":120,"column":null}},"40":{"start":{"line":123,"column":8},"end":{"line":126,"column":null}},"41":{"start":{"line":127,"column":8},"end":{"line":139,"column":null}},"42":{"start":{"line":128,"column":10},"end":{"line":138,"column":null}},"43":{"start":{"line":129,"column":12},"end":{"line":129,"column":null}},"44":{"start":{"line":130,"column":27},"end":{"line":130,"column":null}},"45":{"start":{"line":131,"column":12},"end":{"line":135,"column":null}},"46":{"start":{"line":134,"column":14},"end":{"line":134,"column":null}},"47":{"start":{"line":136,"column":12},"end":{"line":136,"column":null}},"48":{"start":{"line":137,"column":12},"end":{"line":137,"column":null}},"49":{"start":{"line":140,"column":8},"end":{"line":140,"column":null}},"50":{"start":{"line":144,"column":28},"end":{"line":148,"column":null}},"51":{"start":{"line":149,"column":8},"end":{"line":154,"column":null}},"52":{"start":{"line":155,"column":8},"end":{"line":155,"column":null}},"53":{"start":{"line":156,"column":8},"end":{"line":156,"column":null}},"54":{"start":{"line":160,"column":8},"end":{"line":160,"column":null}},"55":{"start":{"line":161,"column":8},"end":{"line":161,"column":null}},"56":{"start":{"line":165,"column":8},"end":{"line":165,"column":null}},"57":{"start":{"line":172,"column":27},"end":{"line":189,"column":null}},"58":{"start":{"line":173,"column":4},"end":{"line":188,"column":null}},"59":{"start":{"line":174,"column":21},"end":{"line":174,"column":null}},"60":{"start":{"line":177,"column":6},"end":{"line":177,"column":null}},"61":{"start":{"line":178,"column":6},"end":{"line":178,"column":null}},"62":{"start":{"line":179,"column":6},"end":{"line":179,"column":null}},"63":{"start":{"line":180,"column":6},"end":{"line":180,"column":null}},"64":{"start":{"line":181,"column":6},"end":{"line":181,"column":null}},"65":{"start":{"line":182,"column":6},"end":{"line":182,"column":null}},"66":{"start":{"line":184,"column":6},"end":{"line":184,"column":null}},"67":{"start":{"line":186,"column":18},"end":{"line":186,"column":null}},"68":{"start":{"line":187,"column":6},"end":{"line":187,"column":null}},"69":{"start":{"line":194,"column":27},"end":{"line":218,"column":null}},"70":{"start":{"line":195,"column":4},"end":{"line":217,"column":null}},"71":{"start":{"line":196,"column":33},"end":{"line":210,"column":null}},"72":{"start":{"line":212,"column":6},"end":{"line":212,"column":null}},"73":{"start":{"line":213,"column":6},"end":{"line":213,"column":null}},"74":{"start":{"line":215,"column":18},"end":{"line":215,"column":null}},"75":{"start":{"line":216,"column":6},"end":{"line":216,"column":null}},"76":{"start":{"line":220,"column":19},"end":{"line":228,"column":null}},"77":{"start":{"line":230,"column":2},"end":{"line":375,"column":null}},"78":{"start":{"line":240,"column":30},"end":{"line":240,"column":null}},"79":{"start":{"line":253,"column":10},"end":{"line":310,"column":null}},"80":{"start":{"line":254,"column":18},"end":{"line":257,"column":null}},"81":{"start":{"line":259,"column":37},"end":{"line":259,"column":null}},"82":{"start":{"line":264,"column":16},"end":{"line":268,"column":null}},"83":{"start":{"line":270,"column":12},"end":{"line":270,"column":null}},"84":{"start":{"line":271,"column":12},"end":{"line":271,"column":null}},"85":{"start":{"line":276,"column":12},"end":{"line":279,"column":null}},"86":{"start":{"line":280,"column":12},"end":{"line":293,"column":null}},"87":{"start":{"line":281,"column":14},"end":{"line":292,"column":null}},"88":{"start":{"line":282,"column":16},"end":{"line":282,"column":null}},"89":{"start":{"line":283,"column":31},"end":{"line":283,"column":null}},"90":{"start":{"line":285,"column":16},"end":{"line":289,"column":null}},"91":{"start":{"line":288,"column":18},"end":{"line":288,"column":null}},"92":{"start":{"line":290,"column":16},"end":{"line":290,"column":null}},"93":{"start":{"line":291,"column":16},"end":{"line":291,"column":null}},"94":{"start":{"line":297,"column":14},"end":{"line":297,"column":null}},"95":{"start":{"line":298,"column":32},"end":{"line":302,"column":null}},"96":{"start":{"line":303,"column":12},"end":{"line":308,"column":null}},"97":{"start":{"line":309,"column":12},"end":{"line":309,"column":null}}},"fnMap":{"0":{"name":"App","decl":{"start":{"line":17,"column":9},"end":{"line":17,"column":15}},"loc":{"start":{"line":17,"column":15},"end":{"line":377,"column":null}},"line":17},"1":{"name":"(anonymous_1)","decl":{"start":{"line":59,"column":12},"end":{"line":59,"column":18}},"loc":{"start":{"line":59,"column":18},"end":{"line":72,"column":5}},"line":59},"2":{"name":"(anonymous_2)","decl":{"start":{"line":74,"column":23},"end":{"line":74,"column":24}},"loc":{"start":{"line":74,"column":61},"end":{"line":76,"column":null}},"line":74},"3":{"name":"(anonymous_3)","decl":{"start":{"line":75,"column":15},"end":{"line":75,"column":16}},"loc":{"start":{"line":75,"column":26},"end":{"line":75,"column":54}},"line":75},"4":{"name":"handleServerEvent","decl":{"start":{"line":82,"column":11},"end":{"line":82,"column":29}},"loc":{"start":{"line":82,"column":49},"end":{"line":167,"column":null}},"line":82},"5":{"name":"(anonymous_5)","decl":{"start":{"line":106,"column":19},"end":{"line":106,"column":20}},"loc":{"start":{"line":106,"column":30},"end":{"line":114,"column":10}},"line":106},"6":{"name":"(anonymous_6)","decl":{"start":{"line":128,"column":24},"end":{"line":128,"column":25}},"loc":{"start":{"line":128,"column":34},"end":{"line":138,"column":11}},"line":128},"7":{"name":"(anonymous_7)","decl":{"start":{"line":172,"column":27},"end":{"line":172,"column":39}},"loc":{"start":{"line":172,"column":39},"end":{"line":189,"column":null}},"line":172},"8":{"name":"(anonymous_8)","decl":{"start":{"line":194,"column":27},"end":{"line":194,"column":39}},"loc":{"start":{"line":194,"column":39},"end":{"line":218,"column":null}},"line":194},"9":{"name":"(anonymous_9)","decl":{"start":{"line":240,"column":20},"end":{"line":240,"column":21}},"loc":{"start":{"line":240,"column":30},"end":{"line":240,"column":null}},"line":240},"10":{"name":"(anonymous_10)","decl":{"start":{"line":252,"column":16},"end":{"line":252,"column":28}},"loc":{"start":{"line":252,"column":28},"end":{"line":311,"column":null}},"line":252},"11":{"name":"(anonymous_11)","decl":{"start":{"line":281,"column":28},"end":{"line":281,"column":29}},"loc":{"start":{"line":281,"column":38},"end":{"line":292,"column":15}},"line":281}},"branchMap":{"0":{"loc":{"start":{"line":61,"column":4},"end":{"line":64,"column":null}},"type":"if","locations":[{"start":{"line":61,"column":4},"end":{"line":64,"column":null}},{"start":{},"end":{}}],"line":61},"1":{"loc":{"start":{"line":66,"column":4},"end":{"line":71,"column":null}},"type":"if","locations":[{"start":{"line":66,"column":4},"end":{"line":71,"column":null}},{"start":{},"end":{}}],"line":66},"2":{"loc":{"start":{"line":85,"column":4},"end":{"line":166,"column":null}},"type":"switch","locations":[{"start":{"line":86,"column":6},"end":{"line":91,"column":null}},{"start":{"line":93,"column":6},"end":{"line":101,"column":null}},{"start":{"line":103,"column":6},"end":{"line":115,"column":null}},{"start":{"line":117,"column":6},"end":{"line":140,"column":null}},{"start":{"line":142,"column":6},"end":{"line":156,"column":null}},{"start":{"line":158,"column":6},"end":{"line":161,"column":null}},{"start":{"line":163,"column":6},"end":{"line":165,"column":null}}],"line":85},"3":{"loc":{"start":{"line":127,"column":8},"end":{"line":139,"column":null}},"type":"if","locations":[{"start":{"line":127,"column":8},"end":{"line":139,"column":null}},{"start":{},"end":{}}],"line":127},"4":{"loc":{"start":{"line":186,"column":18},"end":{"line":186,"column":null}},"type":"cond-expr","locations":[{"start":{"line":186,"column":43},"end":{"line":186,"column":59}},{"start":{"line":186,"column":59},"end":{"line":186,"column":null}}],"line":186},"5":{"loc":{"start":{"line":199,"column":16},"end":{"line":199,"column":null}},"type":"binary-expr","locations":[{"start":{"line":199,"column":16},"end":{"line":199,"column":38}},{"start":{"line":199,"column":38},"end":{"line":199,"column":null}}],"line":199},"6":{"loc":{"start":{"line":215,"column":18},"end":{"line":215,"column":null}},"type":"cond-expr","locations":[{"start":{"line":215,"column":43},"end":{"line":215,"column":59}},{"start":{"line":215,"column":59},"end":{"line":215,"column":null}}],"line":215},"7":{"loc":{"start":{"line":237,"column":7},"end":{"line":237,"column":null}},"type":"binary-expr","locations":[{"start":{"line":237,"column":7},"end":{"line":237,"column":16}},{"start":{"line":237,"column":16},"end":{"line":237,"column":null}}],"line":237},"8":{"loc":{"start":{"line":280,"column":12},"end":{"line":293,"column":null}},"type":"if","locations":[{"start":{"line":280,"column":12},"end":{"line":293,"column":null}},{"start":{},"end":{}}],"line":280},"9":{"loc":{"start":{"line":297,"column":14},"end":{"line":297,"column":null}},"type":"cond-expr","locations":[{"start":{"line":297,"column":37},"end":{"line":297,"column":51}},{"start":{"line":297,"column":51},"end":{"line":297,"column":null}}],"line":297}},"s":{"0":0,"1":0,"2":0,"3":0,"4":0,"5":0,"6":0,"7":0,"8":0,"9":0,"10":0,"11":0,"12":0,"13":0,"14":0,"15":0,"16":0,"17":0,"18":0,"19":0,"20":0,"21":0,"22":0,"23":0,"24":0,"25":0,"26":0,"27":0,"28":0,"29":0,"30":0,"31":0,"32":0,"33":0,"34":0,"35":0,"36":0,"37":0,"38":0,"39":0,"40":0,"41":0,"42":0,"43":0,"44":0,"45":0,"46":0,"47":0,"48":0,"49":0,"50":0,"51":0,"52":0,"53":0,"54":0,"55":0,"56":0,"57":0,"58":0,"59":0,"60":0,"61":0,"62":0,"63":0,"64":0,"65":0,"66":0,"67":0,"68":0,"69":0,"70":0,"71":0,"72":0,"73":0,"74":0,"75":0,"76":0,"77":0,"78":0,"79":0,"80":0,"81":0,"82":0,"83":0,"84":0,"85":0,"86":0,"87":0,"88":0,"89":0,"90":0,"91":0,"92":0,"93":0,"94":0,"95":0,"96":0,"97":0},"f":{"0":0,"1":0,"2":0,"3":0,"4":0,"5":0,"6":0,"7":0,"8":0,"9":0,"10":0,"11":0},"b":{"0":[0,0],"1":[0,0],"2":[0,0,0,0,0,0,0],"3":[0,0],"4":[0,0],"5":[0,0],"6":[0,0],"7":[0,0],"8":[0,0],"9":[0,0]},"meta":{"lastBranch":10,"lastFunction":12,"lastStatement":98,"seen":{"f:17:9:17:15":0,"s:18:58:18:Infinity":0,"s:21:38:25:Infinity":1,"s:27:26:27:Infinity":2,"s:28:20:30:Infinity":3,"s:32:42:34:Infinity":4,"s:36:36:36:Infinity":5,"s:38:44:42:Infinity":6,"s:44:38:44:Infinity":7,"s:46:34:46:Infinity":8,"s:47:40:47:Infinity":9,"s:49:30:49:Infinity":10,"s:50:28:50:Infinity":11,"s:51:40:53:Infinity":12,"s:56:8:56:Infinity":13,"s:59:2:72:Infinity":14,"f:59:12:59:18":1,"b:61:4:64:Infinity:undefined:undefined:undefined:undefined":0,"s:61:4:64:Infinity":15,"s:62:6:62:Infinity":16,"s:63:6:63:Infinity":17,"b:66:4:71:Infinity:undefined:undefined:undefined:undefined":1,"s:66:4:71:Infinity":18,"s:67:6:69:Infinity":19,"s:70:6:70:Infinity":20,"s:74:23:76:Infinity":21,"f:74:23:74:24":2,"s:75:4:75:Infinity":22,"f:75:15:75:16":3,"s:75:26:75:54":23,"f:82:11:82:29":4,"s:83:4:83:Infinity":24,"b:86:6:91:Infinity:93:6:101:Infinity:103:6:115:Infinity:117:6:140:Infinity:142:6:156:Infinity:158:6:161:Infinity:163:6:165:Infinity":2,"s:85:4:166:Infinity":25,"s:88:8:90:Infinity":26,"s:91:8:91:Infinity":27,"s:95:8:95:Infinity":28,"s:96:8:96:Infinity":29,"s:97:8:97:Infinity":30,"s:99:8:99:Infinity":31,"s:100:8:100:Infinity":32,"s:101:8:101:Infinity":33,"s:105:25:105:Infinity":34,"s:106:8:114:Infinity":35,"f:106:19:106:20":5,"s:106:30:114:10":36,"s:115:8:115:Infinity":37,"s:119:8:119:Infinity":38,"s:120:8:120:Infinity":39,"s:123:8:126:Infinity":40,"b:127:8:139:Infinity:undefined:undefined:undefined:undefined":3,"s:127:8:139:Infinity":41,"s:128:10:138:Infinity":42,"f:128:24:128:25":6,"s:129:12:129:Infinity":43,"s:130:27:130:Infinity":44,"s:131:12:135:Infinity":45,"s:134:14:134:Infinity":46,"s:136:12:136:Infinity":47,"s:137:12:137:Infinity":48,"s:140:8:140:Infinity":49,"s:144:28:148:Infinity":50,"s:149:8:154:Infinity":51,"s:155:8:155:Infinity":52,"s:156:8:156:Infinity":53,"s:160:8:160:Infinity":54,"s:161:8:161:Infinity":55,"s:165:8:165:Infinity":56,"s:172:27:189:Infinity":57,"f:172:27:172:39":7,"s:173:4:188:Infinity":58,"s:174:21:174:Infinity":59,"s:177:6:177:Infinity":60,"s:178:6:178:Infinity":61,"s:179:6:179:Infinity":62,"s:180:6:180:Infinity":63,"s:181:6:181:Infinity":64,"s:182:6:182:Infinity":65,"s:184:6:184:Infinity":66,"s:186:18:186:Infinity":67,"b:186:43:186:59:186:59:186:Infinity":4,"s:187:6:187:Infinity":68,"s:194:27:218:Infinity":69,"f:194:27:194:39":8,"s:195:4:217:Infinity":70,"s:196:33:210:Infinity":71,"b:199:16:199:38:199:38:199:Infinity":5,"s:212:6:212:Infinity":72,"s:213:6:213:Infinity":73,"s:215:18:215:Infinity":74,"b:215:43:215:59:215:59:215:Infinity":6,"s:216:6:216:Infinity":75,"s:220:19:228:Infinity":76,"s:230:2:375:Infinity":77,"b:237:7:237:16:237:16:237:Infinity":7,"f:240:20:240:21":9,"s:240:30:240:Infinity":78,"f:252:16:252:28":10,"s:253:10:310:Infinity":79,"s:254:18:257:Infinity":80,"s:259:37:259:Infinity":81,"s:264:16:268:Infinity":82,"s:270:12:270:Infinity":83,"s:271:12:271:Infinity":84,"s:276:12:279:Infinity":85,"b:280:12:293:Infinity:undefined:undefined:undefined:undefined":8,"s:280:12:293:Infinity":86,"s:281:14:292:Infinity":87,"f:281:28:281:29":11,"s:282:16:282:Infinity":88,"s:283:31:283:Infinity":89,"s:285:16:289:Infinity":90,"s:288:18:288:Infinity":91,"s:290:16:290:Infinity":92,"s:291:16:291:Infinity":93,"s:297:14:297:Infinity":94,"b:297:37:297:51:297:51:297:Infinity":9,"s:298:32:302:Infinity":95,"s:303:12:308:Infinity":96,"s:309:12:309:Infinity":97}}}
,"/home/gdoco/dev/playground/proxy-runner/frontend/src/api/index.ts": {"path":"/home/gdoco/dev/playground/proxy-runner/frontend/src/api/index.ts","statementMap":{"0":{"start":{"line":3,"column":17},"end":{"line":3,"column":null}},"1":{"start":{"line":10,"column":17},"end":{"line":10,"column":null}},"2":{"start":{"line":11,"column":17},"end":{"line":16,"column":null}},"3":{"start":{"line":13,"column":22},"end":{"line":13,"column":null}},"4":{"start":{"line":18,"column":19},"end":{"line":24,"column":null}},"5":{"start":{"line":26,"column":2},"end":{"line":29,"column":null}},"6":{"start":{"line":27,"column":19},"end":{"line":27,"column":null}},"7":{"start":{"line":28,"column":4},"end":{"line":28,"column":null}},"8":{"start":{"line":31,"column":15},"end":{"line":31,"column":null}},"9":{"start":{"line":32,"column":2},"end":{"line":32,"column":null}},"10":{"start":{"line":39,"column":18},"end":{"line":53,"column":null}},"11":{"start":{"line":55,"column":19},"end":{"line":61,"column":null}},"12":{"start":{"line":63,"column":2},"end":{"line":66,"column":null}},"13":{"start":{"line":64,"column":19},"end":{"line":64,"column":null}},"14":{"start":{"line":65,"column":4},"end":{"line":65,"column":null}},"15":{"start":{"line":68,"column":17},"end":{"line":68,"column":null}},"16":{"start":{"line":69,"column":15},"end":{"line":69,"column":null}},"17":{"start":{"line":70,"column":2},"end":{"line":74,"column":null}},"18":{"start":{"line":93,"column":18},"end":{"line":106,"column":null}},"19":{"start":{"line":108,"column":19},"end":{"line":114,"column":null}},"20":{"start":{"line":116,"column":2},"end":{"line":119,"column":null}},"21":{"start":{"line":117,"column":19},"end":{"line":117,"column":null}},"22":{"start":{"line":118,"column":4},"end":{"line":118,"column":null}},"23":{"start":{"line":121,"column":17},"end":{"line":121,"column":null}},"24":{"start":{"line":122,"column":50},"end":{"line":122,"column":null}},"25":{"start":{"line":125,"column":2},"end":{"line":136,"column":null}},"26":{"start":{"line":126,"column":15},"end":{"line":126,"column":null}},"27":{"start":{"line":127,"column":17},"end":{"line":127,"column":null}},"28":{"start":{"line":128,"column":4},"end":{"line":135,"column":null}},"29":{"start":{"line":138,"column":2},"end":{"line":142,"column":null}},"30":{"start":{"line":162,"column":19},"end":{"line":167,"column":null}},"31":{"start":{"line":169,"column":2},"end":{"line":172,"column":null}},"32":{"start":{"line":170,"column":19},"end":{"line":170,"column":null}},"33":{"start":{"line":171,"column":4},"end":{"line":171,"column":null}},"34":{"start":{"line":174,"column":17},"end":{"line":174,"column":null}},"35":{"start":{"line":175,"column":2},"end":{"line":175,"column":null}},"36":{"start":{"line":179,"column":19},"end":{"line":185,"column":null}},"37":{"start":{"line":187,"column":2},"end":{"line":190,"column":null}},"38":{"start":{"line":188,"column":19},"end":{"line":188,"column":null}},"39":{"start":{"line":189,"column":4},"end":{"line":189,"column":null}}},"fnMap":{"0":{"name":"uploadWasm","decl":{"start":{"line":5,"column":22},"end":{"line":5,"column":null}},"loc":{"start":{"line":8,"column":19},"end":{"line":33,"column":null}},"line":8},"1":{"name":"(anonymous_1)","decl":{"start":{"line":13,"column":6},"end":{"line":13,"column":7}},"loc":{"start":{"line":13,"column":22},"end":{"line":13,"column":null}},"line":13},"2":{"name":"callHook","decl":{"start":{"line":35,"column":22},"end":{"line":35,"column":null}},"loc":{"start":{"line":38,"column":23},"end":{"line":75,"column":null}},"line":38},"3":{"name":"sendFullFlow","decl":{"start":{"line":77,"column":22},"end":{"line":77,"column":null}},"loc":{"start":{"line":92,"column":3},"end":{"line":143,"column":null}},"line":92},"4":{"name":"loadConfig","decl":{"start":{"line":161,"column":22},"end":{"line":161,"column":56}},"loc":{"start":{"line":161,"column":56},"end":{"line":176,"column":null}},"line":161},"5":{"name":"saveConfig","decl":{"start":{"line":178,"column":22},"end":{"line":178,"column":33}},"loc":{"start":{"line":178,"column":68},"end":{"line":191,"column":null}},"line":178}},"branchMap":{"0":{"loc":{"start":{"line":7,"column":2},"end":{"line":7,"column":null}},"type":"default-arg","locations":[{"start":{"line":7,"column":27},"end":{"line":7,"column":null}}],"line":7},"1":{"loc":{"start":{"line":26,"column":2},"end":{"line":29,"column":null}},"type":"if","locations":[{"start":{"line":26,"column":2},"end":{"line":29,"column":null}},{"start":{},"end":{}}],"line":26},"2":{"loc":{"start":{"line":28,"column":20},"end":{"line":28,"column":62}},"type":"binary-expr","locations":[{"start":{"line":28,"column":20},"end":{"line":28,"column":36}},{"start":{"line":28,"column":36},"end":{"line":28,"column":62}}],"line":28},"3":{"loc":{"start":{"line":42,"column":15},"end":{"line":42,"column":null}},"type":"binary-expr","locations":[{"start":{"line":42,"column":15},"end":{"line":42,"column":41}},{"start":{"line":42,"column":41},"end":{"line":42,"column":null}}],"line":42},"4":{"loc":{"start":{"line":43,"column":12},"end":{"line":43,"column":null}},"type":"binary-expr","locations":[{"start":{"line":43,"column":12},"end":{"line":43,"column":35}},{"start":{"line":43,"column":35},"end":{"line":43,"column":null}}],"line":43},"5":{"loc":{"start":{"line":44,"column":16},"end":{"line":44,"column":null}},"type":"binary-expr","locations":[{"start":{"line":44,"column":16},"end":{"line":44,"column":43}},{"start":{"line":44,"column":43},"end":{"line":44,"column":null}}],"line":44},"6":{"loc":{"start":{"line":47,"column":15},"end":{"line":47,"column":null}},"type":"binary-expr","locations":[{"start":{"line":47,"column":15},"end":{"line":47,"column":42}},{"start":{"line":47,"column":42},"end":{"line":47,"column":null}}],"line":47},"7":{"loc":{"start":{"line":48,"column":12},"end":{"line":48,"column":null}},"type":"binary-expr","locations":[{"start":{"line":48,"column":12},"end":{"line":48,"column":36}},{"start":{"line":48,"column":36},"end":{"line":48,"column":null}}],"line":48},"8":{"loc":{"start":{"line":49,"column":16},"end":{"line":49,"column":null}},"type":"binary-expr","locations":[{"start":{"line":49,"column":16},"end":{"line":49,"column":44}},{"start":{"line":49,"column":44},"end":{"line":49,"column":null}}],"line":49},"9":{"loc":{"start":{"line":51,"column":16},"end":{"line":51,"column":null}},"type":"binary-expr","locations":[{"start":{"line":51,"column":16},"end":{"line":51,"column":37}},{"start":{"line":51,"column":37},"end":{"line":51,"column":null}}],"line":51},"10":{"loc":{"start":{"line":63,"column":2},"end":{"line":66,"column":null}},"type":"if","locations":[{"start":{"line":63,"column":2},"end":{"line":66,"column":null}},{"start":{},"end":{}}],"line":63},"11":{"loc":{"start":{"line":65,"column":20},"end":{"line":65,"column":66}},"type":"binary-expr","locations":[{"start":{"line":65,"column":20},"end":{"line":65,"column":36}},{"start":{"line":65,"column":36},"end":{"line":65,"column":66}}],"line":65},"12":{"loc":{"start":{"line":69,"column":15},"end":{"line":69,"column":null}},"type":"binary-expr","locations":[{"start":{"line":69,"column":15},"end":{"line":69,"column":38}},{"start":{"line":69,"column":38},"end":{"line":69,"column":null}}],"line":69},"13":{"loc":{"start":{"line":96,"column":15},"end":{"line":96,"column":null}},"type":"binary-expr","locations":[{"start":{"line":96,"column":15},"end":{"line":96,"column":41}},{"start":{"line":96,"column":41},"end":{"line":96,"column":null}}],"line":96},"14":{"loc":{"start":{"line":97,"column":12},"end":{"line":97,"column":null}},"type":"binary-expr","locations":[{"start":{"line":97,"column":12},"end":{"line":97,"column":35}},{"start":{"line":97,"column":35},"end":{"line":97,"column":null}}],"line":97},"15":{"loc":{"start":{"line":98,"column":14},"end":{"line":98,"column":null}},"type":"binary-expr","locations":[{"start":{"line":98,"column":14},"end":{"line":98,"column":24}},{"start":{"line":98,"column":24},"end":{"line":98,"column":null}}],"line":98},"16":{"loc":{"start":{"line":101,"column":15},"end":{"line":101,"column":null}},"type":"binary-expr","locations":[{"start":{"line":101,"column":15},"end":{"line":101,"column":42}},{"start":{"line":101,"column":42},"end":{"line":101,"column":null}}],"line":101},"17":{"loc":{"start":{"line":102,"column":12},"end":{"line":102,"column":null}},"type":"binary-expr","locations":[{"start":{"line":102,"column":12},"end":{"line":102,"column":36}},{"start":{"line":102,"column":36},"end":{"line":102,"column":null}}],"line":102},"18":{"loc":{"start":{"line":104,"column":16},"end":{"line":104,"column":null}},"type":"binary-expr","locations":[{"start":{"line":104,"column":16},"end":{"line":104,"column":37}},{"start":{"line":104,"column":37},"end":{"line":104,"column":null}}],"line":104},"19":{"loc":{"start":{"line":116,"column":2},"end":{"line":119,"column":null}},"type":"if","locations":[{"start":{"line":116,"column":2},"end":{"line":119,"column":null}},{"start":{},"end":{}}],"line":116},"20":{"loc":{"start":{"line":118,"column":20},"end":{"line":118,"column":65}},"type":"binary-expr","locations":[{"start":{"line":118,"column":20},"end":{"line":118,"column":36}},{"start":{"line":118,"column":36},"end":{"line":118,"column":65}}],"line":118},"21":{"loc":{"start":{"line":125,"column":50},"end":{"line":125,"column":74}},"type":"binary-expr","locations":[{"start":{"line":125,"column":50},"end":{"line":125,"column":72}},{"start":{"line":125,"column":72},"end":{"line":125,"column":74}}],"line":125},"22":{"loc":{"start":{"line":127,"column":17},"end":{"line":127,"column":null}},"type":"binary-expr","locations":[{"start":{"line":127,"column":17},"end":{"line":127,"column":29}},{"start":{"line":127,"column":29},"end":{"line":127,"column":null}}],"line":127},"23":{"loc":{"start":{"line":169,"column":2},"end":{"line":172,"column":null}},"type":"if","locations":[{"start":{"line":169,"column":2},"end":{"line":172,"column":null}},{"start":{},"end":{}}],"line":169},"24":{"loc":{"start":{"line":171,"column":20},"end":{"line":171,"column":59}},"type":"binary-expr","locations":[{"start":{"line":171,"column":20},"end":{"line":171,"column":36}},{"start":{"line":171,"column":36},"end":{"line":171,"column":59}}],"line":171},"25":{"loc":{"start":{"line":187,"column":2},"end":{"line":190,"column":null}},"type":"if","locations":[{"start":{"line":187,"column":2},"end":{"line":190,"column":null}},{"start":{},"end":{}}],"line":187},"26":{"loc":{"start":{"line":189,"column":20},"end":{"line":189,"column":59}},"type":"binary-expr","locations":[{"start":{"line":189,"column":20},"end":{"line":189,"column":36}},{"start":{"line":189,"column":36},"end":{"line":189,"column":59}}],"line":189}},"s":{"0":0,"1":0,"2":0,"3":0,"4":0,"5":0,"6":0,"7":0,"8":0,"9":0,"10":0,"11":0,"12":0,"13":0,"14":0,"15":0,"16":0,"17":0,"18":0,"19":0,"20":0,"21":0,"22":0,"23":0,"24":0,"25":0,"26":0,"27":0,"28":0,"29":0,"30":0,"31":0,"32":0,"33":0,"34":0,"35":0,"36":0,"37":0,"38":0,"39":0},"f":{"0":0,"1":0,"2":0,"3":0,"4":0,"5":0},"b":{"0":[0],"1":[0,0],"2":[0,0],"3":[0,0],"4":[0,0],"5":[0,0],"6":[0,0],"7":[0,0],"8":[0,0],"9":[0,0],"10":[0,0],"11":[0,0],"12":[0,0],"13":[0,0],"14":[0,0],"15":[0,0],"16":[0,0],"17":[0,0],"18":[0,0],"19":[0,0],"20":[0,0],"21":[0,0],"22":[0,0],"23":[0,0],"24":[0,0],"25":[0,0],"26":[0,0]},"meta":{"lastBranch":27,"lastFunction":6,"lastStatement":40,"seen":{"s:3:17:3:Infinity":0,"f:5:22:5:Infinity":0,"b:7:27:7:Infinity":0,"s:10:17:10:Infinity":1,"s:11:17:16:Infinity":2,"f:13:6:13:7":1,"s:13:22:13:Infinity":3,"s:18:19:24:Infinity":4,"b:26:2:29:Infinity:undefined:undefined:undefined:undefined":1,"s:26:2:29:Infinity":5,"s:27:19:27:Infinity":6,"s:28:4:28:Infinity":7,"b:28:20:28:36:28:36:28:62":2,"s:31:15:31:Infinity":8,"s:32:2:32:Infinity":9,"f:35:22:35:Infinity":2,"s:39:18:53:Infinity":10,"b:42:15:42:41:42:41:42:Infinity":3,"b:43:12:43:35:43:35:43:Infinity":4,"b:44:16:44:43:44:43:44:Infinity":5,"b:47:15:47:42:47:42:47:Infinity":6,"b:48:12:48:36:48:36:48:Infinity":7,"b:49:16:49:44:49:44:49:Infinity":8,"b:51:16:51:37:51:37:51:Infinity":9,"s:55:19:61:Infinity":11,"b:63:2:66:Infinity:undefined:undefined:undefined:undefined":10,"s:63:2:66:Infinity":12,"s:64:19:64:Infinity":13,"s:65:4:65:Infinity":14,"b:65:20:65:36:65:36:65:66":11,"s:68:17:68:Infinity":15,"s:69:15:69:Infinity":16,"b:69:15:69:38:69:38:69:Infinity":12,"s:70:2:74:Infinity":17,"f:77:22:77:Infinity":3,"s:93:18:106:Infinity":18,"b:96:15:96:41:96:41:96:Infinity":13,"b:97:12:97:35:97:35:97:Infinity":14,"b:98:14:98:24:98:24:98:Infinity":15,"b:101:15:101:42:101:42:101:Infinity":16,"b:102:12:102:36:102:36:102:Infinity":17,"b:104:16:104:37:104:37:104:Infinity":18,"s:108:19:114:Infinity":19,"b:116:2:119:Infinity:undefined:undefined:undefined:undefined":19,"s:116:2:119:Infinity":20,"s:117:19:117:Infinity":21,"s:118:4:118:Infinity":22,"b:118:20:118:36:118:36:118:65":20,"s:121:17:121:Infinity":23,"s:122:50:122:Infinity":24,"s:125:2:136:Infinity":25,"b:125:50:125:72:125:72:125:74":21,"s:126:15:126:Infinity":26,"s:127:17:127:Infinity":27,"b:127:17:127:29:127:29:127:Infinity":22,"s:128:4:135:Infinity":28,"s:138:2:142:Infinity":29,"f:161:22:161:56":4,"s:162:19:167:Infinity":30,"b:169:2:172:Infinity:undefined:undefined:undefined:undefined":23,"s:169:2:172:Infinity":31,"s:170:19:170:Infinity":32,"s:171:4:171:Infinity":33,"b:171:20:171:36:171:36:171:59":24,"s:174:17:174:Infinity":34,"s:175:2:175:Infinity":35,"f:178:22:178:33":5,"s:179:19:185:Infinity":36,"b:187:2:190:Infinity:undefined:undefined:undefined:undefined":25,"s:187:2:190:Infinity":37,"s:188:19:188:Infinity":38,"s:189:4:189:Infinity":39,"b:189:20:189:36:189:36:189:59":26}}}
,"/home/gdoco/dev/playground/proxy-runner/frontend/src/components/CollapsiblePanel/CollapsiblePanel.tsx": {"path":"/home/gdoco/dev/playground/proxy-runner/frontend/src/components/CollapsiblePanel/CollapsiblePanel.tsx","statementMap":{"0":{"start":{"line":17,"column":34},"end":{"line":17,"column":null}},"1":{"start":{"line":19,"column":21},"end":{"line":19,"column":null}},"2":{"start":{"line":21,"column":2},"end":{"line":32,"column":null}},"3":{"start":{"line":23,"column":52},"end":{"line":23,"column":null}}},"fnMap":{"0":{"name":"CollapsiblePanel","decl":{"start":{"line":11,"column":16},"end":{"line":11,"column":33}},"loc":{"start":{"line":16,"column":26},"end":{"line":34,"column":null}},"line":16},"1":{"name":"(anonymous_1)","decl":{"start":{"line":23,"column":46},"end":{"line":23,"column":52}},"loc":{"start":{"line":23,"column":52},"end":{"line":23,"column":null}},"line":23}},"branchMap":{"0":{"loc":{"start":{"line":14,"column":2},"end":{"line":14,"column":null}},"type":"default-arg","locations":[{"start":{"line":14,"column":20},"end":{"line":14,"column":null}}],"line":14},"1":{"loc":{"start":{"line":19,"column":40},"end":{"line":19,"column":73}},"type":"cond-expr","locations":[{"start":{"line":19,"column":53},"end":{"line":19,"column":71}},{"start":{"line":19,"column":71},"end":{"line":19,"column":73}}],"line":19},"2":{"loc":{"start":{"line":31,"column":7},"end":{"line":31,"column":null}},"type":"binary-expr","locations":[{"start":{"line":31,"column":7},"end":{"line":31,"column":21}},{"start":{"line":31,"column":21},"end":{"line":31,"column":null}}],"line":31}},"s":{"0":0,"1":0,"2":0,"3":0},"f":{"0":0,"1":0},"b":{"0":[0],"1":[0,0],"2":[0,0]},"meta":{"lastBranch":3,"lastFunction":2,"lastStatement":4,"seen":{"f:11:16:11:33":0,"b:14:20:14:Infinity":0,"s:17:34:17:Infinity":0,"s:19:21:19:Infinity":1,"b:19:53:19:71:19:71:19:73":1,"s:21:2:32:Infinity":2,"f:23:46:23:52":1,"s:23:52:23:Infinity":3,"b:31:7:31:21:31:21:31:Infinity":2}}}
,"/home/gdoco/dev/playground/proxy-runner/frontend/src/components/CollapsiblePanel/index.tsx": {"path":"/home/gdoco/dev/playground/proxy-runner/frontend/src/components/CollapsiblePanel/index.tsx","statementMap":{},"fnMap":{},"branchMap":{},"s":{},"f":{},"b":{},"meta":{"lastBranch":0,"lastFunction":0,"lastStatement":0,"seen":{}}}
,"/home/gdoco/dev/playground/proxy-runner/frontend/src/components/ConnectionStatus/ConnectionStatus.tsx": {"path":"/home/gdoco/dev/playground/proxy-runner/frontend/src/components/ConnectionStatus/ConnectionStatus.tsx","statementMap":{"0":{"start":{"line":15,"column":25},"end":{"line":20,"column":null}},"1":{"start":{"line":16,"column":4},"end":{"line":16,"column":null}},"2":{"start":{"line":16,"column":26},"end":{"line":16,"column":null}},"3":{"start":{"line":17,"column":4},"end":{"line":17,"column":null}},"4":{"start":{"line":17,"column":29},"end":{"line":17,"column":null}},"5":{"start":{"line":18,"column":4},"end":{"line":18,"column":null}},"6":{"start":{"line":18,"column":22},"end":{"line":18,"column":null}},"7":{"start":{"line":19,"column":4},"end":{"line":19,"column":null}},"8":{"start":{"line":22,"column":24},"end":{"line":31,"column":null}},"9":{"start":{"line":23,"column":4},"end":{"line":27,"column":null}},"10":{"start":{"line":24,"column":6},"end":{"line":26,"column":null}},"11":{"start":{"line":28,"column":4},"end":{"line":28,"column":null}},"12":{"start":{"line":28,"column":29},"end":{"line":28,"column":null}},"13":{"start":{"line":29,"column":4},"end":{"line":29,"column":null}},"14":{"start":{"line":29,"column":22},"end":{"line":29,"column":null}},"15":{"start":{"line":30,"column":4},"end":{"line":30,"column":null}},"16":{"start":{"line":33,"column":2},"end":{"line":40,"column":null}}},"fnMap":{"0":{"name":"ConnectionStatus","decl":{"start":{"line":14,"column":16},"end":{"line":14,"column":33}},"loc":{"start":{"line":14,"column":68},"end":{"line":42,"column":null}},"line":14},"1":{"name":"(anonymous_1)","decl":{"start":{"line":15,"column":25},"end":{"line":15,"column":39}},"loc":{"start":{"line":15,"column":39},"end":{"line":20,"column":null}},"line":15},"2":{"name":"(anonymous_2)","decl":{"start":{"line":22,"column":24},"end":{"line":22,"column":38}},"loc":{"start":{"line":22,"column":38},"end":{"line":31,"column":null}},"line":22}},"branchMap":{"0":{"loc":{"start":{"line":16,"column":4},"end":{"line":16,"column":null}},"type":"if","locations":[{"start":{"line":16,"column":4},"end":{"line":16,"column":null}},{"start":{},"end":{}}],"line":16},"1":{"loc":{"start":{"line":17,"column":4},"end":{"line":17,"column":null}},"type":"if","locations":[{"start":{"line":17,"column":4},"end":{"line":17,"column":null}},{"start":{},"end":{}}],"line":17},"2":{"loc":{"start":{"line":18,"column":4},"end":{"line":18,"column":null}},"type":"if","locations":[{"start":{"line":18,"column":4},"end":{"line":18,"column":null}},{"start":{},"end":{}}],"line":18},"3":{"loc":{"start":{"line":23,"column":4},"end":{"line":27,"column":null}},"type":"if","locations":[{"start":{"line":23,"column":4},"end":{"line":27,"column":null}},{"start":{},"end":{}}],"line":23},"4":{"loc":{"start":{"line":24,"column":13},"end":{"line":26,"column":null}},"type":"cond-expr","locations":[{"start":{"line":25,"column":10},"end":{"line":25,"column":null}},{"start":{"line":26,"column":10},"end":{"line":26,"column":null}}],"line":24},"5":{"loc":{"start":{"line":28,"column":4},"end":{"line":28,"column":null}},"type":"if","locations":[{"start":{"line":28,"column":4},"end":{"line":28,"column":null}},{"start":{},"end":{}}],"line":28},"6":{"loc":{"start":{"line":29,"column":4},"end":{"line":29,"column":null}},"type":"if","locations":[{"start":{"line":29,"column":4},"end":{"line":29,"column":null}},{"start":{},"end":{}}],"line":29},"7":{"loc":{"start":{"line":37,"column":15},"end":{"line":37,"column":null}},"type":"binary-expr","locations":[{"start":{"line":37,"column":15},"end":{"line":37,"column":31}},{"start":{"line":37,"column":31},"end":{"line":37,"column":null}}],"line":37}},"s":{"0":0,"1":0,"2":0,"3":0,"4":0,"5":0,"6":0,"7":0,"8":0,"9":0,"10":0,"11":0,"12":0,"13":0,"14":0,"15":0,"16":0},"f":{"0":0,"1":0,"2":0},"b":{"0":[0,0],"1":[0,0],"2":[0,0],"3":[0,0],"4":[0,0],"5":[0,0],"6":[0,0],"7":[0,0]},"meta":{"lastBranch":8,"lastFunction":3,"lastStatement":17,"seen":{"f:14:16:14:33":0,"s:15:25:20:Infinity":0,"f:15:25:15:39":1,"b:16:4:16:Infinity:undefined:undefined:undefined:undefined":0,"s:16:4:16:Infinity":1,"s:16:26:16:Infinity":2,"b:17:4:17:Infinity:undefined:undefined:undefined:undefined":1,"s:17:4:17:Infinity":3,"s:17:29:17:Infinity":4,"b:18:4:18:Infinity:undefined:undefined:undefined:undefined":2,"s:18:4:18:Infinity":5,"s:18:22:18:Infinity":6,"s:19:4:19:Infinity":7,"s:22:24:31:Infinity":8,"f:22:24:22:38":2,"b:23:4:27:Infinity:undefined:undefined:undefined:undefined":3,"s:23:4:27:Infinity":9,"s:24:6:26:Infinity":10,"b:25:10:25:Infinity:26:10:26:Infinity":4,"b:28:4:28:Infinity:undefined:undefined:undefined:undefined":5,"s:28:4:28:Infinity":11,"s:28:29:28:Infinity":12,"b:29:4:29:Infinity:undefined:undefined:undefined:undefined":6,"s:29:4:29:Infinity":13,"s:29:22:29:Infinity":14,"s:30:4:30:Infinity":15,"s:33:2:40:Infinity":16,"b:37:15:37:31:37:31:37:Infinity":7}}}
,"/home/gdoco/dev/playground/proxy-runner/frontend/src/components/ConnectionStatus/index.tsx": {"path":"/home/gdoco/dev/playground/proxy-runner/frontend/src/components/ConnectionStatus/index.tsx","statementMap":{},"fnMap":{},"branchMap":{},"s":{},"f":{},"b":{},"meta":{"lastBranch":0,"lastFunction":0,"lastStatement":0,"seen":{}}}
,"/home/gdoco/dev/playground/proxy-runner/frontend/src/components/DictionaryInput/DictionaryInput.tsx": {"path":"/home/gdoco/dev/playground/proxy-runner/frontend/src/components/DictionaryInput/DictionaryInput.tsx","statementMap":{"0":{"start":{"line":30,"column":19},"end":{"line":30,"column":null}},"1":{"start":{"line":31,"column":22},"end":{"line":31,"column":null}},"2":{"start":{"line":31,"column":28},"end":{"line":31,"column":null}},"3":{"start":{"line":41,"column":22},"end":{"line":104,"column":null}},"4":{"start":{"line":43,"column":24},"end":{"line":43,"column":null}},"5":{"start":{"line":44,"column":28},"end":{"line":44,"column":null}},"6":{"start":{"line":45,"column":24},"end":{"line":45,"column":null}},"7":{"start":{"line":48,"column":4},"end":{"line":60,"column":null}},"8":{"start":{"line":49,"column":6},"end":{"line":59,"column":null}},"9":{"start":{"line":50,"column":8},"end":{"line":50,"column":null}},"10":{"start":{"line":52,"column":8},"end":{"line":52,"column":null}},"11":{"start":{"line":53,"column":8},"end":{"line":55,"column":null}},"12":{"start":{"line":54,"column":10},"end":{"line":54,"column":null}},"13":{"start":{"line":56,"column":8},"end":{"line":58,"column":null}},"14":{"start":{"line":57,"column":10},"end":{"line":57,"column":null}},"15":{"start":{"line":63,"column":55},"end":{"line":63,"column":null}},"16":{"start":{"line":64,"column":4},"end":{"line":66,"column":null}},"17":{"start":{"line":65,"column":6},"end":{"line":65,"column":null}},"18":{"start":{"line":69,"column":25},"end":{"line":69,"column":null}},"19":{"start":{"line":72,"column":20},"end":{"line":74,"column":null}},"20":{"start":{"line":73,"column":18},"end":{"line":73,"column":null}},"21":{"start":{"line":75,"column":4},"end":{"line":103,"column":null}},"22":{"start":{"line":77,"column":6},"end":{"line":77,"column":null}},"23":{"start":{"line":79,"column":22},"end":{"line":92,"column":null}},"24":{"start":{"line":79,"column":51},"end":{"line":92,"column":8}},"25":{"start":{"line":94,"column":6},"end":{"line":101,"column":null}},"26":{"start":{"line":95,"column":8},"end":{"line":100,"column":null}},"27":{"start":{"line":102,"column":6},"end":{"line":102,"column":null}},"28":{"start":{"line":107,"column":2},"end":{"line":140,"column":null}},"29":{"start":{"line":108,"column":4},"end":{"line":139,"column":null}},"30":{"start":{"line":109,"column":26},"end":{"line":115,"column":null}},"31":{"start":{"line":111,"column":8},"end":{"line":113,"column":null}},"32":{"start":{"line":112,"column":10},"end":{"line":112,"column":null}},"33":{"start":{"line":114,"column":8},"end":{"line":114,"column":null}},"34":{"start":{"line":118,"column":27},"end":{"line":118,"column":null}},"35":{"start":{"line":118,"column":58},"end":{"line":118,"column":63}},"36":{"start":{"line":119,"column":22},"end":{"line":119,"column":null}},"37":{"start":{"line":119,"column":55},"end":{"line":119,"column":75}},"38":{"start":{"line":121,"column":6},"end":{"line":136,"column":null}},"39":{"start":{"line":122,"column":24},"end":{"line":127,"column":null}},"40":{"start":{"line":122,"column":46},"end":{"line":127,"column":10}},"41":{"start":{"line":130,"column":24},"end":{"line":130,"column":null}},"42":{"start":{"line":131,"column":8},"end":{"line":135,"column":null}},"43":{"start":{"line":132,"column":10},"end":{"line":132,"column":null}},"44":{"start":{"line":134,"column":10},"end":{"line":134,"column":null}},"45":{"start":{"line":138,"column":6},"end":{"line":138,"column":null}},"46":{"start":{"line":142,"column":23},"end":{"line":150,"column":null}},"47":{"start":{"line":143,"column":41},"end":{"line":143,"column":null}},"48":{"start":{"line":144,"column":4},"end":{"line":148,"column":null}},"49":{"start":{"line":145,"column":6},"end":{"line":147,"column":null}},"50":{"start":{"line":146,"column":8},"end":{"line":146,"column":null}},"51":{"start":{"line":149,"column":4},"end":{"line":149,"column":null}},"52":{"start":{"line":152,"column":26},"end":{"line":172,"column":null}},"53":{"start":{"line":153,"column":24},"end":{"line":155,"column":null}},"54":{"start":{"line":154,"column":6},"end":{"line":154,"column":null}},"55":{"start":{"line":158,"column":4},"end":{"line":168,"column":null}},"56":{"start":{"line":159,"column":22},"end":{"line":159,"column":null}},"57":{"start":{"line":160,"column":6},"end":{"line":167,"column":null}},"58":{"start":{"line":161,"column":8},"end":{"line":166,"column":null}},"59":{"start":{"line":170,"column":4},"end":{"line":170,"column":null}},"60":{"start":{"line":171,"column":4},"end":{"line":171,"column":null}},"61":{"start":{"line":174,"column":28},"end":{"line":194,"column":null}},"62":{"start":{"line":175,"column":24},"end":{"line":177,"column":null}},"63":{"start":{"line":176,"column":6},"end":{"line":176,"column":null}},"64":{"start":{"line":180,"column":4},"end":{"line":190,"column":null}},"65":{"start":{"line":181,"column":22},"end":{"line":181,"column":null}},"66":{"start":{"line":182,"column":6},"end":{"line":189,"column":null}},"67":{"start":{"line":183,"column":8},"end":{"line":188,"column":null}},"68":{"start":{"line":192,"column":4},"end":{"line":192,"column":null}},"69":{"start":{"line":193,"column":4},"end":{"line":193,"column":null}},"70":{"start":{"line":196,"column":30},"end":{"line":202,"column":null}},"71":{"start":{"line":197,"column":24},"end":{"line":199,"column":null}},"72":{"start":{"line":198,"column":6},"end":{"line":198,"column":null}},"73":{"start":{"line":200,"column":4},"end":{"line":200,"column":null}},"74":{"start":{"line":201,"column":4},"end":{"line":201,"column":null}},"75":{"start":{"line":204,"column":23},"end":{"line":217,"column":null}},"76":{"start":{"line":205,"column":24},"end":{"line":205,"column":null}},"77":{"start":{"line":205,"column":45},"end":{"line":205,"column":58}},"78":{"start":{"line":207,"column":4},"end":{"line":214,"column":null}},"79":{"start":{"line":208,"column":6},"end":{"line":213,"column":null}},"80":{"start":{"line":215,"column":4},"end":{"line":215,"column":null}},"81":{"start":{"line":216,"column":4},"end":{"line":216,"column":null}},"82":{"start":{"line":219,"column":2},"end":{"line":277,"column":null}},"83":{"start":{"line":228,"column":8},"end":{"line":275,"column":null}},"84":{"start":{"line":236,"column":31},"end":{"line":236,"column":null}},"85":{"start":{"line":244,"column":29},"end":{"line":244,"column":null}},"86":{"start":{"line":254,"column":29},"end":{"line":254,"column":null}},"87":{"start":{"line":263,"column":29},"end":{"line":263,"column":null}}},"fnMap":{"0":{"name":"(anonymous_0)","decl":{"start":{"line":31,"column":22},"end":{"line":31,"column":28}},"loc":{"start":{"line":31,"column":28},"end":{"line":31,"column":null}},"line":31},"1":{"name":"DictionaryInput","decl":{"start":{"line":33,"column":16},"end":{"line":33,"column":32}},"loc":{"start":{"line":40,"column":25},"end":{"line":279,"column":null}},"line":40},"2":{"name":"(anonymous_2)","decl":{"start":{"line":41,"column":42},"end":{"line":41,"column":48}},"loc":{"start":{"line":41,"column":48},"end":{"line":104,"column":3}},"line":41},"3":{"name":"(anonymous_3)","decl":{"start":{"line":48,"column":42},"end":{"line":48,"column":43}},"loc":{"start":{"line":48,"column":58},"end":{"line":60,"column":5}},"line":48},"4":{"name":"(anonymous_4)","decl":{"start":{"line":64,"column":42},"end":{"line":64,"column":43}},"loc":{"start":{"line":64,"column":58},"end":{"line":66,"column":5}},"line":64},"5":{"name":"(anonymous_5)","decl":{"start":{"line":73,"column":6},"end":{"line":73,"column":7}},"loc":{"start":{"line":73,"column":18},"end":{"line":73,"column":null}},"line":73},"6":{"name":"(anonymous_6)","decl":{"start":{"line":79,"column":34},"end":{"line":79,"column":35}},"loc":{"start":{"line":79,"column":51},"end":{"line":92,"column":8}},"line":79},"7":{"name":"(anonymous_7)","decl":{"start":{"line":107,"column":12},"end":{"line":107,"column":18}},"loc":{"start":{"line":107,"column":18},"end":{"line":140,"column":5}},"line":107},"8":{"name":"(anonymous_8)","decl":{"start":{"line":108,"column":12},"end":{"line":108,"column":13}},"loc":{"start":{"line":108,"column":29},"end":{"line":139,"column":5}},"line":108},"9":{"name":"(anonymous_9)","decl":{"start":{"line":109,"column":42},"end":{"line":109,"column":43}},"loc":{"start":{"line":109,"column":51},"end":{"line":115,"column":7}},"line":109},"10":{"name":"(anonymous_10)","decl":{"start":{"line":118,"column":51},"end":{"line":118,"column":52}},"loc":{"start":{"line":118,"column":58},"end":{"line":118,"column":63}},"line":118},"11":{"name":"(anonymous_11)","decl":{"start":{"line":119,"column":48},"end":{"line":119,"column":49}},"loc":{"start":{"line":119,"column":55},"end":{"line":119,"column":75}},"line":119},"12":{"name":"(anonymous_12)","decl":{"start":{"line":122,"column":36},"end":{"line":122,"column":37}},"loc":{"start":{"line":122,"column":46},"end":{"line":127,"column":10}},"line":122},"13":{"name":"(anonymous_13)","decl":{"start":{"line":142,"column":23},"end":{"line":142,"column":24}},"loc":{"start":{"line":142,"column":47},"end":{"line":150,"column":null}},"line":142},"14":{"name":"(anonymous_14)","decl":{"start":{"line":144,"column":24},"end":{"line":144,"column":25}},"loc":{"start":{"line":144,"column":33},"end":{"line":148,"column":5}},"line":144},"15":{"name":"(anonymous_15)","decl":{"start":{"line":152,"column":26},"end":{"line":152,"column":27}},"loc":{"start":{"line":152,"column":58},"end":{"line":172,"column":null}},"line":152},"16":{"name":"(anonymous_16)","decl":{"start":{"line":153,"column":33},"end":{"line":153,"column":34}},"loc":{"start":{"line":154,"column":6},"end":{"line":154,"column":null}},"line":154},"17":{"name":"(anonymous_17)","decl":{"start":{"line":174,"column":28},"end":{"line":174,"column":29}},"loc":{"start":{"line":174,"column":62},"end":{"line":194,"column":null}},"line":174},"18":{"name":"(anonymous_18)","decl":{"start":{"line":175,"column":33},"end":{"line":175,"column":34}},"loc":{"start":{"line":176,"column":6},"end":{"line":176,"column":null}},"line":176},"19":{"name":"(anonymous_19)","decl":{"start":{"line":196,"column":30},"end":{"line":196,"column":31}},"loc":{"start":{"line":196,"column":64},"end":{"line":202,"column":null}},"line":196},"20":{"name":"(anonymous_20)","decl":{"start":{"line":197,"column":33},"end":{"line":197,"column":34}},"loc":{"start":{"line":198,"column":6},"end":{"line":198,"column":null}},"line":198},"21":{"name":"(anonymous_21)","decl":{"start":{"line":204,"column":23},"end":{"line":204,"column":24}},"loc":{"start":{"line":204,"column":39},"end":{"line":217,"column":null}},"line":204},"22":{"name":"(anonymous_22)","decl":{"start":{"line":205,"column":36},"end":{"line":205,"column":37}},"loc":{"start":{"line":205,"column":45},"end":{"line":205,"column":58}},"line":205},"23":{"name":"(anonymous_23)","decl":{"start":{"line":227,"column":16},"end":{"line":227,"column":17}},"loc":{"start":{"line":228,"column":8},"end":{"line":275,"column":null}},"line":228},"24":{"name":"(anonymous_24)","decl":{"start":{"line":236,"column":24},"end":{"line":236,"column":25}},"loc":{"start":{"line":236,"column":31},"end":{"line":236,"column":null}},"line":236},"25":{"name":"(anonymous_25)","decl":{"start":{"line":244,"column":22},"end":{"line":244,"column":23}},"loc":{"start":{"line":244,"column":29},"end":{"line":244,"column":null}},"line":244},"26":{"name":"(anonymous_26)","decl":{"start":{"line":254,"column":22},"end":{"line":254,"column":23}},"loc":{"start":{"line":254,"column":29},"end":{"line":254,"column":null}},"line":254},"27":{"name":"(anonymous_27)","decl":{"start":{"line":263,"column":23},"end":{"line":263,"column":29}},"loc":{"start":{"line":263,"column":29},"end":{"line":263,"column":null}},"line":263}},"branchMap":{"0":{"loc":{"start":{"line":36,"column":2},"end":{"line":36,"column":null}},"type":"default-arg","locations":[{"start":{"line":36,"column":19},"end":{"line":36,"column":null}}],"line":36},"1":{"loc":{"start":{"line":37,"column":2},"end":{"line":37,"column":null}},"type":"default-arg","locations":[{"start":{"line":37,"column":21},"end":{"line":37,"column":null}}],"line":37},"2":{"loc":{"start":{"line":38,"column":2},"end":{"line":38,"column":null}},"type":"default-arg","locations":[{"start":{"line":38,"column":18},"end":{"line":38,"column":null}}],"line":38},"3":{"loc":{"start":{"line":39,"column":2},"end":{"line":39,"column":null}},"type":"default-arg","locations":[{"start":{"line":39,"column":18},"end":{"line":39,"column":null}}],"line":39},"4":{"loc":{"start":{"line":49,"column":6},"end":{"line":59,"column":null}},"type":"if","locations":[{"start":{"line":49,"column":6},"end":{"line":59,"column":null}},{"start":{"line":51,"column":13},"end":{"line":59,"column":null}}],"line":49},"5":{"loc":{"start":{"line":52,"column":29},"end":{"line":52,"column":48}},"type":"binary-expr","locations":[{"start":{"line":52,"column":29},"end":{"line":52,"column":44}},{"start":{"line":52,"column":44},"end":{"line":52,"column":48}}],"line":52},"6":{"loc":{"start":{"line":53,"column":8},"end":{"line":55,"column":null}},"type":"if","locations":[{"start":{"line":53,"column":8},"end":{"line":55,"column":null}},{"start":{},"end":{}}],"line":53},"7":{"loc":{"start":{"line":56,"column":8},"end":{"line":58,"column":null}},"type":"if","locations":[{"start":{"line":56,"column":8},"end":{"line":58,"column":null}},{"start":{},"end":{}}],"line":56},"8":{"loc":{"start":{"line":65,"column":32},"end":{"line":65,"column":null}},"type":"cond-expr","locations":[{"start":{"line":65,"column":58},"end":{"line":65,"column":64}},{"start":{"line":65,"column":64},"end":{"line":65,"column":null}}],"line":65},"9":{"loc":{"start":{"line":73,"column":18},"end":{"line":73,"column":null}},"type":"binary-expr","locations":[{"start":{"line":73,"column":18},"end":{"line":73,"column":37}},{"start":{"line":73,"column":37},"end":{"line":73,"column":null}}],"line":73},"10":{"loc":{"start":{"line":75,"column":4},"end":{"line":103,"column":null}},"type":"if","locations":[{"start":{"line":75,"column":4},"end":{"line":103,"column":null}},{"start":{"line":78,"column":11},"end":{"line":103,"column":null}}],"line":75},"11":{"loc":{"start":{"line":85,"column":17},"end":{"line":87,"column":null}},"type":"cond-expr","locations":[{"start":{"line":86,"column":12},"end":{"line":86,"column":null}},{"start":{"line":87,"column":12},"end":{"line":87,"column":null}}],"line":85},"12":{"loc":{"start":{"line":91,"column":18},"end":{"line":91,"column":null}},"type":"binary-expr","locations":[{"start":{"line":91,"column":18},"end":{"line":91,"column":42}},{"start":{"line":91,"column":42},"end":{"line":91,"column":null}}],"line":91},"13":{"loc":{"start":{"line":94,"column":6},"end":{"line":101,"column":null}},"type":"if","locations":[{"start":{"line":94,"column":6},"end":{"line":101,"column":null}},{"start":{},"end":{}}],"line":94},"14":{"loc":{"start":{"line":111,"column":8},"end":{"line":113,"column":null}},"type":"if","locations":[{"start":{"line":111,"column":8},"end":{"line":113,"column":null}},{"start":{},"end":{}}],"line":111},"15":{"loc":{"start":{"line":111,"column":12},"end":{"line":111,"column":54}},"type":"binary-expr","locations":[{"start":{"line":111,"column":12},"end":{"line":111,"column":23}},{"start":{"line":111,"column":23},"end":{"line":111,"column":54}}],"line":111},"16":{"loc":{"start":{"line":121,"column":6},"end":{"line":136,"column":null}},"type":"if","locations":[{"start":{"line":121,"column":6},"end":{"line":136,"column":null}},{"start":{},"end":{}}],"line":121},"17":{"loc":{"start":{"line":131,"column":8},"end":{"line":135,"column":null}},"type":"if","locations":[{"start":{"line":131,"column":8},"end":{"line":135,"column":null}},{"start":{"line":133,"column":15},"end":{"line":135,"column":null}}],"line":131},"18":{"loc":{"start":{"line":131,"column":12},"end":{"line":131,"column":73}},"type":"binary-expr","locations":[{"start":{"line":131,"column":12},"end":{"line":131,"column":30}},{"start":{"line":131,"column":30},"end":{"line":131,"column":41}},{"start":{"line":131,"column":41},"end":{"line":131,"column":57}},{"start":{"line":131,"column":57},"end":{"line":131,"column":73}}],"line":131},"19":{"loc":{"start":{"line":145,"column":6},"end":{"line":147,"column":null}},"type":"if","locations":[{"start":{"line":145,"column":6},"end":{"line":147,"column":null}},{"start":{},"end":{}}],"line":145},"20":{"loc":{"start":{"line":145,"column":10},"end":{"line":145,"column":41}},"type":"binary-expr","locations":[{"start":{"line":145,"column":10},"end":{"line":145,"column":25}},{"start":{"line":145,"column":25},"end":{"line":145,"column":41}}],"line":145},"21":{"loc":{"start":{"line":154,"column":6},"end":{"line":154,"column":null}},"type":"cond-expr","locations":[{"start":{"line":154,"column":39},"end":{"line":154,"column":65}},{"start":{"line":154,"column":65},"end":{"line":154,"column":null}}],"line":154},"22":{"loc":{"start":{"line":154,"column":6},"end":{"line":154,"column":39}},"type":"binary-expr","locations":[{"start":{"line":154,"column":6},"end":{"line":154,"column":23}},{"start":{"line":154,"column":23},"end":{"line":154,"column":39}}],"line":154},"23":{"loc":{"start":{"line":158,"column":4},"end":{"line":168,"column":null}},"type":"if","locations":[{"start":{"line":158,"column":4},"end":{"line":168,"column":null}},{"start":{},"end":{}}],"line":158},"24":{"loc":{"start":{"line":160,"column":6},"end":{"line":167,"column":null}},"type":"if","locations":[{"start":{"line":160,"column":6},"end":{"line":167,"column":null}},{"start":{},"end":{}}],"line":160},"25":{"loc":{"start":{"line":160,"column":10},"end":{"line":160,"column":72}},"type":"binary-expr","locations":[{"start":{"line":160,"column":10},"end":{"line":160,"column":32}},{"start":{"line":160,"column":32},"end":{"line":160,"column":49}},{"start":{"line":160,"column":49},"end":{"line":160,"column":72}}],"line":160},"26":{"loc":{"start":{"line":176,"column":6},"end":{"line":176,"column":null}},"type":"cond-expr","locations":[{"start":{"line":176,"column":39},"end":{"line":176,"column":69}},{"start":{"line":176,"column":69},"end":{"line":176,"column":null}}],"line":176},"27":{"loc":{"start":{"line":176,"column":6},"end":{"line":176,"column":39}},"type":"binary-expr","locations":[{"start":{"line":176,"column":6},"end":{"line":176,"column":23}},{"start":{"line":176,"column":23},"end":{"line":176,"column":39}}],"line":176},"28":{"loc":{"start":{"line":180,"column":4},"end":{"line":190,"column":null}},"type":"if","locations":[{"start":{"line":180,"column":4},"end":{"line":190,"column":null}},{"start":{},"end":{}}],"line":180},"29":{"loc":{"start":{"line":182,"column":6},"end":{"line":189,"column":null}},"type":"if","locations":[{"start":{"line":182,"column":6},"end":{"line":189,"column":null}},{"start":{},"end":{}}],"line":182},"30":{"loc":{"start":{"line":182,"column":10},"end":{"line":182,"column":72}},"type":"binary-expr","locations":[{"start":{"line":182,"column":10},"end":{"line":182,"column":32}},{"start":{"line":182,"column":32},"end":{"line":182,"column":54}},{"start":{"line":182,"column":54},"end":{"line":182,"column":72}}],"line":182},"31":{"loc":{"start":{"line":198,"column":6},"end":{"line":198,"column":null}},"type":"cond-expr","locations":[{"start":{"line":198,"column":39},"end":{"line":198,"column":61}},{"start":{"line":198,"column":61},"end":{"line":198,"column":null}}],"line":198},"32":{"loc":{"start":{"line":198,"column":6},"end":{"line":198,"column":39}},"type":"binary-expr","locations":[{"start":{"line":198,"column":6},"end":{"line":198,"column":23}},{"start":{"line":198,"column":23},"end":{"line":198,"column":39}}],"line":198},"33":{"loc":{"start":{"line":207,"column":4},"end":{"line":214,"column":null}},"type":"if","locations":[{"start":{"line":207,"column":4},"end":{"line":214,"column":null}},{"start":{},"end":{}}],"line":207},"34":{"loc":{"start":{"line":230,"column":38},"end":{"line":230,"column":90}},"type":"cond-expr","locations":[{"start":{"line":230,"column":70},"end":{"line":230,"column":88}},{"start":{"line":230,"column":88},"end":{"line":230,"column":90}}],"line":230},"35":{"loc":{"start":{"line":230,"column":38},"end":{"line":230,"column":70}},"type":"binary-expr","locations":[{"start":{"line":230,"column":38},"end":{"line":230,"column":55}},{"start":{"line":230,"column":55},"end":{"line":230,"column":70}}],"line":230},"36":{"loc":{"start":{"line":237,"column":24},"end":{"line":237,"column":null}},"type":"binary-expr","locations":[{"start":{"line":237,"column":24},"end":{"line":237,"column":43}},{"start":{"line":237,"column":43},"end":{"line":237,"column":null}}],"line":237},"37":{"loc":{"start":{"line":247,"column":22},"end":{"line":247,"column":null}},"type":"cond-expr","locations":[{"start":{"line":247,"column":37},"end":{"line":247,"column":42}},{"start":{"line":247,"column":42},"end":{"line":247,"column":null}}],"line":247},"38":{"loc":{"start":{"line":248,"column":30},"end":{"line":248,"column":69}},"type":"cond-expr","locations":[{"start":{"line":248,"column":61},"end":{"line":248,"column":67}},{"start":{"line":248,"column":67},"end":{"line":248,"column":69}}],"line":248},"39":{"loc":{"start":{"line":248,"column":30},"end":{"line":248,"column":61}},"type":"binary-expr","locations":[{"start":{"line":248,"column":30},"end":{"line":248,"column":46}},{"start":{"line":248,"column":46},"end":{"line":248,"column":61}}],"line":248},"40":{"loc":{"start":{"line":255,"column":25},"end":{"line":255,"column":null}},"type":"binary-expr","locations":[{"start":{"line":255,"column":25},"end":{"line":255,"column":44}},{"start":{"line":255,"column":44},"end":{"line":255,"column":null}}],"line":255},"41":{"loc":{"start":{"line":257,"column":22},"end":{"line":257,"column":null}},"type":"cond-expr","locations":[{"start":{"line":257,"column":37},"end":{"line":257,"column":42}},{"start":{"line":257,"column":42},"end":{"line":257,"column":null}}],"line":257},"42":{"loc":{"start":{"line":258,"column":30},"end":{"line":258,"column":69}},"type":"cond-expr","locations":[{"start":{"line":258,"column":61},"end":{"line":258,"column":67}},{"start":{"line":258,"column":67},"end":{"line":258,"column":69}}],"line":258},"43":{"loc":{"start":{"line":258,"column":30},"end":{"line":258,"column":61}},"type":"binary-expr","locations":[{"start":{"line":258,"column":30},"end":{"line":258,"column":46}},{"start":{"line":258,"column":46},"end":{"line":258,"column":61}}],"line":258},"44":{"loc":{"start":{"line":260,"column":11},"end":{"line":273,"column":null}},"type":"binary-expr","locations":[{"start":{"line":260,"column":11},"end":{"line":260,"column":29}},{"start":{"line":260,"column":29},"end":{"line":260,"column":null}},{"start":{"line":261,"column":12},"end":{"line":273,"column":null}}],"line":260},"45":{"loc":{"start":{"line":265,"column":16},"end":{"line":268,"column":null}},"type":"binary-expr","locations":[{"start":{"line":265,"column":16},"end":{"line":265,"column":null}},{"start":{"line":266,"column":17},"end":{"line":266,"column":null}},{"start":{"line":267,"column":18},"end":{"line":267,"column":null}},{"start":{"line":268,"column":18},"end":{"line":268,"column":null}}],"line":265}},"s":{"0":0,"1":0,"2":0,"3":0,"4":0,"5":0,"6":0,"7":0,"8":0,"9":0,"10":0,"11":0,"12":0,"13":0,"14":0,"15":0,"16":0,"17":0,"18":0,"19":0,"20":0,"21":0,"22":0,"23":0,"24":0,"25":0,"26":0,"27":0,"28":0,"29":0,"30":0,"31":0,"32":0,"33":0,"34":0,"35":0,"36":0,"37":0,"38":0,"39":0,"40":0,"41":0,"42":0,"43":0,"44":0,"45":0,"46":0,"47":0,"48":0,"49":0,"50":0,"51":0,"52":0,"53":0,"54":0,"55":0,"56":0,"57":0,"58":0,"59":0,"60":0,"61":0,"62":0,"63":0,"64":0,"65":0,"66":0,"67":0,"68":0,"69":0,"70":0,"71":0,"72":0,"73":0,"74":0,"75":0,"76":0,"77":0,"78":0,"79":0,"80":0,"81":0,"82":0,"83":0,"84":0,"85":0,"86":0,"87":0},"f":{"0":0,"1":0,"2":0,"3":0,"4":0,"5":0,"6":0,"7":0,"8":0,"9":0,"10":0,"11":0,"12":0,"13":0,"14":0,"15":0,"16":0,"17":0,"18":0,"19":0,"20":0,"21":0,"22":0,"23":0,"24":0,"25":0,"26":0,"27":0},"b":{"0":[0],"1":[0],"2":[0],"3":[0],"4":[0,0],"5":[0,0],"6":[0,0],"7":[0,0],"8":[0,0],"9":[0,0],"10":[0,0],"11":[0,0],"12":[0,0],"13":[0,0],"14":[0,0],"15":[0,0],"16":[0,0],"17":[0,0],"18":[0,0,0,0],"19":[0,0],"20":[0,0],"21":[0,0],"22":[0,0],"23":[0,0],"24":[0,0],"25":[0,0,0],"26":[0,0],"27":[0,0],"28":[0,0],"29":[0,0],"30":[0,0,0],"31":[0,0],"32":[0,0],"33":[0,0],"34":[0,0],"35":[0,0],"36":[0,0],"37":[0,0],"38":[0,0],"39":[0,0],"40":[0,0],"41":[0,0],"42":[0,0],"43":[0,0],"44":[0,0,0],"45":[0,0,0,0]},"meta":{"lastBranch":46,"lastFunction":28,"lastStatement":88,"seen":{"s:30:19:30:Infinity":0,"s:31:22:31:Infinity":1,"f:31:22:31:28":0,"s:31:28:31:Infinity":2,"f:33:16:33:32":1,"b:36:19:36:Infinity":0,"b:37:21:37:Infinity":1,"b:38:18:38:Infinity":2,"b:39:18:39:Infinity":3,"s:41:22:104:Infinity":3,"f:41:42:41:48":2,"s:43:24:43:Infinity":4,"s:44:28:44:Infinity":5,"s:45:24:45:Infinity":6,"s:48:4:60:Infinity":7,"f:48:42:48:43":3,"b:49:6:59:Infinity:51:13:59:Infinity":4,"s:49:6:59:Infinity":8,"s:50:8:50:Infinity":9,"s:52:8:52:Infinity":10,"b:52:29:52:44:52:44:52:48":5,"b:53:8:55:Infinity:undefined:undefined:undefined:undefined":6,"s:53:8:55:Infinity":11,"s:54:10:54:Infinity":12,"b:56:8:58:Infinity:undefined:undefined:undefined:undefined":7,"s:56:8:58:Infinity":13,"s:57:10:57:Infinity":14,"s:63:55:63:Infinity":15,"s:64:4:66:Infinity":16,"f:64:42:64:43":4,"s:65:6:65:Infinity":17,"b:65:58:65:64:65:64:65:Infinity":8,"s:69:25:69:Infinity":18,"s:72:20:74:Infinity":19,"f:73:6:73:7":5,"s:73:18:73:Infinity":20,"b:73:18:73:37:73:37:73:Infinity":9,"b:75:4:103:Infinity:78:11:103:Infinity":10,"s:75:4:103:Infinity":21,"s:77:6:77:Infinity":22,"s:79:22:92:Infinity":23,"f:79:34:79:35":6,"s:79:51:92:8":24,"b:86:12:86:Infinity:87:12:87:Infinity":11,"b:91:18:91:42:91:42:91:Infinity":12,"b:94:6:101:Infinity:undefined:undefined:undefined:undefined":13,"s:94:6:101:Infinity":25,"s:95:8:100:Infinity":26,"s:102:6:102:Infinity":27,"s:107:2:140:Infinity":28,"f:107:12:107:18":7,"s:108:4:139:Infinity":29,"f:108:12:108:13":8,"s:109:26:115:Infinity":30,"f:109:42:109:43":9,"b:111:8:113:Infinity:undefined:undefined:undefined:undefined":14,"s:111:8:113:Infinity":31,"b:111:12:111:23:111:23:111:54":15,"s:112:10:112:Infinity":32,"s:114:8:114:Infinity":33,"s:118:27:118:Infinity":34,"f:118:51:118:52":10,"s:118:58:118:63":35,"s:119:22:119:Infinity":36,"f:119:48:119:49":11,"s:119:55:119:75":37,"b:121:6:136:Infinity:undefined:undefined:undefined:undefined":16,"s:121:6:136:Infinity":38,"s:122:24:127:Infinity":39,"f:122:36:122:37":12,"s:122:46:127:10":40,"s:130:24:130:Infinity":41,"b:131:8:135:Infinity:133:15:135:Infinity":17,"s:131:8:135:Infinity":42,"b:131:12:131:30:131:30:131:41:131:41:131:57:131:57:131:73":18,"s:132:10:132:Infinity":43,"s:134:10:134:Infinity":44,"s:138:6:138:Infinity":45,"s:142:23:150:Infinity":46,"f:142:23:142:24":13,"s:143:41:143:Infinity":47,"s:144:4:148:Infinity":48,"f:144:24:144:25":14,"b:145:6:147:Infinity:undefined:undefined:undefined:undefined":19,"s:145:6:147:Infinity":49,"b:145:10:145:25:145:25:145:41":20,"s:146:8:146:Infinity":50,"s:149:4:149:Infinity":51,"s:152:26:172:Infinity":52,"f:152:26:152:27":15,"s:153:24:155:Infinity":53,"f:153:33:153:34":16,"s:154:6:154:Infinity":54,"b:154:39:154:65:154:65:154:Infinity":21,"b:154:6:154:23:154:23:154:39":22,"b:158:4:168:Infinity:undefined:undefined:undefined:undefined":23,"s:158:4:168:Infinity":55,"s:159:22:159:Infinity":56,"b:160:6:167:Infinity:undefined:undefined:undefined:undefined":24,"s:160:6:167:Infinity":57,"b:160:10:160:32:160:32:160:49:160:49:160:72":25,"s:161:8:166:Infinity":58,"s:170:4:170:Infinity":59,"s:171:4:171:Infinity":60,"s:174:28:194:Infinity":61,"f:174:28:174:29":17,"s:175:24:177:Infinity":62,"f:175:33:175:34":18,"s:176:6:176:Infinity":63,"b:176:39:176:69:176:69:176:Infinity":26,"b:176:6:176:23:176:23:176:39":27,"b:180:4:190:Infinity:undefined:undefined:undefined:undefined":28,"s:180:4:190:Infinity":64,"s:181:22:181:Infinity":65,"b:182:6:189:Infinity:undefined:undefined:undefined:undefined":29,"s:182:6:189:Infinity":66,"b:182:10:182:32:182:32:182:54:182:54:182:72":30,"s:183:8:188:Infinity":67,"s:192:4:192:Infinity":68,"s:193:4:193:Infinity":69,"s:196:30:202:Infinity":70,"f:196:30:196:31":19,"s:197:24:199:Infinity":71,"f:197:33:197:34":20,"s:198:6:198:Infinity":72,"b:198:39:198:61:198:61:198:Infinity":31,"b:198:6:198:23:198:23:198:39":32,"s:200:4:200:Infinity":73,"s:201:4:201:Infinity":74,"s:204:23:217:Infinity":75,"f:204:23:204:24":21,"s:205:24:205:Infinity":76,"f:205:36:205:37":22,"s:205:45:205:58":77,"b:207:4:214:Infinity:undefined:undefined:undefined:undefined":33,"s:207:4:214:Infinity":78,"s:208:6:213:Infinity":79,"s:215:4:215:Infinity":80,"s:216:4:216:Infinity":81,"s:219:2:277:Infinity":82,"f:227:16:227:17":23,"s:228:8:275:Infinity":83,"b:230:70:230:88:230:88:230:90":34,"b:230:38:230:55:230:55:230:70":35,"f:236:24:236:25":24,"s:236:31:236:Infinity":84,"b:237:24:237:43:237:43:237:Infinity":36,"f:244:22:244:23":25,"s:244:29:244:Infinity":85,"b:247:37:247:42:247:42:247:Infinity":37,"b:248:61:248:67:248:67:248:69":38,"b:248:30:248:46:248:46:248:61":39,"f:254:22:254:23":26,"s:254:29:254:Infinity":86,"b:255:25:255:44:255:44:255:Infinity":40,"b:257:37:257:42:257:42:257:Infinity":41,"b:258:61:258:67:258:67:258:69":42,"b:258:30:258:46:258:46:258:61":43,"b:260:11:260:29:260:29:260:Infinity:261:12:273:Infinity":44,"f:263:23:263:29":27,"s:263:29:263:Infinity":87,"b:265:16:265:Infinity:266:17:266:Infinity:267:18:267:Infinity:268:18:268:Infinity":45}}}
,"/home/gdoco/dev/playground/proxy-runner/frontend/src/components/DictionaryInput/index.tsx": {"path":"/home/gdoco/dev/playground/proxy-runner/frontend/src/components/DictionaryInput/index.tsx","statementMap":{},"fnMap":{},"branchMap":{},"s":{},"f":{},"b":{},"meta":{"lastBranch":0,"lastFunction":0,"lastStatement":0,"seen":{}}}
,"/home/gdoco/dev/playground/proxy-runner/frontend/src/components/HeadersEditor/HeadersEditor.tsx": {"path":"/home/gdoco/dev/playground/proxy-runner/frontend/src/components/HeadersEditor/HeadersEditor.tsx","statementMap":{"0":{"start":{"line":22,"column":2},"end":{"line":32,"column":null}}},"fnMap":{"0":{"name":"HeadersEditor","decl":{"start":{"line":16,"column":16},"end":{"line":16,"column":30}},"loc":{"start":{"line":21,"column":23},"end":{"line":34,"column":null}},"line":21}},"branchMap":{},"s":{"0":0},"f":{"0":0},"b":{},"meta":{"lastBranch":0,"lastFunction":1,"lastStatement":1,"seen":{"f:16:16:16:30":0,"s:22:2:32:Infinity":0}}}
,"/home/gdoco/dev/playground/proxy-runner/frontend/src/components/HeadersEditor/index.tsx": {"path":"/home/gdoco/dev/playground/proxy-runner/frontend/src/components/HeadersEditor/index.tsx","statementMap":{},"fnMap":{},"branchMap":{},"s":{},"f":{},"b":{},"meta":{"lastBranch":0,"lastFunction":0,"lastStatement":0,"seen":{}}}
,"/home/gdoco/dev/playground/proxy-runner/frontend/src/components/HookStagesPanel/HookStagesPanel.tsx": {"path":"/home/gdoco/dev/playground/proxy-runner/frontend/src/components/HookStagesPanel/HookStagesPanel.tsx","statementMap":{"0":{"start":{"line":14,"column":14},"end":{"line":19,"column":null}},"1":{"start":{"line":29,"column":34},"end":{"line":29,"column":null}},"2":{"start":{"line":30,"column":40},"end":{"line":30,"column":null}},"3":{"start":{"line":32,"column":31},"end":{"line":34,"column":null}},"4":{"start":{"line":33,"column":4},"end":{"line":33,"column":null}},"5":{"start":{"line":39,"column":24},"end":{"line":45,"column":null}},"6":{"start":{"line":41,"column":6},"end":{"line":43,"column":null}},"7":{"start":{"line":42,"column":19},"end":{"line":42,"column":null}},"8":{"start":{"line":44,"column":4},"end":{"line":44,"column":null}},"9":{"start":{"line":50,"column":26},"end":{"line":63,"column":null}},"10":{"start":{"line":54,"column":4},"end":{"line":61,"column":null}},"11":{"start":{"line":55,"column":6},"end":{"line":60,"column":null}},"12":{"start":{"line":56,"column":8},"end":{"line":56,"column":null}},"13":{"start":{"line":59,"column":8},"end":{"line":59,"column":null}},"14":{"start":{"line":62,"column":4},"end":{"line":62,"column":null}},"15":{"start":{"line":65,"column":27},"end":{"line":131,"column":null}},"16":{"start":{"line":66,"column":19},"end":{"line":66,"column":null}},"17":{"start":{"line":69,"column":4},"end":{"line":102,"column":null}},"18":{"start":{"line":70,"column":6},"end":{"line":101,"column":null}},"19":{"start":{"line":72,"column":10},"end":{"line":76,"column":null}},"20":{"start":{"line":78,"column":10},"end":{"line":83,"column":null}},"21":{"start":{"line":85,"column":10},"end":{"line":90,"column":null}},"22":{"start":{"line":92,"column":10},"end":{"line":98,"column":null}},"23":{"start":{"line":100,"column":10},"end":{"line":100,"column":null}},"24":{"start":{"line":105,"column":4},"end":{"line":130,"column":null}},"25":{"start":{"line":107,"column":8},"end":{"line":110,"column":null}},"26":{"start":{"line":112,"column":8},"end":{"line":116,"column":null}},"27":{"start":{"line":118,"column":8},"end":{"line":121,"column":null}},"28":{"start":{"line":123,"column":8},"end":{"line":127,"column":null}},"29":{"start":{"line":129,"column":8},"end":{"line":129,"column":null}},"30":{"start":{"line":133,"column":23},"end":{"line":185,"column":null}},"31":{"start":{"line":134,"column":19},"end":{"line":134,"column":null}},"32":{"start":{"line":135,"column":19},"end":{"line":135,"column":null}},"33":{"start":{"line":137,"column":4},"end":{"line":183,"column":null}},"34":{"start":{"line":187,"column":24},"end":{"line":279,"column":null}},"35":{"start":{"line":188,"column":19},"end":{"line":188,"column":null}},"36":{"start":{"line":190,"column":4},"end":{"line":196,"column":null}},"37":{"start":{"line":191,"column":6},"end":{"line":194,"column":null}},"38":{"start":{"line":198,"column":20},"end":{"line":198,"column":null}},"39":{"start":{"line":199,"column":19},"end":{"line":199,"column":null}},"40":{"start":{"line":201,"column":4},"end":{"line":277,"column":null}},"41":{"start":{"line":285,"column":21},"end":{"line":287,"column":null}},"42":{"start":{"line":286,"column":4},"end":{"line":286,"column":null}},"43":{"start":{"line":286,"column":32},"end":{"line":286,"column":53}},"44":{"start":{"line":292,"column":26},"end":{"line":295,"column":null}},"45":{"start":{"line":293,"column":19},"end":{"line":293,"column":null}},"46":{"start":{"line":294,"column":4},"end":{"line":294,"column":null}},"47":{"start":{"line":297,"column":21},"end":{"line":364,"column":null}},"48":{"start":{"line":298,"column":19},"end":{"line":298,"column":null}},"49":{"start":{"line":300,"column":4},"end":{"line":306,"column":null}},"50":{"start":{"line":301,"column":6},"end":{"line":304,"column":null}},"51":{"start":{"line":310,"column":6},"end":{"line":312,"column":null}},"52":{"start":{"line":314,"column":22},"end":{"line":314,"column":null}},"53":{"start":{"line":315,"column":26},"end":{"line":315,"column":null}},"54":{"start":{"line":317,"column":4},"end":{"line":362,"column":null}},"55":{"start":{"line":343,"column":18},"end":{"line":348,"column":null}},"56":{"start":{"line":366,"column":2},"end":{"line":422,"column":null}},"57":{"start":{"line":372,"column":14},"end":{"line":378,"column":null}},"58":{"start":{"line":375,"column":31},"end":{"line":375,"column":null}},"59":{"start":{"line":398,"column":27},"end":{"line":398,"column":null}},"60":{"start":{"line":404,"column":27},"end":{"line":404,"column":null}},"61":{"start":{"line":410,"column":27},"end":{"line":410,"column":null}}},"fnMap":{"0":{"name":"HookStagesPanel","decl":{"start":{"line":23,"column":16},"end":{"line":23,"column":32}},"loc":{"start":{"line":28,"column":25},"end":{"line":424,"column":null}},"line":28},"1":{"name":"(anonymous_1)","decl":{"start":{"line":32,"column":31},"end":{"line":32,"column":32}},"loc":{"start":{"line":32,"column":70},"end":{"line":34,"column":null}},"line":32},"2":{"name":"(anonymous_2)","decl":{"start":{"line":39,"column":24},"end":{"line":39,"column":25}},"loc":{"start":{"line":39,"column":70},"end":{"line":45,"column":null}},"line":39},"3":{"name":"(anonymous_3)","decl":{"start":{"line":42,"column":8},"end":{"line":42,"column":9}},"loc":{"start":{"line":42,"column":19},"end":{"line":42,"column":null}},"line":42},"4":{"name":"(anonymous_4)","decl":{"start":{"line":50,"column":26},"end":{"line":50,"column":null}},"loc":{"start":{"line":53,"column":16},"end":{"line":63,"column":null}},"line":53},"5":{"name":"(anonymous_5)","decl":{"start":{"line":65,"column":27},"end":{"line":65,"column":28}},"loc":{"start":{"line":65,"column":45},"end":{"line":131,"column":null}},"line":65},"6":{"name":"(anonymous_6)","decl":{"start":{"line":133,"column":23},"end":{"line":133,"column":24}},"loc":{"start":{"line":133,"column":41},"end":{"line":185,"column":null}},"line":133},"7":{"name":"(anonymous_7)","decl":{"start":{"line":187,"column":24},"end":{"line":187,"column":25}},"loc":{"start":{"line":187,"column":42},"end":{"line":279,"column":null}},"line":187},"8":{"name":"(anonymous_8)","decl":{"start":{"line":285,"column":21},"end":{"line":285,"column":22}},"loc":{"start":{"line":285,"column":73},"end":{"line":287,"column":null}},"line":285},"9":{"name":"(anonymous_9)","decl":{"start":{"line":286,"column":23},"end":{"line":286,"column":24}},"loc":{"start":{"line":286,"column":32},"end":{"line":286,"column":53}},"line":286},"10":{"name":"(anonymous_10)","decl":{"start":{"line":292,"column":26},"end":{"line":292,"column":27}},"loc":{"start":{"line":292,"column":53},"end":{"line":295,"column":null}},"line":292},"11":{"name":"(anonymous_11)","decl":{"start":{"line":297,"column":21},"end":{"line":297,"column":22}},"loc":{"start":{"line":297,"column":39},"end":{"line":364,"column":null}},"line":297},"12":{"name":"(anonymous_12)","decl":{"start":{"line":342,"column":33},"end":{"line":342,"column":34}},"loc":{"start":{"line":343,"column":18},"end":{"line":348,"column":null}},"line":343},"13":{"name":"(anonymous_13)","decl":{"start":{"line":371,"column":23},"end":{"line":371,"column":24}},"loc":{"start":{"line":372,"column":14},"end":{"line":378,"column":null}},"line":372},"14":{"name":"(anonymous_14)","decl":{"start":{"line":375,"column":25},"end":{"line":375,"column":31}},"loc":{"start":{"line":375,"column":31},"end":{"line":375,"column":null}},"line":375},"15":{"name":"(anonymous_15)","decl":{"start":{"line":398,"column":21},"end":{"line":398,"column":27}},"loc":{"start":{"line":398,"column":27},"end":{"line":398,"column":null}},"line":398},"16":{"name":"(anonymous_16)","decl":{"start":{"line":404,"column":21},"end":{"line":404,"column":27}},"loc":{"start":{"line":404,"column":27},"end":{"line":404,"column":null}},"line":404},"17":{"name":"(anonymous_17)","decl":{"start":{"line":410,"column":21},"end":{"line":410,"column":27}},"loc":{"start":{"line":410,"column":27},"end":{"line":410,"column":null}},"line":410}},"branchMap":{"0":{"loc":{"start":{"line":41,"column":6},"end":{"line":43,"column":null}},"type":"binary-expr","locations":[{"start":{"line":41,"column":6},"end":{"line":43,"column":16}},{"start":{"line":43,"column":16},"end":{"line":43,"column":null}}],"line":41},"1":{"loc":{"start":{"line":54,"column":4},"end":{"line":61,"column":null}},"type":"if","locations":[{"start":{"line":54,"column":4},"end":{"line":61,"column":null}},{"start":{},"end":{}}],"line":54},"2":{"loc":{"start":{"line":69,"column":4},"end":{"line":102,"column":null}},"type":"if","locations":[{"start":{"line":69,"column":4},"end":{"line":102,"column":null}},{"start":{},"end":{}}],"line":69},"3":{"loc":{"start":{"line":70,"column":6},"end":{"line":101,"column":null}},"type":"switch","locations":[{"start":{"line":71,"column":8},"end":{"line":76,"column":null}},{"start":{"line":77,"column":8},"end":{"line":83,"column":null}},{"start":{"line":84,"column":8},"end":{"line":90,"column":null}},{"start":{"line":91,"column":8},"end":{"line":98,"column":null}},{"start":{"line":99,"column":8},"end":{"line":100,"column":null}}],"line":70},"4":{"loc":{"start":{"line":105,"column":4},"end":{"line":130,"column":null}},"type":"switch","locations":[{"start":{"line":106,"column":6},"end":{"line":110,"column":null}},{"start":{"line":111,"column":6},"end":{"line":116,"column":null}},{"start":{"line":117,"column":6},"end":{"line":121,"column":null}},{"start":{"line":122,"column":6},"end":{"line":127,"column":null}},{"start":{"line":128,"column":6},"end":{"line":129,"column":null}}],"line":105},"5":{"loc":{"start":{"line":108,"column":19},"end":{"line":108,"column":null}},"type":"binary-expr","locations":[{"start":{"line":108,"column":19},"end":{"line":108,"column":47}},{"start":{"line":108,"column":47},"end":{"line":108,"column":null}}],"line":108},"6":{"loc":{"start":{"line":113,"column":16},"end":{"line":113,"column":null}},"type":"binary-expr","locations":[{"start":{"line":113,"column":16},"end":{"line":113,"column":41}},{"start":{"line":113,"column":41},"end":{"line":113,"column":null}}],"line":113},"7":{"loc":{"start":{"line":114,"column":19},"end":{"line":114,"column":null}},"type":"binary-expr","locations":[{"start":{"line":114,"column":19},"end":{"line":114,"column":47}},{"start":{"line":114,"column":47},"end":{"line":114,"column":null}}],"line":114},"8":{"loc":{"start":{"line":119,"column":19},"end":{"line":119,"column":null}},"type":"binary-expr","locations":[{"start":{"line":119,"column":19},"end":{"line":119,"column":48}},{"start":{"line":119,"column":48},"end":{"line":119,"column":null}}],"line":119},"9":{"loc":{"start":{"line":124,"column":16},"end":{"line":124,"column":null}},"type":"binary-expr","locations":[{"start":{"line":124,"column":16},"end":{"line":124,"column":42}},{"start":{"line":124,"column":42},"end":{"line":124,"column":null}}],"line":124},"10":{"loc":{"start":{"line":125,"column":19},"end":{"line":125,"column":null}},"type":"binary-expr","locations":[{"start":{"line":125,"column":19},"end":{"line":125,"column":48}},{"start":{"line":125,"column":48},"end":{"line":125,"column":null}}],"line":125},"11":{"loc":{"start":{"line":141,"column":9},"end":{"line":147,"column":null}},"type":"binary-expr","locations":[{"start":{"line":141,"column":9},"end":{"line":141,"column":null}},{"start":{"line":142,"column":10},"end":{"line":147,"column":null}}],"line":141},"12":{"loc":{"start":{"line":150,"column":9},"end":{"line":160,"column":null}},"type":"binary-expr","locations":[{"start":{"line":150,"column":9},"end":{"line":150,"column":null}},{"start":{"line":151,"column":10},"end":{"line":160,"column":null}}],"line":150},"13":{"loc":{
[...]
umn":10},"end":{"line":284,"column":null}},"112":{"start":{"line":285,"column":10},"end":{"line":290,"column":null}},"113":{"start":{"line":286,"column":12},"end":{"line":289,"column":null}},"114":{"start":{"line":291,"column":10},"end":{"line":294,"column":null}},"115":{"start":{"line":298,"column":28},"end":{"line":298,"column":null}},"116":{"start":{"line":299,"column":8},"end":{"line":319,"column":null}},"117":{"start":{"line":300,"column":10},"end":{"line":303,"column":null}},"118":{"start":{"line":305,"column":10},"end":{"line":308,"column":null}},"119":{"start":{"line":309,"column":10},"end":{"line":314,"column":null}},"120":{"start":{"line":310,"column":12},"end":{"line":313,"column":null}},"121":{"start":{"line":315,"column":10},"end":{"line":318,"column":null}},"122":{"start":{"line":321,"column":27},"end":{"line":321,"column":null}},"123":{"start":{"line":322,"column":8},"end":{"line":342,"column":null}},"124":{"start":{"line":323,"column":10},"end":{"line":326,"column":null}},"125":{"start":{"line":328,"column":10},"end":{"line":331,"column":null}},"126":{"start":{"line":332,"column":10},"end":{"line":337,"column":null}},"127":{"start":{"line":333,"column":12},"end":{"line":336,"column":null}},"128":{"start":{"line":338,"column":10},"end":{"line":341,"column":null}},"129":{"start":{"line":347,"column":2},"end":{"line":347,"column":null}},"130":{"start":{"line":349,"column":2},"end":{"line":349,"column":null}}},"fnMap":{"0":{"name":"isPlainObject","decl":{"start":{"line":10,"column":16},"end":{"line":10,"column":30}},"loc":{"start":{"line":10,"column":55},"end":{"line":12,"column":null}},"line":10},"1":{"name":"computeJsonDiff","decl":{"start":{"line":18,"column":16},"end":{"line":18,"column":null}},"loc":{"start":{"line":21,"column":21},"end":{"line":42,"column":null}},"line":21},"2":{"name":"computeLineDiff","decl":{"start":{"line":48,"column":9},"end":{"line":48,"column":null}},"loc":{"start":{"line":51,"column":14},"end":{"line":116,"column":null}},"line":51},"3":{"name":"findLCS","decl":{"start":{"line":122,"column":9},"end":{"line":122,"column":17}},"loc":{"start":{"line":122,"column":53},"end":{"line":158,"column":null}},"line":122},"4":{"name":"(anonymous_4)","decl":{"start":{"line":127,"column":9},"end":{"line":127,"column":15}},"loc":{"start":{"line":127,"column":15},"end":{"line":127,"column":35}},"line":127},"5":{"name":"computeObjectDiff","decl":{"start":{"line":164,"column":9},"end":{"line":164,"column":null}},"loc":{"start":{"line":167,"column":14},"end":{"line":350,"column":null}},"line":167},"6":{"name":"(anonymous_6)","decl":{"start":{"line":174,"column":21},"end":{"line":174,"column":22}},"loc":{"start":{"line":174,"column":37},"end":{"line":345,"column":3}},"line":174},"7":{"name":"(anonymous_7)","decl":{"start":{"line":184,"column":24},"end":{"line":184,"column":25}},"loc":{"start":{"line":184,"column":75},"end":{"line":214,"column":null}},"line":184},"8":{"name":"(anonymous_8)","decl":{"start":{"line":197,"column":29},"end":{"line":197,"column":30}},"loc":{"start":{"line":198,"column":14},"end":{"line":198,"column":null}},"line":198},"9":{"name":"(anonymous_9)","decl":{"start":{"line":209,"column":25},"end":{"line":209,"column":26}},"loc":{"start":{"line":210,"column":10},"end":{"line":210,"column":null}},"line":210},"10":{"name":"(anonymous_10)","decl":{"start":{"line":230,"column":44},"end":{"line":230,"column":45}},"loc":{"start":{"line":230,"column":54},"end":{"line":235,"column":9}},"line":230},"11":{"name":"(anonymous_11)","decl":{"start":{"line":255,"column":44},"end":{"line":255,"column":45}},"loc":{"start":{"line":255,"column":54},"end":{"line":260,"column":9}},"line":255},"12":{"name":"(anonymous_12)","decl":{"start":{"line":285,"column":46},"end":{"line":285,"column":47}},"loc":{"start":{"line":285,"column":56},"end":{"line":290,"column":11}},"line":285},"13":{"name":"(anonymous_13)","decl":{"start":{"line":309,"column":43},"end":{"line":309,"column":44}},"loc":{"start":{"line":309,"column":53},"end":{"line":314,"column":11}},"line":309},"14":{"name":"(anonymous_14)","decl":{"start":{"line":332,"column":42},"end":{"line":332,"column":43}},"loc":{"start":{"line":332,"column":52},"end":{"line":337,"column":11}},"line":332}},"branchMap":{"0":{"loc":{"start":{"line":11,"column":9},"end":{"line":11,"column":null}},"type":"binary-expr","locations":[{"start":{"line":11,"column":9},"end":{"line":11,"column":38}},{"start":{"line":11,"column":38},"end":{"line":11,"column":56}},{"start":{"line":11,"column":56},"end":{"line":11,"column":null}}],"line":11},"1":{"loc":{"start":{"line":24,"column":4},"end":{"line":29,"column":null}},"type":"if","locations":[{"start":{"line":24,"column":4},"end":{"line":29,"column":null}},{"start":{},"end":{}}],"line":24},"2":{"loc":{"start":{"line":24,"column":8},"end":{"line":24,"column":55}},"type":"binary-expr","locations":[{"start":{"line":24,"column":8},"end":{"line":24,"column":33}},{"start":{"line":24,"column":33},"end":{"line":24,"column":55}}],"line":24},"3":{"loc":{"start":{"line":61,"column":9},"end":{"line":61,"column":73}},"type":"binary-expr","locations":[{"start":{"line":61,"column":9},"end":{"line":61,"column":43}},{"start":{"line":61,"column":43},"end":{"line":61,"column":73}}],"line":61},"4":{"loc":{"start":{"line":67,"column":4},"end":{"line":112,"column":null}},"type":"if","locations":[{"start":{"line":67,"column":4},"end":{"line":112,"column":null}},{"start":{"line":79,"column":4},"end":{"line":112,"column":null}}],"line":67},"5":{"loc":{"start":{"line":68,"column":6},"end":{"line":70,"column":null}},"type":"binary-expr","locations":[{"start":{"line":68,"column":6},"end":{"line":68,"column":null}},{"start":{"line":69,"column":6},"end":{"line":69,"column":null}},{"start":{"line":70,"column":6},"end":{"line":70,"column":null}}],"line":68},"6":{"loc":{"start":{"line":79,"column":4},"end":{"line":112,"column":null}},"type":"if","locations":[{"start":{"line":79,"column":4},"end":{"line":112,"column":null}},{"start":{"line":87,"column":4},"end":{"line":112,"column":null}}],"line":79},"7":{"loc":{"start":{"line":81,"column":13},"end":{"line":81,"column":71}},"type":"binary-expr","locations":[{"start":{"line":81,"column":13},"end":{"line":81,"column":47}},{"start":{"line":81,"column":47},"end":{"line":81,"column":71}}],"line":81},"8":{"loc":{"start":{"line":87,"column":4},"end":{"line":112,"column":null}},"type":"if","locations":[{"start":{"line":87,"column":4},"end":{"line":112,"column":null}},{"start":{"line":97,"column":9},"end":{"line":112,"column":null}}],"line":87},"9":{"loc":{"start":{"line":89,"column":13},"end":{"line":89,"column":68}},"type":"binary-expr","locations":[{"start":{"line":89,"column":13},"end":{"line":89,"column":45}},{"start":{"line":89,"column":45},"end":{"line":89,"column":68}}],"line":89},"10":{"loc":{"start":{"line":98,"column":6},"end":{"line":104,"column":null}},"type":"if","locations":[{"start":{"line":98,"column":6},"end":{"line":104,"column":null}},{"start":{},"end":{}}],"line":98},"11":{"loc":{"start":{"line":105,"column":6},"end":{"line":111,"column":null}},"type":"if","locations":[{"start":{"line":105,"column":6},"end":{"line":111,"column":null}},{"start":{},"end":{}}],"line":105},"12":{"loc":{"start":{"line":132,"column":6},"end":{"line":136,"column":null}},"type":"if","locations":[{"start":{"line":132,"column":6},"end":{"line":136,"column":null}},{"start":{"line":134,"column":13},"end":{"line":136,"column":null}}],"line":132},"13":{"loc":{"start":{"line":145,"column":9},"end":{"line":145,"column":25}},"type":"binary-expr","locations":[{"start":{"line":145,"column":9},"end":{"line":145,"column":18}},{"start":{"line":145,"column":18},"end":{"line":145,"column":25}}],"line":145},"14":{"loc":{"start":{"line":146,"column":4},"end":{"line":154,"column":null}},"type":"if","locations":[{"start":{"line":146,"column":4},"end":{"line":154,"column":null}},{"start":{"line":150,"column":4},"end":{"line":154,"column":null}}],"line":146},"15":{"loc":{"start":{"line":150,"column":4},"end":{"line":154,"column":null}},"type":"if","locations":[{"start":{"line":150,"column":4},"end":{"line":154,"column":null}},{"start":{"line":152,"column":11},"end":{"line":154,"column":null}}],"line":150},"16":{"loc":{"start":{"line":178,"column":18},"end":{"line":178,"column":null}},"type":"cond-expr","locations":[{"start":{"line":178,"column":27},"end":{"line":178,"column":32}},{"start":{"line":178,"column":32},"end":{"line":178,"column":null}}],"line":178},"17":{"loc":{"start":{"line":184,"column":39},"end":{"line":184,"column":75}},"type":"default-arg","locations":[{"start":{"line":184,"column":56},"end":{"line":184,"column":75}}],"line":184},"18":{"loc":{"start":{"line":185,"column":6},"end":{"line":187,"column":null}},"type":"if","locations":[{"start":{"line":185,"column":6},"end":{"line":187,"column":null}},{"start":{},"end":{}}],"line":185},"19":{"loc":{"start":{"line":188,"column":6},"end":{"line":190,"column":null}},"type":"if","locations":[{"start":{"line":188,"column":6},"end":{"line":190,"column":null}},{"start":{},"end":{}}],"line":188},"20":{"loc":{"start":{"line":191,"column":6},"end":{"line":205,"column":null}},"type":"if","locations":[{"start":{"line":191,"column":6},"end":{"line":205,"column":null}},{"start":{},"end":{}}],"line":191},"21":{"loc":{"start":{"line":193,"column":8},"end":{"line":203,"column":null}},"type":"if","locations":[{"start":{"line":193,"column":8},"end":{"line":203,"column":null}},{"start":{},"end":{}}],"line":193},"22":{"loc":{"start":{"line":193,"column":8},"end":{"line":193,"column":76}},"type":"binary-expr","locations":[{"start":{"line":193,"column":13},"end":{"line":193,"column":36}},{"start":{"line":193,"column":36},"end":{"line":193,"column":60}},{"start":{"line":193,"column":60},"end":{"line":193,"column":76}}],"line":193},"23":{"loc":{"start":{"line":198,"column":14},"end":{"line":198,"column":null}},"type":"cond-expr","locations":[{"start":{"line":198,"column":26},"end":{"line":198,"column":33}},{"start":{"line":198,"column":33},"end":{"line":198,"column":null}}],"line":198},"24":{"loc":{"start":{"line":206,"column":6},"end":{"line":212,"column":null}},"type":"if","locations":[{"start":{"line":206,"column":6},"end":{"line":212,"column":null}},{"start":{},"end":{}}],"line":206},"25":{"loc":{"start":{"line":210,"column":10},"end":{"line":210,"column":null}},"type":"cond-expr","locations":[{"start":{"line":210,"column":22},"end":{"line":210,"column":29}},{"start":{"line":210,"column":29},"end":{"line":210,"column":null}}],"line":210},"26":{"loc":{"start":{"line":216,"column":4},"end":{"line":344,"column":null}},"type":"if","locations":[{"start":{"line":216,"column":4},"end":{"line":344,"column":null}},{"start":{"line":241,"column":4},"end":{"line":344,"column":null}}],"line":216},"27":{"loc":{"start":{"line":216,"column":8},"end":{"line":216,"column":30}},"type":"binary-expr","locations":[{"start":{"line":216,"column":8},"end":{"line":216,"column":21}},{"start":{"line":216,"column":21},"end":{"line":216,"column":30}}],"line":216},"28":{"loc":{"start":{"line":219,"column":6},"end":{"line":240,"column":null}},"type":"if","locations":[{"start":{"line":219,"column":6},"end":{"line":240,"column":null}},{"start":{"line":224,"column":13},"end":{"line":240,"column":null}}],"line":219},"29":{"loc":{"start":{"line":241,"column":4},"end":{"line":344,"column":null}},"type":"if","locations":[{"start":{"line":241,"column":4},"end":{"line":344,"column":null}},{"start":{"line":266,"column":11},"end":{"line":344,"column":null}}],"line":241},"30":{"loc":{"start":{"line":241,"column":15},"end":{"line":241,"column":37}},"type":"binary-expr","locations":[{"start":{"line":241,"column":15},"end":{"line":241,"column":27}},{"start":{"line":241,"column":27},"end":{"line":241,"column":37}}],"line":241},"31":{"loc":{"start":{"line":244,"column":6},"end":{"line":265,"column":null}},"type":"if","locations":[{"start":{"line":244,"column":6},"end":{"line":265,"column":null}},{"start":{"line":249,"column":13},"end":{"line":265,"column":null}}],"line":244},"32":{"loc":{"start":{"line":271,"column":6},"end":{"line":343,"column":null}},"type":"if","locations":[{"start":{"line":271,"column":6},"end":{"line":343,"column":null}},{"start":{"line":296,"column":13},"end":{"line":343,"column":null}}],"line":271},"33":{"loc":{"start":{"line":274,"column":8},"end":{"line":295,"column":null}},"type":"if","locations":[{"start":{"line":274,"column":8},"end":{"line":295,"column":null}},{"start":{"line":279,"column":15},"end":{"line":295,"column":null}}],"line":274},"34":{"loc":{"start":{"line":299,"column":8},"end":{"line":319,"column":null}},"type":"if","locations":[{"start":{"line":299,"column":8},"end":{"line":319,"column":null}},{"start":{"line":304,"column":15},"end":{"line":319,"column":null}}],"line":299},"35":{"loc":{"start":{"line":322,"column":8},"end":{"line":342,"column":null}},"type":"if","locations":[{"start":{"line":322,"column":8},"end":{"line":342,"column":null}},{"start":{"line":327,"column":15},"end":{"line":342,"column":null}}],"line":322}},"s":{"0":0,"1":0,"2":0,"3":0,"4":0,"5":0,"6":0,"7":0,"8":0,"9":0,"10":0,"11":0,"12":0,"13":0,"14":0,"15":0,"16":0,"17":0,"18":0,"19":0,"20":0,"21":0,"22":0,"23":0,"24":0,"25":0,"26":0,"27":0,"28":0,"29":0,"30":0,"31":0,"32":0,"33":0,"34":0,"35":0,"36":0,"37":0,"38":0,"39":0,"40":0,"41":0,"42":0,"43":0,"44":0,"45":0,"46":0,"47":0,"48":0,"49":0,"50":0,"51":0,"52":0,"53":0,"54":0,"55":0,"56":0,"57":0,"58":0,"59":0,"60":0,"61":0,"62":0,"63":0,"64":0,"65":0,"66":0,"67":0,"68":0,"69":0,"70":0,"71":0,"72":0,"73":0,"74":0,"75":0,"76":0,"77":0,"78":0,"79":0,"80":0,"81":0,"82":0,"83":0,"84":0,"85":0,"86":0,"87":0,"88":0,"89":0,"90":0,"91":0,"92":0,"93":0,"94":0,"95":0,"96":0,"97":0,"98":0,"99":0,"100":0,"101":0,"102":0,"103":0,"104":0,"105":0,"106":0,"107":0,"108":0,"109":0,"110":0,"111":0,"112":0,"113":0,"114":0,"115":0,"116":0,"117":0,"118":0,"119":0,"120":0,"121":0,"122":0,"123":0,"124":0,"125":0,"126":0,"127":0,"128":0,"129":0,"130":0},"f":{"0":0,"1":0,"2":0,"3":0,"4":0,"5":0,"6":0,"7":0,"8":0,"9":0,"10":0,"11":0,"12":0,"13":0,"14":0},"b":{"0":[0,0,0],"1":[0,0],"2":[0,0],"3":[0,0],"4":[0,0],"5":[0,0,0],"6":[0,0],"7":[0,0],"8":[0,0],"9":[0,0],"10":[0,0],"11":[0,0],"12":[0,0],"13":[0,0],"14":[0,0],"15":[0,0],"16":[0,0],"17":[0],"18":[0,0],"19":[0,0],"20":[0,0],"21":[0,0],"22":[0,0,0],"23":[0,0],"24":[0,0],"25":[0,0],"26":[0,0],"27":[0,0],"28":[0,0],"29":[0,0],"30":[0,0],"31":[0,0],"32":[0,0],"33":[0,0],"34":[0,0],"35":[0,0]},"meta":{"lastBranch":36,"lastFunction":15,"lastStatement":131,"seen":{"f:10:16:10:30":0,"s:11:2:11:Infinity":0,"b:11:9:11:38:11:38:11:56:11:56:11:Infinity":0,"f:18:16:18:Infinity":1,"s:22:2:41:Infinity":1,"b:24:4:29:Infinity:undefined:undefined:undefined:undefined":1,"s:24:4:29:Infinity":2,"b:24:8:24:33:24:33:24:55":2,"s:25:6:28:Infinity":3,"s:32:22:32:Infinity":4,"s:33:21:33:Infinity":5,"s:35:24:35:Infinity":6,"s:36:23:36:Infinity":7,"s:38:4:38:Infinity":8,"s:40:4:40:Infinity":9,"f:48:9:48:Infinity":2,"s:52:29:52:Infinity":10,"s:55:14:55:Infinity":11,"s:57:18:57:Infinity":12,"s:58:17:58:Infinity":13,"s:59:15:59:Infinity":14,"s:61:2:113:Infinity":15,"b:61:9:61:43:61:43:61:73":3,"s:62:23:62:Infinity":16,"s:63:22:63:Infinity":17,"s:64:20:64:Infinity":18,"b:67:4:112:Infinity:79:4:112:Infinity":4,"s:67:4:112:Infinity":19,"b:68:6:68:Infinity:69:6:69:Infinity:70:6:70:Infinity":5,"s:72:6:75:Infinity":20,"s:76:6:76:Infinity":21,"s:77:6:77:Infinity":22,"s:78:6:78:Infinity":23,"b:79:4:112:Infinity:87:4:112:Infinity":6,"s:79:4:112:Infinity":24,"b:81:13:81:47:81:47:81:71":7,"s:82:6:85:Infinity":25,"s:86:6:86:Infinity":26,"b:87:4:112:Infinity:97:9:112:Infinity":8,"s:87:4:112:Infinity":27,"b:89:13:89:45:89:45:89:68":9,"s:90:6:93:Infinity":28,"s:94:6:94:Infinity":29,"b:98:6:104:Infinity:undefined:undefined:undefined:undefined":10,"s:98:6:104:Infinity":30,"s:99:8:102:Infinity":31,"s:103:8:103:Infinity":32,"b:105:6:111:Infinity:undefined:undefined:undefined:undefined":11,"s:105:6:111:Infinity":33,"s:106:8:109:Infinity":34,"s:110:8:110:Infinity":35,"s:115:2:115:Infinity":36,"f:122:9:122:17":3,"s:123:12:123:Infinity":37,"s:124:12:124:Infinity":38,"s:125:25:127:Infinity":39,"f:127:9:127:15":4,"s:127:15:127:35":40,"s:130:2:138:Infinity":41,"s:130:15:130:18":42,"s:131:4:137:Infinity":43,"s:131:17:131:20":44,"b:132:6:136:Infinity:134:13:136:Infinity":12,"s:132:6:136:Infinity":45,"s:133:8:133:Infinity":46,"s:135:8:135:Infinity":47,"s:141:24:141:Infinity":48,"s:142:10:142:Infinity":49,"s:143:10:143:Infinity":50,"s:145:2:155:Infinity":51,"b:145:9:145:18:145:18:145:25":13,"b:146:4:154:Infinity:150:4:154:Infinity":14,"s:146:4:154:Infinity":52,"s:147:6:147:Infinity":53,"s:148:6:148:Infinity":54,"s:149:6:149:Infinity":55,"b:150:4:154:Infinity:152:11:154:Infinity":15,"s:150:4:154:Infinity":56,"s:151:6:151:Infinity":57,"s:153:6:153:Infinity":58,"s:157:2:157:Infinity":59,"f:164:9:164:Infinity":5,"s:168:29:168:Infinity":60,"s:169:18:169:Infinity":61,"s:170:21:170:Infinity":62,"s:172:2:172:Infinity":63,"s:174:2:345:Infinity":64,"f:174:21:174:22":6,"s:175:21:175:Infinity":65,"s:176:20:176:Infinity":66,"s:177:19:177:Infinity":67,"s:178:18:178:Infinity":68,"b:178:27:178:32:178:32:178:Infinity":16,"s:180:24:180:Infinity":69,"s:181:23:181:Infinity":70,"s:184:24:214:Infinity":71,"f:184:24:184:25":7,"b:184:56:184:75":17,"b:185:6:187:Infinity:undefined:undefined:undefined:undefined":18,"s:185:6:187:Infinity":72,"s:186:8:186:Infinity":73,"b:188:6:190:Infinity:undefined:undefined:undefined:undefined":19,"s:188:6:190:Infinity":74,"s:189:8:189:Infinity":75,"b:191:6:205:Infinity:undefined:undefined:undefined:undefined":20,"s:191:6:205:Infinity":76,"b:193:8:203:Infinity:undefined:undefined:undefined:undefined":21,"s:193:8:203:Infinity":77,"b:193:13:193:36:193:36:193:60:193:60:193:76":22,"s:194:10:202:Infinity":78,"s:195:27:195:Infinity":79,"s:196:26:196:Infinity":80,"s:197:12:199:Infinity":81,"f:197:29:197:30":8,"s:198:14:198:Infinity":82,"b:198:26:198:33:198:33:198:Infinity":23,"s:204:8:204:Infinity":83,"b:206:6:212:Infinity:undefined:undefined:undefined:undefined":24,"s:206:6:212:Infinity":84,"s:208:22:208:Infinity":85,"s:209:8:211:Infinity":86,"f:209:25:209:26":9,"s:210:10:210:Infinity":87,"b:210:22:210:29:210:29:210:Infinity":25,"s:213:6:213:Infinity":88,"b:216:4:344:Infinity:241:4:344:Infinity":26,"s:216:4:344:Infinity":89,"b:216:8:216:21:216:21:216:30":27,"s:218:29:218:Infinity":90,"b:219:6:240:Infinity:224:13:240:Infinity":28,"s:219:6:240:Infinity":91,"s:220:8:223:Infinity":92,"s:226:8:229:Infinity":93,"s:230:8:235:Infinity":94,"f:230:44:230:45":10,"s:231:10:234:Infinity":95,"s:236:8:239:Infinity":96,"b:241:4:344:Infinity:266:11:344:Infinity":29,"s:241:4:344:Infinity":97,"b:241:15:241:27:241:27:241:37":30,"s:243:29:243:Infinity":98,"b:244:6:265:Infinity:249:13:265:Infinity":31,"s:244:6:265:Infinity":99,"s:245:8:248:Infinity":100,"s:251:8:254:Infinity":101,"s:255:8:260:Infinity":102,"f:255:44:255:45":11,"s:256:10:259:Infinity":103,"s:261:8:264:Infinity":104,"s:268:24:268:Infinity":105,"s:269:23:269:Infinity":106,"b:271:6:343:Infinity:296:13:343:Infinity":32,"s:271:6:343:Infinity":107,"s:273:31:273:Infinity":108,"b:274:8:295:Infinity:279:15:295:Infinity":33,"s:274:8:295:Infinity":109,"s:275:10:278:Infinity":110,"s:281:10:284:Infinity":111,"s:285:10:290:Infinity":112,"f:285:46:285:47":12,"s:286:12:289:Infinity":113,"s:291:10:294:Infinity":114,"s:298:28:298:Infinity":115,"b:299:8:319:Infinity:304:15:319:Infinity":34,"s:299:8:319:Infinity":116,"s:300:10:303:Infinity":117,"s:305:10:308:Infinity":118,"s:309:10:314:Infinity":119,"f:309:43:309:44":13,"s:310:12:313:Infinity":120,"s:315:10:318:Infinity":121,"s:321:27:321:Infinity":122,"b:322:8:342:Infinity:327:15:342:Infinity":35,"s:322:8:342:Infinity":123,"s:323:10:326:Infinity":124,"s:328:10:331:Infinity":125,"s:332:10:337:Infinity":126,"f:332:42:332:43":14,"s:333:12:336:Infinity":127,"s:338:10:341:Infinity":128,"s:347:2:347:Infinity":129,"s:349:2:349:Infinity":130}}}
}
