{"/home/gdoco/dev/playground/proxy-runner/server/fastedge-host/Dictionary.ts": {"path":"/home/gdoco/dev/playground/proxy-runner/server/fastedge-host/Dictionary.ts","statementMap":{"0":{"start":{"line":14,"column":4},"end":{"line":14,"column":null}},"1":{"start":{"line":15,"column":4},"end":{"line":19,"column":null}},"2":{"start":{"line":16,"column":6},"end":{"line":18,"column":null}},"3":{"start":{"line":17,"column":8},"end":{"line":17,"column":null}},"4":{"start":{"line":26,"column":4},"end":{"line":26,"column":null}},"5":{"start":{"line":33,"column":4},"end":{"line":33,"column":null}},"6":{"start":{"line":40,"column":4},"end":{"line":40,"column":null}},"7":{"start":{"line":47,"column":4},"end":{"line":47,"column":null}},"8":{"start":{"line":54,"column":43},"end":{"line":54,"column":null}},"9":{"start":{"line":55,"column":4},"end":{"line":57,"column":null}},"10":{"start":{"line":56,"column":6},"end":{"line":56,"column":null}},"11":{"start":{"line":58,"column":4},"end":{"line":58,"column":null}},"12":{"start":{"line":65,"column":4},"end":{"line":65,"column":null}},"13":{"start":{"line":66,"column":4},"end":{"line":68,"column":null}},"14":{"start":{"line":67,"column":6},"end":{"line":67,"column":null}}},"fnMap":{"0":{"name":"(anonymous_0)","decl":{"start":{"line":13,"column":2},"end":{"line":13,"column":14}},"loc":{"start":{"line":13,"column":52},"end":{"line":20,"column":null}},"line":13},"1":{"name":"(anonymous_1)","decl":{"start":{"line":16,"column":42},"end":{"line":16,"column":43}},"loc":{"start":{"line":16,"column":60},"end":{"line":18,"column":7}},"line":16},"2":{"name":"(anonymous_2)","decl":{"start":{"line":25,"column":2},"end":{"line":25,"column":6}},"loc":{"start":{"line":25,"column":34},"end":{"line":27,"column":null}},"line":25},"3":{"name":"(anonymous_3)","decl":{"start":{"line":32,"column":2},"end":{"line":32,"column":6}},"loc":{"start":{"line":32,"column":40},"end":{"line":34,"column":null}},"line":32},"4":{"name":"(anonymous_4)","decl":{"start":{"line":39,"column":2},"end":{"line":39,"column":6}},"loc":{"start":{"line":39,"column":28},"end":{"line":41,"column":null}},"line":39},"5":{"name":"(anonymous_5)","decl":{"start":{"line":46,"column":2},"end":{"line":46,"column":16}},"loc":{"start":{"line":46,"column":16},"end":{"line":48,"column":null}},"line":46},"6":{"name":"(anonymous_6)","decl":{"start":{"line":53,"column":2},"end":{"line":53,"column":35}},"loc":{"start":{"line":53,"column":35},"end":{"line":59,"column":null}},"line":53},"7":{"name":"(anonymous_7)","decl":{"start":{"line":55,"column":22},"end":{"line":55,"column":23}},"loc":{"start":{"line":55,"column":38},"end":{"line":57,"column":5}},"line":55},"8":{"name":"(anonymous_8)","decl":{"start":{"line":64,"column":2},"end":{"line":64,"column":7}},"loc":{"start":{"line":64,"column":45},"end":{"line":69,"column":null}},"line":64},"9":{"name":"(anonymous_9)","decl":{"start":{"line":66,"column":35},"end":{"line":66,"column":36}},"loc":{"start":{"line":66,"column":53},"end":{"line":68,"column":5}},"line":66}},"branchMap":{"0":{"loc":{"start":{"line":15,"column":4},"end":{"line":19,"column":null}},"type":"if","locations":[{"start":{"line":15,"column":4},"end":{"line":19,"column":null}},{"start":{},"end":{}}],"line":15},"1":{"loc":{"start":{"line":26,"column":11},"end":{"line":26,"column":null}},"type":"binary-expr","locations":[{"start":{"line":26,"column":11},"end":{"line":26,"column":33}},{"start":{"line":26,"column":33},"end":{"line":26,"column":null}}],"line":26}},"s":{"0":0,"1":0,"2":0,"3":0,"4":0,"5":0,"6":0,"7":0,"8":0,"9":0,"10":0,"11":0,"12":0,"13":0,"14":0},"f":{"0":0,"1":0,"2":0,"3":0,"4":0,"5":0,"6":0,"7":0,"8":0,"9":0},"b":{"0":[0,0],"1":[0,0]},"meta":{"lastBranch":2,"lastFunction":10,"lastStatement":15,"seen":{"f:13:2:13:14":0,"s:14:4:14:Infinity":0,"b:15:4:19:Infinity:undefined:undefined:undefined:undefined":0,"s:15:4:19:Infinity":1,"s:16:6:18:Infinity":2,"f:16:42:16:43":1,"s:17:8:17:Infinity":3,"f:25:2:25:6":2,"s:26:4:26:Infinity":4,"b:26:11:26:33:26:33:26:Infinity":1,"f:32:2:32:6":3,"s:33:4:33:Infinity":5,"f:39:2:39:6":4,"s:40:4:40:Infinity":6,"f:46:2:46:16":5,"s:47:4:47:Infinity":7,"f:53:2:53:35":6,"s:54:43:54:Infinity":8,"s:55:4:57:Infinity":9,"f:55:22:55:23":7,"s:56:6:56:Infinity":10,"s:58:4:58:Infinity":11,"f:64:2:64:7":8,"s:65:4:65:Infinity":12,"s:66:4:68:Infinity":13,"f:66:35:66:36":9,"s:67:6:67:Infinity":14}}}
,"/home/gdoco/dev/playground/proxy-runner/server/fastedge-host/SecretStore.ts": {"path":"/home/gdoco/dev/playground/proxy-runner/server/fastedge-host/SecretStore.ts","statementMap":{"0":{"start":{"line":13,"column":4},"end":{"line":13,"column":null}},"1":{"start":{"line":14,"column":4},"end":{"line":18,"column":null}},"2":{"start":{"line":15,"column":6},"end":{"line":17,"column":null}},"3":{"start":{"line":16,"column":8},"end":{"line":16,"column":null}},"4":{"start":{"line":26,"column":18},"end":{"line":26,"column":null}},"5":{"start":{"line":27,"column":4},"end":{"line":27,"column":null}},"6":{"start":{"line":27,"column":16},"end":{"line":27,"column":null}},"7":{"start":{"line":30,"column":4},"end":{"line":32,"column":null}},"8":{"start":{"line":31,"column":6},"end":{"line":31,"column":null}},"9":{"start":{"line":35,"column":16},"end":{"line":35,"column":null}},"10":{"start":{"line":36,"column":4},"end":{"line":36,"column":null}},"11":{"start":{"line":44,"column":18},"end":{"line":44,"column":null}},"12":{"start":{"line":45,"column":4},"end":{"line":45,"column":null}},"13":{"start":{"line":45,"column":16},"end":{"line":45,"column":null}},"14":{"start":{"line":48,"column":4},"end":{"line":50,"column":null}},"15":{"start":{"line":49,"column":6},"end":{"line":49,"column":null}},"16":{"start":{"line":54,"column":25},"end":{"line":56,"column":null}},"17":{"start":{"line":55,"column":16},"end":{"line":55,"column":null}},"18":{"start":{"line":58,"column":4},"end":{"line":62,"column":null}},"19":{"start":{"line":59,"column":6},"end":{"line":61,"column":null}},"20":{"start":{"line":60,"column":8},"end":{"line":60,"column":null}},"21":{"start":{"line":65,"column":4},"end":{"line":65,"column":null}},"22":{"start":{"line":72,"column":4},"end":{"line":72,"column":null}},"23":{"start":{"line":79,"column":4},"end":{"line":79,"column":null}},"24":{"start":{"line":86,"column":4},"end":{"line":86,"column":null}},"25":{"start":{"line":93,"column":67},"end":{"line":93,"column":null}},"26":{"start":{"line":94,"column":4},"end":{"line":96,"column":null}},"27":{"start":{"line":95,"column":6},"end":{"line":95,"column":null}},"28":{"start":{"line":97,"column":4},"end":{"line":97,"column":null}},"29":{"start":{"line":104,"column":4},"end":{"line":104,"column":null}},"30":{"start":{"line":105,"column":4},"end":{"line":107,"column":null}},"31":{"start":{"line":106,"column":6},"end":{"line":106,"column":null}}},"fnMap":{"0":{"name":"(anonymous_0)","decl":{"start":{"line":12,"column":2},"end":{"line":12,"column":14}},"loc":{"start":{"line":12,"column":79},"end":{"line":19,"column":null}},"line":12},"1":{"name":"(anonymous_1)","decl":{"start":{"line":15,"column":45},"end":{"line":15,"column":46}},"loc":{"start":{"line":15,"column":63},"end":{"line":17,"column":7}},"line":15},"2":{"name":"(anonymous_2)","decl":{"start":{"line":25,"column":2},"end":{"line":25,"column":6}},"loc":{"start":{"line":25,"column":34},"end":{"line":37,"column":null}},"line":25},"3":{"name":"(anonymous_3)","decl":{"start":{"line":43,"column":2},"end":{"line":43,"column":17}},"loc":{"start":{"line":43,"column":64},"end":{"line":66,"column":null}},"line":43},"4":{"name":"(anonymous_4)","decl":{"start":{"line":55,"column":6},"end":{"line":55,"column":7}},"loc":{"start":{"line":55,"column":16},"end":{"line":55,"column":null}},"line":55},"5":{"name":"(anonymous_5)","decl":{"start":{"line":71,"column":2},"end":{"line":71,"column":6}},"loc":{"start":{"line":71,"column":64},"end":{"line":73,"column":null}},"line":71},"6":{"name":"(anonymous_6)","decl":{"start":{"line":78,"column":2},"end":{"line":78,"column":6}},"loc":{"start":{"line":78,"column":28},"end":{"line":80,"column":null}},"line":78},"7":{"name":"(anonymous_7)","decl":{"start":{"line":85,"column":2},"end":{"line":85,"column":16}},"loc":{"start":{"line":85,"column":16},"end":{"line":87,"column":null}},"line":85},"8":{"name":"(anonymous_8)","decl":{"start":{"line":92,"column":2},"end":{"line":92,"column":59}},"loc":{"start":{"line":92,"column":59},"end":{"line":98,"column":null}},"line":92},"9":{"name":"(anonymous_9)","decl":{"start":{"line":94,"column":25},"end":{"line":94,"column":26}},"loc":{"start":{"line":94,"column":41},"end":{"line":96,"column":5}},"line":94},"10":{"name":"(anonymous_10)","decl":{"start":{"line":103,"column":2},"end":{"line":103,"column":7}},"loc":{"start":{"line":103,"column":70},"end":{"line":108,"column":null}},"line":103},"11":{"name":"(anonymous_11)","decl":{"start":{"line":105,"column":36},"end":{"line":105,"column":37}},"loc":{"start":{"line":105,"column":54},"end":{"line":107,"column":5}},"line":105}},"branchMap":{"0":{"loc":{"start":{"line":14,"column":4},"end":{"line":18,"column":null}},"type":"if","locations":[{"start":{"line":14,"column":4},"end":{"line":18,"column":null}},{"start":{},"end":{}}],"line":14},"1":{"loc":{"start":{"line":27,"column":4},"end":{"line":27,"column":null}},"type":"if","locations":[{"start":{"line":27,"column":4},"end":{"line":27,"column":null}},{"start":{},"end":{}}],"line":27},"2":{"loc":{"start":{"line":30,"column":4},"end":{"line":32,"column":null}},"type":"if","locations":[{"start":{"line":30,"column":4},"end":{"line":32,"column":null}},{"start":{},"end":{}}],"line":30},"3":{"loc":{"start":{"line":45,"column":4},"end":{"line":45,"column":null}},"type":"if","locations":[{"start":{"line":45,"column":4},"end":{"line":45,"column":null}},{"start":{},"end":{}}],"line":45},"4":{"loc":{"start":{"line":48,"column":4},"end":{"line":50,"column":null}},"type":"if","locations":[{"start":{"line":48,"column":4},"end":{"line":50,"column":null}},{"start":{},"end":{}}],"line":48},"5":{"loc":{"start":{"line":59,"column":6},"end":{"line":61,"column":null}},"type":"if","locations":[{"start":{"line":59,"column":6},"end":{"line":61,"column":null}},{"start":{},"end":{}}],"line":59}},"s":{"0":0,"1":0,"2":0,"3":0,"4":0,"5":0,"6":0,"7":0,"8":0,"9":0,"10":0,"11":0,"12":0,"13":0,"14":0,"15":0,"16":0,"17":0,"18":0,"19":0,"20":0,"21":0,"22":0,"23":0,"24":0,"25":0,"26":0,"27":0,"28":0,"29":0,"30":0,"31":0},"f":{"0":0,"1":0,"2":0,"3":0,"4":0,"5":0,"6":0,"7":0,"8":0,"9":0,"10":0,"11":0},"b":{"0":[0,0],"1":[0,0],"2":[0,0],"3":[0,0],"4":[0,0],"5":[0,0]},"meta":{"lastBranch":6,"lastFunction":12,"lastStatement":32,"seen":{"f:12:2:12:14":0,"s:13:4:13:Infinity":0,"b:14:4:18:Infinity:undefined:undefined:undefined:undefined":0,"s:14:4:18:Infinity":1,"s:15:6:17:Infinity":2,"f:15:45:15:46":1,"s:16:8:16:Infinity":3,"f:25:2:25:6":2,"s:26:18:26:Infinity":4,"b:27:4:27:Infinity:undefined:undefined:undefined:undefined":1,"s:27:4:27:Infinity":5,"s:27:16:27:Infinity":6,"b:30:4:32:Infinity:undefined:undefined:undefined:undefined":2,"s:30:4:32:Infinity":7,"s:31:6:31:Infinity":8,"s:35:16:35:Infinity":9,"s:36:4:36:Infinity":10,"f:43:2:43:17":3,"s:44:18:44:Infinity":11,"b:45:4:45:Infinity:undefined:undefined:undefined:undefined":3,"s:45:4:45:Infinity":12,"s:45:16:45:Infinity":13,"b:48:4:50:Infinity:undefined:undefined:undefined:undefined":4,"s:48:4:50:Infinity":14,"s:49:6:49:Infinity":15,"s:54:25:56:Infinity":16,"f:55:6:55:7":4,"s:55:16:55:Infinity":17,"s:58:4:62:Infinity":18,"b:59:6:61:Infinity:undefined:undefined:undefined:undefined":5,"s:59:6:61:Infinity":19,"s:60:8:60:Infinity":20,"s:65:4:65:Infinity":21,"f:71:2:71:6":5,"s:72:4:72:Infinity":22,"f:78:2:78:6":6,"s:79:4:79:Infinity":23,"f:85:2:85:16":7,"s:86:4:86:Infinity":24,"f:92:2:92:59":8,"s:93:67:93:Infinity":25,"s:94:4:96:Infinity":26,"f:94:25:94:26":9,"s:95:6:95:Infinity":27,"s:97:4:97:Infinity":28,"f:103:2:103:7":10,"s:104:4:104:Infinity":29,"s:105:4:107:Infinity":30,"f:105:36:105:37":11,"s:106:6:106:Infinity":31}}}
,"/home/gdoco/dev/playground/proxy-runner/server/fastedge-host/hostFunctions.ts": {"path":"/home/gdoco/dev/playground/proxy-runner/server/fastedge-host/hostFunctions.ts","statementMap":{"0":{"start":{"line":23,"column":2},"end":{"line":178,"column":null}},"1":{"start":{"line":36,"column":6},"end":{"line":63,"column":null}},"2":{"start":{"line":37,"column":8},"end":{"line":39,"column":null}},"3":{"start":{"line":42,"column":20},"end":{"line":42,"column":null}},"4":{"start":{"line":43,"column":8},"end":{"line":43,"column":null}},"5":{"start":{"line":46,"column":22},"end":{"line":46,"column":null}},"6":{"start":{"line":47,"column":8},"end":{"line":50,"column":null}},"7":{"start":{"line":48,"column":10},"end":{"line":48,"column":null}},"8":{"start":{"line":49,"column":10},"end":{"line":49,"column":null}},"9":{"start":{"line":52,"column":8},"end":{"line":52,"column":null}},"10":{"start":{"line":55,"column":8},"end":{"line":55,"column":null}},"11":{"start":{"line":57,"column":8},"end":{"line":57,"column":null}},"12":{"start":{"line":59,"column":8},"end":{"line":61,"column":null}},"13":{"start":{"line":62,"column":8},"end":{"line":62,"column":null}},"14":{"start":{"line":79,"column":6},"end":{"line":110,"column":null}},"15":{"start":{"line":80,"column":8},"end":{"line":82,"column":null}},"16":{"start":{"line":85,"column":20},"end":{"line":85,"column":null}},"17":{"start":{"line":86,"column":8},"end":{"line":86,"column":null}},"18":{"start":{"line":89,"column":22},"end":{"line":89,"column":null}},"19":{"start":{"line":90,"column":8},"end":{"line":95,"column":null}},"20":{"start":{"line":91,"column":10},"end":{"line":93,"column":null}},"21":{"start":{"line":94,"column":10},"end":{"line":94,"column":null}},"22":{"start":{"line":97,"column":8},"end":{"line":99,"column":null}},"23":{"start":{"line":102,"column":8},"end":{"line":102,"column":null}},"24":{"start":{"line":104,"column":8},"end":{"line":104,"column":null}},"25":{"start":{"line":106,"column":8},"end":{"line":108,"column":null}},"26":{"start":{"line":109,"column":8},"end":{"line":109,"column":null}},"27":{"start":{"line":126,"column":6},"end":{"line":126,"column":null}},"28":{"start":{"line":127,"column":6},"end":{"line":132,"column":null}},"29":{"start":{"line":147,"column":6},"end":{"line":176,"column":null}},"30":{"start":{"line":148,"column":8},"end":{"line":150,"column":null}},"31":{"start":{"line":153,"column":20},"end":{"line":153,"column":null}},"32":{"start":{"line":154,"column":8},"end":{"line":154,"column":null}},"33":{"start":{"line":157,"column":22},"end":{"line":157,"column":null}},"34":{"start":{"line":158,"column":8},"end":{"line":161,"column":null}},"35":{"start":{"line":159,"column":10},"end":{"line":159,"column":null}},"36":{"start":{"line":160,"column":10},"end":{"line":160,"column":null}},"37":{"start":{"line":163,"column":8},"end":{"line":165,"column":null}},"38":{"start":{"line":168,"column":8},"end":{"line":168,"column":null}},"39":{"start":{"line":170,"column":8},"end":{"line":170,"column":null}},"40":{"start":{"line":172,"column":8},"end":{"line":174,"column":null}},"41":{"start":{"line":175,"column":8},"end":{"line":175,"column":null}}},"fnMap":{"0":{"name":"createFastEdgeHostFunctions","decl":{"start":{"line":17,"column":16},"end":{"line":17,"column":null}},"loc":{"start":{"line":22,"column":2},"end":{"line":179,"column":null}},"line":22},"1":{"name":"(anonymous_1)","decl":{"start":{"line":30,"column":22},"end":{"line":30,"column":null}},"loc":{"start":{"line":35,"column":17},"end":{"line":64,"column":null}},"line":35},"2":{"name":"(anonymous_2)","decl":{"start":{"line":72,"column":35},"end":{"line":72,"column":null}},"loc":{"start":{"line":78,"column":17},"end":{"line":111,"column":null}},"line":78},"3":{"name":"(anonymous_3)","decl":{"start":{"line":119,"column":22},"end":{"line":119,"column":null}},"loc":{"start":{"line":124,"column":17},"end":{"line":133,"column":null}},"line":124},"4":{"name":"(anonymous_4)","decl":{"start":{"line":141,"column":26},"end":{"line":141,"column":null}},"loc":{"start":{"line":146,"column":17},"end":{"line":177,"column":null}},"line":146}},"branchMap":{"0":{"loc":{"start":{"line":47,"column":8},"end":{"line":50,"column":null}},"type":"if","locations":[{"start":{"line":47,"column":8},"end":{"line":50,"column":null}},{"start":{},"end":{}}],"line":47},"1":{"loc":{"start":{"line":60,"column":37},"end":{"line":60,"column":91}},"type":"cond-expr","locations":[{"start":{"line":60,"column":62},"end":{"line":60,"column":78}},{"start":{"line":60,"column":78},"end":{"line":60,"column":91}}],"line":60},"2":{"loc":{"start":{"line":90,"column":8},"end":{"line":95,"column":null}},"type":"if","locations":[{"start":{"line":90,"column":8},"end":{"line":95,"column":null}},{"start":{},"end":{}}],"line":90},"3":{"loc":{"start":{"line":107,"column":50},"end":{"line":107,"column":104}},"type":"cond-expr","locations":[{"start":{"line":107,"column":75},"end":{"line":107,"column":91}},{"start":{"line":107,"column":91},"end":{"line":107,"column":104}}],"line":107},"4":{"loc":{"start":{"line":158,"column":8},"end":{"line":161,"column":null}},"type":"if","locations":[{"start":{"line":158,"column":8},"end":{"line":161,"column":null}},{"start":{},"end":{}}],"line":158},"5":{"loc":{"start":{"line":173,"column":41},"end":{"line":173,"column":95}},"type":"cond-expr","locations":[{"start":{"line":173,"column":66},"end":{"line":173,"column":82}},{"start":{"line":173,"column":82},"end":{"line":173,"column":95}}],"line":173}},"s":{"0":0,"1":0,"2":0,"3":0,"4":0,"5":0,"6":0,"7":0,"8":0,"9":0,"10":0,"11":0,"12":0,"13":0,"14":0,"15":0,"16":0,"17":0,"18":0,"19":0,"20":0,"21":0,"22":0,"23":0,"24":0,"25":0,"26":0,"27":0,"28":0,"29":0,"30":0,"31":0,"32":0,"33":0,"34":0,"35":0,"36":0,"37":0,"38":0,"39":0,"40":0,"41":0},"f":{"0":0,"1":0,"2":0,"3":0,"4":0},"b":{"0":[0,0],"1":[0,0],"2":[0,0],"3":[0,0],"4":[0,0],"5":[0,0]},"meta":{"lastBranch":6,"lastFunction":5,"lastStatement":42,"seen":{"f:17:16:17:Infinity":0,"s:23:2:178:Infinity":0,"f:30:22:30:Infinity":1,"s:36:6:63:Infinity":1,"s:37:8:39:Infinity":2,"s:42:20:42:Infinity":3,"s:43:8:43:Infinity":4,"s:46:22:46:Infinity":5,"b:47:8:50:Infinity:undefined:undefined:undefined:undefined":0,"s:47:8:50:Infinity":6,"s:48:10:48:Infinity":7,"s:49:10:49:Infinity":8,"s:52:8:52:Infinity":9,"s:55:8:55:Infinity":10,"s:57:8:57:Infinity":11,"s:59:8:61:Infinity":12,"b:60:62:60:78:60:78:60:91":1,"s:62:8:62:Infinity":13,"f:72:35:72:Infinity":2,"s:79:6:110:Infinity":14,"s:80:8:82:Infinity":15,"s:85:20:85:Infinity":16,"s:86:8:86:Infinity":17,"s:89:22:89:Infinity":18,"b:90:8:95:Infinity:undefined:undefined:undefined:undefined":2,"s:90:8:95:Infinity":19,"s:91:10:93:Infinity":20,"s:94:10:94:Infinity":21,"s:97:8:99:Infinity":22,"s:102:8:102:Infinity":23,"s:104:8:104:Infinity":24,"s:106:8:108:Infinity":25,"b:107:75:107:91:107:91:107:104":3,"s:109:8:109:Infinity":26,"f:119:22:119:Infinity":3,"s:126:6:126:Infinity":27,"s:127:6:132:Infinity":28,"f:141:26:141:Infinity":4,"s:147:6:176:Infinity":29,"s:148:8:150:Infinity":30,"s:153:20:153:Infinity":31,"s:154:8:154:Infinity":32,"s:157:22:157:Infinity":33,"b:158:8:161:Infinity:undefined:undefined:undefined:undefined":4,"s:158:8:161:Infinity":34,"s:159:10:159:Infinity":35,"s:160:10:160:Infinity":36,"s:163:8:165:Infinity":37,"s:168:8:168:Infinity":38,"s:170:8:170:Infinity":39,"s:172:8:174:Infinity":40,"b:173:66:173:82:173:82:173:95":5,"s:175:8:175:Infinity":41}}}
,"/home/gdoco/dev/playground/proxy-runner/server/fastedge-host/index.ts": {"path":"/home/gdoco/dev/playground/proxy-runner/server/fastedge-host/index.ts","statementMap":{},"fnMap":{},"branchMap":{},"s":{},"f":{},"b":{},"meta":{"lastBranch":0,"lastFunction":0,"lastStatement":0,"seen":{}}}
,"/home/gdoco/dev/playground/proxy-runner/server/fastedge-host/types.ts": {"path":"/home/gdoco/dev/playground/proxy-runner/server/fastedge-host/types.ts","statementMap":{"0":{"start":{"line":50,"column":7},"end":{"line":50,"column":null}},"1":{"start":{"line":51,"column":2},"end":{"line":51,"column":7}},"2":{"start":{"line":52,"column":2},"end":{"line":52,"column":13}},"3":{"start":{"line":53,"column":2},"end":{"line":53,"column":16}},"4":{"start":{"line":54,"column":2},"end":{"line":54,"column":25}},"5":{"start":{"line":55,"column":2},"end":{"line":55,"column":20}},"6":{"start":{"line":56,"column":2},"end":{"line":56,"column":24}},"7":{"start":{"line":50,"column":12},"end":{"line":50,"column":null}}},"fnMap":{"0":{"name":"(anonymous_0)","decl":{"start":{"line":50,"column":7},"end":{"line":50,"column":12}},"loc":{"start":{"line":50,"column":7},"end":{"line":50,"column":null}},"line":50}},"branchMap":{"0":{"loc":{"start":{"line":50,"column":12},"end":{"line":50,"column":null}},"type":"binary-expr","locations":[{"start":{"line":50,"column":12},"end":{"line":50,"column":null}},{"start":{"line":50,"column":12},"end":{"line":50,"column":null}}],"line":50}},"s":{"0":0,"1":0,"2":0,"3":0,"4":0,"5":0,"6":0,"7":0},"f":{"0":0},"b":{"0":[0,0]},"meta":{"lastBranch":1,"lastFunction":1,"lastStatement":8,"seen":{"s:50:7:50:Infinity":0,"f:50:7:50:12":0,"s:51:2:51:7":1,"s:52:2:52:13":2,"s:53:2:53:16":3,"s:54:2:54:25":4,"s:55:2:55:20":5,"s:56:2:56:24":6,"s:50:12:50:Infinity":7,"b:50:12:50:Infinity:50:12:50:Infinity":0}}}
,"/home/gdoco/dev/playground/proxy-runner/server/runner/HeaderManager.ts": {"path":"/home/gdoco/dev/playground/proxy-runner/server/runner/HeaderManager.ts","statementMap":{"0":{"start":{"line":3,"column":20},"end":{"line":3,"column":null}},"1":{"start":{"line":7,"column":34},"end":{"line":7,"column":null}},"2":{"start":{"line":8,"column":4},"end":{"line":10,"column":null}},"3":{"start":{"line":9,"column":6},"end":{"line":9,"column":null}},"4":{"start":{"line":11,"column":4},"end":{"line":11,"column":null}},"5":{"start":{"line":17,"column":18},"end":{"line":17,"column":null}},"6":{"start":{"line":18,"column":21},"end":{"line":18,"column":null}},"7":{"start":{"line":21,"column":67},"end":{"line":21,"column":null}},"8":{"start":{"line":22,"column":19},"end":{"line":22,"column":null}},"9":{"start":{"line":23,"column":4},"end":{"line":29,"column":null}},"10":{"start":{"line":24,"column":23},"end":{"line":24,"column":null}},"11":{"start":{"line":25,"column":23},"end":{"line":25,"column":null}},"12":{"start":{"line":26,"column":6},"end":{"line":26,"column":null}},"13":{"start":{"line":28,"column":6},"end":{"line":28,"column":null}},"14":{"start":{"line":32,"column":22},"end":{"line":32,"column":null}},"15":{"start":{"line":33,"column":19},"end":{"line":33,"column":null}},"16":{"start":{"line":34,"column":17},"end":{"line":34,"column":null}},"17":{"start":{"line":35,"column":18},"end":{"line":35,"column":null}},"18":{"start":{"line":38,"column":4},"end":{"line":38,"column":null}},"19":{"start":{"line":41,"column":17},"end":{"line":41,"column":null}},"20":{"start":{"line":42,"column":4},"end":{"line":47,"column":null}},"21":{"start":{"line":43,"column":6},"end":{"line":43,"column":null}},"22":{"start":{"line":44,"column":6},"end":{"line":44,"column":null}},"23":{"start":{"line":45,"column":6},"end":{"line":45,"column":null}},"24":{"start":{"line":46,"column":6},"end":{"line":46,"column":null}},"25":{"start":{"line":50,"column":4},"end":{"line":60,"column":null}},"26":{"start":{"line":51,"column":6},"end":{"line":51,"column":null}},"27":{"start":{"line":52,"column":6},"end":{"line":52,"column":null}},"28":{"start":{"line":53,"column":6},"end":{"line":53,"column":null}},"29":{"start":{"line":54,"column":6},"end":{"line":54,"column":null}},"30":{"start":{"line":56,"column":6},"end":{"line":56,"column":null}},"31":{"start":{"line":57,"column":6},"end":{"line":57,"column":null}},"32":{"start":{"line":58,"column":6},"end":{"line":58,"column":null}},"33":{"start":{"line":59,"column":6},"end":{"line":59,"column":null}},"34":{"start":{"line":62,"column":4},"end":{"line":62,"column":null}},"35":{"start":{"line":66,"column":18},"end":{"line":66,"column":null}},"36":{"start":{"line":66,"column":55},"end":{"line":66,"column":70}},"37":{"start":{"line":67,"column":31},"end":{"line":67,"column":null}},"38":{"start":{"line":68,"column":4},"end":{"line":72,"column":null}},"39":{"start":{"line":68,"column":17},"end":{"line":68,"column":20}},"40":{"start":{"line":69,"column":18},"end":{"line":69,"column":null}},"41":{"start":{"line":70,"column":20},"end":{"line":70,"column":null}},"42":{"start":{"line":71,"column":6},"end":{"line":71,"column":null}},"43":{"start":{"line":73,"column":4},"end":{"line":73,"column":null}}},"fnMap":{"0":{"name":"(anonymous_0)","decl":{"start":{"line":6,"column":9},"end":{"line":6,"column":19}},"loc":{"start":{"line":6,"column":50},"end":{"line":12,"column":null}},"line":6},"1":{"name":"(anonymous_1)","decl":{"start":{"line":14,"column":9},"end":{"line":14,"column":19}},"loc":{"start":{"line":14,"column":51},"end":{"line":63,"column":null}},"line":14},"2":{"name":"(anonymous_2)","decl":{"start":{"line":65,"column":9},"end":{"line":65,"column":21}},"loc":{"start":{"line":65,"column":49},"end":{"line":74,"column":null}},"line":65},"3":{"name":"(anonymous_3)","decl":{"start":{"line":66,"column":45},"end":{"line":66,"column":46}},"loc":{"start":{"line":66,"column":55},"end":{"line":66,"column":70}},"line":66}},"branchMap":{"0":{"loc":{"start":{"line":70,"column":20},"end":{"line":70,"column":null}},"type":"binary-expr","locations":[{"start":{"line":70,"column":20},"end":{"line":70,"column":36}},{"start":{"line":70,"column":36},"end":{"line":70,"column":null}}],"line":70}},"s":{"0":0,"1":0,"2":0,"3":0,"4":0,"5":0,"6":0,"7":0,"8":0,"9":0,"10":0,"11":0,"12":0,"13":0,"14":0,"15":0,"16":0,"17":0,"18":0,"19":0,"20":0,"21":0,"22":0,"23":0,"24":0,"25":0,"26":0,"27":0,"28":0,"29":0,"30":0,"31":0,"32":0,"33":0,"34":0,"35":0,"36":0,"37":0,"38":0,"39":0,"40":0,"41":0,"42":0,"43":0},"f":{"0":0,"1":0,"2":0,"3":0},"b":{"0":[0,0]},"meta":{"lastBranch":1,"lastFunction":4,"lastStatement":44,"seen":{"s:3:20:3:Infinity":0,"f:6:9:6:19":0,"s:7:34:7:Infinity":1,"s:8:4:10:Infinity":2,"s:9:6:9:Infinity":3,"s:11:4:11:Infinity":4,"f:14:9:14:19":1,"s:17:18:17:Infinity":5,"s:18:21:18:Infinity":6,"s:21:67:21:Infinity":7,"s:22:19:22:Infinity":8,"s:23:4:29:Infinity":9,"s:24:23:24:Infinity":10,"s:25:23:25:Infinity":11,"s:26:6:26:Infinity":12,"s:28:6:28:Infinity":13,"s:32:22:32:Infinity":14,"s:33:19:33:Infinity":15,"s:34:17:34:Infinity":16,"s:35:18:35:Infinity":17,"s:38:4:38:Infinity":18,"s:41:17:41:Infinity":19,"s:42:4:47:Infinity":20,"s:43:6:43:Infinity":21,"s:44:6:44:Infinity":22,"s:45:6:45:Infinity":23,"s:46:6:46:Infinity":24,"s:50:4:60:Infinity":25,"s:51:6:51:Infinity":26,"s:52:6:52:Infinity":27,"s:53:6:53:Infinity":28,"s:54:6:54:Infinity":29,"s:56:6:56:Infinity":30,"s:57:6:57:Infinity":31,"s:58:6:58:Infinity":32,"s:59:6:59:Infinity":33,"s:62:4:62:Infinity":34,"f:65:9:65:21":2,"s:66:18:66:Infinity":35,"f:66:45:66:46":3,"s:66:55:66:70":36,"s:67:31:67:Infinity":37,"s:68:4:72:Infinity":38,"s:68:17:68:20":39,"s:69:18:69:Infinity":40,"s:70:20:70:Infinity":41,"b:70:20:70:36:70:36:70:Infinity":0,"s:71:6:71:Infinity":42,"s:73:4:73:Infinity":43}}}
,"/home/gdoco/dev/playground/proxy-runner/server/runner/HostFunctions.ts": {"path":"/home/gdoco/dev/playground/proxy-runner/server/runner/HostFunctions.ts","statementMap":{"0":{"start":{"line":12,"column":20},"end":{"line":12,"column":null}},"1":{"start":{"line":15,"column":7},"end":{"line":15,"column":null}},"2":{"start":{"line":16,"column":2},"end":{"line":16,"column":10}},"3":{"start":{"line":17,"column":2},"end":{"line":17,"column":10}},"4":{"start":{"line":18,"column":2},"end":{"line":18,"column":9}},"5":{"start":{"line":19,"column":2},"end":{"line":19,"column":9}},"6":{"start":{"line":20,"column":2},"end":{"line":20,"column":10}},"7":{"start":{"line":21,"column":2},"end":{"line":21,"column":13}},"8":{"start":{"line":15,"column":12},"end":{"line":15,"column":null}},"9":{"start":{"line":27,"column":29},"end":{"line":27,"column":null}},"10":{"start":{"line":28,"column":38},"end":{"line":28,"column":null}},"11":{"start":{"line":29,"column":39},"end":{"line":29,"column":null}},"12":{"start":{"line":30,"column":24},"end":{"line":30,"column":null}},"13":{"start":{"line":31,"column":25},"end":{"line":31,"column":null}},"14":{"start":{"line":32,"column":21},"end":{"line":32,"column":null}},"15":{"start":{"line":33,"column":25},"end":{"line":33,"column":null}},"16":{"start":{"line":34,"column":29},"end":{"line":34,"column":null}},"17":{"start":{"line":35,"column":40},"end":{"line":35,"column":null}},"18":{"start":{"line":36,"column":18},"end":{"line":36,"column":null}},"19":{"start":{"line":37,"column":36},"end":{"line":37,"column":null}},"20":{"start":{"line":50,"column":4},"end":{"line":50,"column":null}},"21":{"start":{"line":51,"column":4},"end":{"line":51,"column":null}},"22":{"start":{"line":52,"column":4},"end":{"line":52,"column":null}},"23":{"start":{"line":53,"column":4},"end":{"line":53,"column":null}},"24":{"start":{"line":54,"column":4},"end":{"line":54,"column":null}},"25":{"start":{"line":58,"column":4},"end":{"line":58,"column":null}},"26":{"start":{"line":67,"column":4},"end":{"line":67,"column":null}},"27":{"start":{"line":68,"column":4},"end":{"line":68,"column":null}},"28":{"start":{"line":69,"column":4},"end":{"line":69,"column":null}},"29":{"start":{"line":70,"column":4},"end":{"line":70,"column":null}},"30":{"start":{"line":74,"column":4},"end":{"line":74,"column":null}},"31":{"start":{"line":75,"column":4},"end":{"line":75,"column":null}},"32":{"start":{"line":79,"column":4},"end":{"line":79,"column":null}},"33":{"start":{"line":83,"column":4},"end":{"line":83,"column":null}},"34":{"start":{"line":87,"column":4},"end":{"line":87,"column":null}},"35":{"start":{"line":91,"column":4},"end":{"line":91,"column":null}},"36":{"start":{"line":95,"column":4},"end":{"line":95,"column":null}},"37":{"start":{"line":99,"column":4},"end":{"line":99,"column":null}},"38":{"start":{"line":103,"column":4},"end":{"line":103,"column":null}},"39":{"start":{"line":107,"column":4},"end":{"line":107,"column":null}},"40":{"start":{"line":112,"column":4},"end":{"line":112,"column":null}},"41":{"start":{"line":116,"column":4},"end":{"line":116,"column":null}},"42":{"start":{"line":120,"column":4},"end":{"line":424,"column":null}},"43":{"start":{"line":122,"column":8},"end":{"line":122,"column":null}},"44":{"start":{"line":123,"column":24},"end":{"line":123,"column":null}},"45":{"start":{"line":125,"column":8},"end":{"line":127,"column":null}},"46":{"start":{"line":126,"column":10},"end":{"line":126,"column":null}},"47":{"start":{"line":128,"column":8},"end":{"line":128,"column":null}},"48":{"start":{"line":132,"column":8},"end":{"line":132,"column":null}},"49":{"start":{"line":133,"column":8},"end":{"line":135,"column":null}},"50":{"start":{"line":134,"column":10},"end":{"line":134,"column":null}},"51":{"start":{"line":136,"column":8},"end":{"line":136,"column":null}},"52":{"start":{"line":140,"column":8},"end":{"line":140,"column":null}},"53":{"start":{"line":141,"column":8},"end":{"line":141,"column":null}},"54":{"start":{"line":142,"column":8},"end":{"line":142,"column":null}},"55":{"start":{"line":143,"column":8},"end":{"line":143,"column":null}},"56":{"start":{"line":152,"column":8},"end":{"line":152,"column":null}},"57":{"start":{"line":153,"column":21},"end":{"line":153,"column":null}},"58":{"start":{"line":154,"column":20},"end":{"line":154,"column":null}},"59":{"start":{"line":155,"column":8},"end":{"line":159,"column":null}},"60":{"start":{"line":156,"column":10},"end":{"line":156,"column":null}},"61":{"start":{"line":157,"column":10},"end":{"line":157,"column":null}},"62":{"start":{"line":158,"column":10},"end":{"line":158,"column":null}},"63":{"start":{"line":160,"column":22},"end":{"line":160,"column":null}},"64":{"start":{"line":161,"column":8},"end":{"line":161,"column":null}},"65":{"start":{"line":162,"column":8},"end":{"line":162,"column":null}},"66":{"start":{"line":171,"column":8},"end":{"line":173,"column":null}},"67":{"start":{"line":174,"column":21},"end":{"line":174,"column":null}},"68":{"start":{"line":175,"column":22},"end":{"line":175,"column":null}},"69":{"start":{"line":178,"column":8},"end":{"line":178,"column":null}},"70":{"start":{"line":179,"column":8},"end":{"line":179,"column":null}},"71":{"start":{"line":180,"column":8},"end":{"line":180,"column":null}},"72":{"start":{"line":190,"column":8},"end":{"line":192,"column":null}},"73":{"start":{"line":193,"column":20},"end":{"line":193,"column":null}},"74":{"start":{"line":194,"column":20},"end":{"line":194,"column":null}},"75":{"start":{"line":195,"column":22},"end":{"line":195,"column":null}},"76":{"start":{"line":196,"column":8},"end":{"line":200,"column":null}},"77":{"start":{"line":197,"column":10},"end":{"line":197,"column":null}},"78":{"start":{"line":198,"column":10},"end":{"line":198,"column":null}},"79":{"start":{"line":199,"column":10},"end":{"line":199,"column":null}},"80":{"start":{"line":201,"column":8},"end":{"line":201,"column":null}},"81":{"start":{"line":202,"column":8},"end":{"line":202,"column":null}},"82":{"start":{"line":210,"column":8},"end":{"line":210,"column":null}},"83":{"start":{"line":211,"column":20},"end":{"line":211,"column":null}},"84":{"start":{"line":212,"column":22},"end":{"line":212,"column":null}},"85":{"start":{"line":213,"column":20},"end":{"line":213,"column":null}},"86":{"start":{"line":214,"column":8},"end":{"line":216,"column":null}},"87":{"start":{"line":215,"column":10},"end":{"line":215,"column":null}},"88":{"start":{"line":217,"column":8},"end":{"line":219,"column":null}},"89":{"start":{"line":218,"column":10},"end":{"line":218,"column":null}},"90":{"start":{"line":222,"column":24},"end":{"line":224,"column":null}},"91":{"start":{"line":223,"column":22},"end":{"line":223,"column":53}},"92":{"start":{"line":225,"column":8},"end":{"line":227,"column":null}},"93":{"start":{"line":228,"column":8},"end":{"line":228,"column":null}},"94":{"start":{"line":232,"column":8},"end":{"line":232,"column":null}},"95":{"start":{"line":233,"column":20},"end":{"line":233,"column":null}},"96":{"start":{"line":235,"column":21},"end":{"line":235,"column":null}},"97":{"start":{"line":236,"column":8},"end":{"line":236,"column":null}},"98":{"start":{"line":237,"column":8},"end":{"line":239,"column":null}},"99":{"start":{"line":240,"column":8},"end":{"line":240,"column":null}},"100":{"start":{"line":250,"column":8},"end":{"line":252,"column":null}},"101":{"start":{"line":253,"column":20},"end":{"line":253,"column":null}},"102":{"start":{"line":254,"column":22},"end":{"line":254,"column":null}},"103":{"start":{"line":255,"column":20},"end":{"line":255,"column":null}},"104":{"start":{"line":256,"column":25},"end":{"line":256,"column":null}},"105":{"start":{"line":257,"column":8},"end":{"line":257,"column":null}},"106":{"start":{"line":258,"column":8},"end":{"line":258,"column":null}},"107":{"start":{"line":259,"column":8},"end":{"line":259,"column":null}},"108":{"start":{"line":269,"column":8},"end":{"line":271,"column":null}},"109":{"start":{"line":272,"column":20},"end":{"line":272,"column":null}},"110":{"start":{"line":273,"column":22},"end":{"line":273,"column":null}},"111":{"start":{"line":274,"column":20},"end":{"line":274,"column":null}},"112":{"start":{"line":275,"column":8},"end":{"line":275,"column":null}},"113":{"start":{"line":276,"column":8},"end":{"line":276,"column":null}},"114":{"start":{"line":277,"column":8},"end":{"line":277,"column":null}},"115":{"start":{"line":285,"column":8},"end":{"line":287,"column":null}},"116":{"start":{"line":288,"column":20},"end":{"line":288,"column":null}},"117":{"start":{"line":289,"column":20},"end":{"line":289,"column":null}},"118":{"start":{"line":290,"column":8},"end":{"line":290,"column":null}},"119":{"start":{"line":291,"column":8},"end":{"line":291,"column":null}},"120":{"start":{"line":292,"column":8},"end":{"line":292,"column":null}},"121":{"start":{"line":300,"column":8},"end":{"line":302,"column":null}},"122":{"start":{"line":303,"column":20},"end":{"line":303,"column":null}},"123":{"start":{"line":304,"column":20},"end":{"line":304,"column":null}},"124":{"start":{"line":305,"column":8},"end":{"line":305,"column":null}},"125":{"start":{"line":306,"column":8},"end":{"line":306,"column":null}},"126":{"start":{"line":316,"column":8},"end":{"line":318,"column":null}},"127":{"start":{"line":319,"column":21},"end":{"line":319,"column":null}},"128":{"start":{"line":320,"column":22},"end":{"line":320,"column":null}},"129":{"start":{"line":321,"column":22},"end":{"line":324,"column":null}},"130":{"start":{"line":325,"column":8},"end":{"line":329,"column":null}},"131":{"start":{"line":326,"column":10},"end":{"line":328,"column":null}},"132":{"start":{"line":330,"column":8},"end":{"line":330,"column":null}},"133":{"start":{"line":331,"column":8},"end":{"line":331,"column":null}},"134":{"start":{"line":339,"column":8},"end":{"line":339,"column":null}},"135":{"start":{"line":340,"column":21},"end":{"line":340,"column":null}},"136":{"start":{"line":341,"column":23},"end":{"line":341,"column":null}},"137":{"start":{"line":342,"column":8},"end":{"line":342,"column":null}},"138":{"start":{"line":343,"column":8},"end":{"line":343,"column":null}},"139":{"start":{"line":344,"column":8},"end":{"line":344,"column":null}},"140":{"start":{"line":354,"column":8},"end":{"line":356,"column":null}},"141":{"start":{"line":357,"column":21},"end":{"line":357,"column":null}},"142":{"start":{"line":358,"column":22},"end":{"line":358,"column":null}},"143":{"start":{"line":359,"column":23},"end":{"line":359,"column":null}},"144":{"start":{"line":360,"column":23},"end":{"line":360,"column":null}},"145":{"start":{"line":361,"column":23},"end":{"line":361,"column":null}},"146":{"start":{"line":362,"column":21},"end":{"line":364,"column":null}},"147":{"start":{"line":365,"column":8},"end":{"line":365,"column":null}},"148":{"start":{"line":366,"column":8},"end":{"line":366,"column":null}},"149":{"start":{"line":367,"column":8},"end":{"line":367,"column":null}},"150":{"start":{"line":368,"column":24},"end":{"line":368,"column":null}},"151":{"start":{"line":369,"column":8},"end":{"line":369,"column":null}},"152":{"start":{"line":370,"column":8},"end":{"line":370,"column":null}},"153":{"start":{"line":374,"column":8},"end":{"line":374,"column":null}},"154":{"start":{"line":375,"column":8},"end":{"line":375,"column":null}},"155":{"start":{"line":376,"column":8},"end":{"line":376,"column":null}},"156":{"start":{"line":387,"column":8},"end":{"line":389,"column":null}},"157":{"start":{"line":390,"column":27},"end":{"line":390,"column":null}},"158":{"start":{"line":391,"column":21},"end":{"line":391,"column":null}},"159":{"start":{"line":392,"column":8},"end":{"line":395,"column":null}},"160":{"start":{"line":396,"column":8},"end":{"line":396,"column":null}},"161":{"start":{"line":405,"column":24},"end":{"line":405,"column":null}},"162":{"start":{"line":406,"column":21},"end":{"line":406,"column":null}},"163":{"start":{"line":407,"column":23},"end":{"line":407,"column":null}},"164":{"start":{"line":408,"column":8},"end":{"line":408,"column":null}},"165":{"start":{"line":409,"column":8},"end":{"line":409,"column":null}},"166":{"start":{"line":413,"column":24},"end":{"line":413,"column":null}},"167":{"start":{"line":414,"column":8},"end":{"line":414,"column":null}},"168":{"start":{"line":422,"column":25},"end":{"line":422,"column":null}},"169":{"start":{"line":428,"column":4},"end":{"line":433,"column":null}},"170":{"start":{"line":432,"column":6},"end":{"line":432,"column":null}},"171":{"start":{"line":434,"column":4},"end":{"line":434,"column":null}},"172":{"start":{"line":438,"column":4},"end":{"line":445,"column":null}},"173":{"start":{"line":442,"column":6},"end":{"line":442,"column":null}},"174":{"start":{"line":444,"column":6},"end":{"line":444,"column":null}},"175":{"start":{"line":449,"column":4},"end":{"line":451,"column":null}},"176":{"start":{"line":450,"column":6},"end":{"line":450,"column":null}},"177":{"start":{"line":452,"column":4},"end":{"line":454,"column":null}},"178":{"start":{"line":453,"column":6},"end":{"line":453,"column":null}},"179":{"start":{"line":455,"column":4},"end":{"line":457,"column":null}},"180":{"start":{"line":456,"column":6},"end":{"line":456,"column":null}},"181":{"start":{"line":458,"column":4},"end":{"line":458,"column":null}},"182":{"start":{"line":462,"column":4},"end":{"line":470,"column":null}},"183":{"start":{"line":463,"column":6},"end":{"line":463,"column":null}},"184":{"start":{"line":464,"column":4},"end":{"line":470,"column":null}},"185":{"start":{"line":465,"column":6},"end":{"line":465,"column":null}},"186":{"start":{"line":466,"column":4},"end":{"line":470,"column":null}},"187":{"start":{"line":467,"column":6},"end":{"line":467,"column":null}},"188":{"start":{"line":469,"column":6},"end":{"line":469,"column":null}},"189":{"start":{"line":474,"column":4},"end":{"line":476,"column":null}},"190":{"start":{"line":475,"column":6},"end":{"line":475,"column":null}},"191":{"start":{"line":477,"column":18},"end":{"line":477,"column":null}},"192":{"start":{"line":478,"column":4},"end":{"line":478,"column":null}},"193":{"start":{"line":479,"column":4},"end":{"line":479,"column":null}},"194":{"start":{"line":483,"column":4},"end":{"line":483,"column":null}},"195":{"start":{"line":484,"column":4},"end":{"line":484,"column":null}},"196":{"start":{"line":489,"column":2},"end":{"line":489,"column":null}}},"fnMap":{"0":{"name":"(anonymous_0)","decl":{"start":{"line":15,"column":7},"end":{"line":15,"column":12}},"loc":{"start":{"line":15,"column":7},"end":{"line":15,"column":null}},"line":15},"1":{"name":"(anonymous_1)","decl":{"start":{"line":43,"column":2},"end":{"line":43,"column":null}},"loc":{"start":{"line":49,"column":4},"end":{"line":55,"column":null}},"line":49},"2":{"name":"(anonymous_2)","decl":{"start":{"line":57,"column":2},"end":{"line":57,"column":10}},"loc":{"start":{"line":57,"column":34},"end":{"line":59,"column":null}},"line":57},"3":{"name":"(anonymous_3)","decl":{"start":{"line":61,"column":2},"end":{"line":61,"column":null}},"loc":{"start":{"line":66,"column":10},"end":{"line":71,"column":null}},"line":66},"4":{"name":"(anonymous_4)","decl":{"start":{"line":73,"column":2},"end":{"line":73,"column":13}},"loc":{"start":{"line":73,"column":59},"end":{"line":76,"column":null}},"line":73},"5":{"name":"(anonymous_5)","decl":{"start":{"line":78,"column":2},"end":{"line":78,"column":20}},"loc":{"start":{"line":78,"column":45},"end":{"line":80,"column":null}},"line":78},"6":{"name":"(anonymous_6)","decl":{"start":{"line":82,"column":2},"end":{"line":82,"column":31}},"loc":{"start":{"line":82,"column":31},"end":{"line":84,"column":null}},"line":82},"7":{"name":"(anonymous_7)","decl":{"start":{"line":86,"column":2},"end":{"line":86,"column":14}},"loc":{"start":{"line":86,"column":35},"end":{"line":88,"column":null}},"line":86},"8":{"name":"(anonymous_8)","decl":{"start":{"line":90,"column":2},"end":{"line":90,"column":12}},"loc":{"start":{"line":90,"column":36},"end":{"line":92,"column":null}},"line":90},"9":{"name":"(anonymous_9)","decl":{"start":{"line":94,"column":2},"end":{"line":94,"column":33}},"loc":{"start":{"line":94,"column":33},"end":{"line":96,"column":null}},"line":94},"10":{"name":"(anonymous_10)","decl":{"start":{"line":98,"column":2},"end":{"line":98,"column":34}},"loc":{"start":{"line":98,"column":34},"end":{"line":100,"column":null}},"line":98},"11":{"name":"(anonymous_11)","decl":{"start":{"line":102,"column":2},"end":{"line":102,"column":27}},"loc":{"start":{"line":102,"column":27},"end":{"line":104,"column":null}},"line":102},"12":{"name":"(anonymous_12)","decl":{"start":{"line":106,"column":2},"end":{"line":106,"column":28}},"loc":{"start":{"line":106,"column":28},"end":{"line":108,"column":null}},"line":106},"13":{"name":"(anonymous_13)","decl":{"start":{"line":111,"column":2},"end":{"line":111,"column":32}},"loc":{"start":{"line":111,"column":32},"end":{"line":113,"column":null}},"line":111},"14":{"name":"(anonymous_14)","decl":{"start":{"line":115,"column":2},"end":{"line":115,"column":30}},"loc":{"start":{"line":115,"column":30},"end":{"line":117,"column":null}},"line":115},"15":{"name":"(anonymous_15)","decl":{"start":{"line":119,"column":2},"end":{"line":119,"column":59}},"loc":{"start":{"line":119,"column":59},"end":{"line":425,"column":null}},"line":119},"16":{"name":"(anonymous_16)","decl":{"start":{"line":121,"column":17},"end":{"line":121,"column":18}},"loc":{"start":{"line":121,"column":62},"end":{"line":129,"column":null}},"line":121},"17":{"name":"(anonymous_17)","decl":{"start":{"line":131,"column":27},"end":{"line":131,"column":28}},"loc":{"start":{"line":131,"column":49},"end":{"line":137,"column":null}},"line":131},"18":{"name":"(anonymous_18)","decl":{"start":{"line":139,"column":27},"end":{"line":139,"column":28}},"loc":{"start":{"line":139,"column":46},"end":{"line":144,"column":null}},"line":139},"19":{"name":"(anonymous_19)","decl":{"start":{"line":146,"column":26},"end":{"line":146,"column":null}},"loc":{"start":{"line":151,"column":11},"end":{"line":163,"column":null}},"line":151},"20":{"name":"(anonymous_20)","decl":{"start":{"line":165,"column":26},"end":{"line":165,"column":null}},"loc":{"start":{"line":170,"column":11},"end":{"line":181,"column":null}},"line":170},"21":{"name":"(anonymous_21)","decl":{"start":{"line":183,"column":34},"end":{"line":183,"column":null}},"loc":{"start":{"line":189,"column":11},"end":{"line":203,"column":null}},"line":189},"22":{"name":"(anonymous_22)","decl":{"start":{"line":205,"column":34},"end":{"line":205,"column":null}},"loc":{"start":{"line":209,"column":11},"end":{"line":229,"column":null}},"line":209},"23":{"name":"(anonymous_23)","decl":{"start":{"line":223,"column":15},"end":{"line":223,"column":16}},"loc":{"start":{"line":223,"column":22},"end":{"line":223,"column":53}},"line":223},"24":{"name":"(anonymous_24)","decl":{"start":{"line":231,"column":33},"end":{"line":231,"column":34}},"loc":{"start":{"line":231,"column":71},"end":{"line":241,"column":null}},"line":231},"25":{"name":"(anonymous_25)","decl":{"start":{"line":243,"column":34},"end":{"line":243,"column":null}},"loc":{"start":{"line":249,"column":11},"end":{"line":260,"column":null}},"line":249},"26":{"name":"(anonymous_26)","decl":{"start":{"line":262,"column":38},"end":{"line":262,"column":null}},"loc":{"start":{"line":268,"column":11},"end":{"line":278,"column":null}},"line":268},"27":{"name":"(anonymous_27)","decl":{"start":{"line":280,"column":37},"end":{"line":280,"column":null}},"loc":{"start":{"line":284,"column":11},"end":{"line":293,"column":null}},"line":284},"28":{"name":"(anonymous_28)","decl":{"start":{"line":295,"column":34},"end":{"line":295,"column":null}},"loc":{"start":{"line":299,"column":11},"end":{"line":307,"column":null}},"line":299},"29":{"name":"(anonymous_29)","decl":{"start":{"line":309,"column":30},"end":{"line":309,"column":null}},"loc":{"start":{"line":315,"column":11},"end":{"line":332,"column":null}},"line":315},"30":{"name":"(anonymous_30)","decl":{"start":{"line":334,"column":31},"end":{"line":334,"column":null}},"loc":{"start":{"line":338,"column":11},"end":{"line":345,"column":null}},"line":338},"31":{"name":"(anonymous_31)","decl":{"start":{"line":347,"column":30},"end":{"line":347,"column":null}},"loc":{"start":{"line":353,"column":11},"end":{"line":371,"column":null}},"line":353},"32":{"name":"(anonymous_32)","decl":{"start":{"line":373,"column":35},"end":{"line":373,"column":36}},"loc":{"start":{"line":373,"column":58},"end":{"line":377,"column":null}},"line":373},"33":{"name":"(anonymous_33)","decl":{"start":{"line":379,"column":33},"end":{"line":379,"column":null}},"loc":{"start":{"line":386,"column":11},"end":{"line":397,"column":null}},"line":386},"34":{"name":"(anonymous_34)","decl":{"start":{"line":399,"column":13},"end":{"line":399,"column":null}},"loc":{"start":{"line":404,"column":11},"end":{"line":410,"column":null}},"line":404},"35":{"name":"(anonymous_35)","decl":{"start":{"line":412,"column":13},"end":{"line":412,"column":14}},"loc":{"start":{"line":412,"column":73},"end":{"line":415,"column":null}},"line":412},"36":{"name":"(anonymous_36)","decl":{"start":{"line":422,"column":8},"end":{"line":422,"column":9}},"loc":{"start":{"line":422,"column":25},"end":{"line":422,"column":null}},"line":422},"37":{"name":"(anonymous_37)","decl":{"start":{"line":427,"column":10},"end":{"line":427,"column":23}},"loc":{"start":{"line":427,"column":51},"end":{"line":435,"column":null}},"line":427},"38":{"name":"(anonymous_38)","decl":{"start":{"line":437,"column":10},"end":{"line":437,"column":23}},"loc":{"start":{"line":437,"column":62},"end":{"line":446,"column":null}},"line":437},"39":{"name":"(anonymous_39)","decl":{"start":{"line":448,"column":10},"end":{"line":448,"column":18}},"loc":{"start":{"line":448,"column":46},"end":{"line":459,"column":null}},"line":448},"40":{"name":"(anonymous_40)","decl":{"start":{"line":461,"column":10},"end":{"line":461,"column":18}},"loc":{"start":{"line":461,"column":59},"end":{"line":471,"column":null}},"line":461},"41":{"name":"(anonymous_41)","decl":{"start":{"line":473,"column":10},"end":{"line":473,"column":19}},"loc":{"start":{"line":473,"column":42},"end":{"line":480,"column":null}},"line":473},"42":{"name":"(anonymous_42)","decl":{"start":{"line":482,"column":10},"end":{"line":482,"column":26}},"loc":{"start":{"line":482,"column":49},"end":{"line":485,"column":null}},"line":482},"43":{"name":"byteLength","decl":{"start":{"line":488,"column":9},"end":{"line":488,"column":20}},"loc":{"start":{"line":488,"column":43},"end":{"line":490,"column":null}},"line":488}},"branchMap":{"0":{"loc":{"start":{"line":15,"column":12},"end":{"line":15,"column":null}},"type":"binary-expr","locations":[{"start":{"line":15,"column":12},"end":{"line":15,"column":null}},{"start":{"line":15,"column":12},"end":{"line":15,"column":null}}],"line":15},"1":{"loc":{"start":{"line":46,"column":4},"end":{"line":46,"column":null}},"type":"default-arg","locations":[{"start":{"line":46,"column":12},"end":{"line":46,"column":null}}],"line":46},"2":{"loc":{"start":{"line":53,"column":23},"end":{"line":53,"column":null}},"type":"binary-expr","locations":[{"start":{"line":53,"column":23},"end":{"line":53,"column":38}},{"start":{"line":53,"column":38},"end":{"line":53,"column":null}}],"line":53},"3":{"loc":{"start":{"line":54,"column":22},"end":{"line":54,"column":null}},"type":"binary-expr","locations":[{"start":{"line":54,"column":22},"end":{"line":54,"column":36}},{"start":{"line":54,"column":36},"end":{"line":54,"column":null}}],"line":54},"4":{"loc":{"start":{"line":125,"column":8},"end":{"line":127,"column":null}},"type":"if","locations":[{"start":{"line":125,"column":8},"end":{"line":127,"column":null}},{"start":{},"end":{}}],"line":125},"5":{"loc":{"start":{"line":133,"column":8},"end":{"line":135,"column":null}},"type":"if","locations":[{"start":{"line":133,"column":8},"end":{"line":135,"column":null}},{"start":{},"end":{}}],"line":133},"6":{"loc":{"start":{"line":155,"column":8},"end":{"line":159,"column":null}},"type":"if","locations":[{"start":{"line":155,"column":8},"end":{"line":159,"column":null}},{"start":{},"end":{}}],"line":155},"7":{"loc":{"start":{"line":160,"column":22},"end":{"line":160,"column":null}},"type":"cond-expr","locations":[{"start":{"line":160,"column":48},"end":{"line":160,"column":54}},{"start":{"line":160,"column":54},"end":{"line":160,"column":null}}],"line":160},"8":{"loc":{"start":{"line":161,"column":38},"end":{"line":161,"column":51}},"type":"binary-expr","locations":[{"start":{"line":161,"column":38},"end":{"line":161,"column":47}},{"start":{"line":161,"column":47},"end":{"line":161,"column":51}}],"line":161},"9":{"loc":{"start":{"line":196,"column":8},"end":{"line":200,"column":null}},"type":"if","locations":[{"start":{"line":196,"column":8},"end":{"line":200,"column":null}},{"start":{},"end":{}}],"line":196},"10":{"loc":{"start":{"line":214,"column":8},"end":{"line":216,"column":null}},"type":"if","locations":[{"start":{"line":214,"column":8},"end":{"line":216,"column":null}},{"start":{},"end":{}}],"line":214},"11":{"loc":{"start":{"line":217,"column":8},"end":{"line":219,"column":null}},"type":"if","locations":[{"start":{"line":217,"column":8},"end":{"line":219,"column":null}},{"start":{},"end":{}}],"line":217},"12":{"loc":{"start":{"line":257,"column":19},"end":{"line":257,"column":null}},"type":"cond-expr","locations":[{"start":{"line":257,"column":30},"end":{"line":257,"column":55}},{"start":{"line":257,"column":55},"end":{"line":257,"column":null}}],"line":257},"13":{"loc":{"start":{"line":323,"column":10},"end":{"line":323,"column":null}},"type":"cond-expr","locations":[{"start":{"line":323,"column":23},"end":{"line":323,"column":40}},{"start":{"line":323,"column":40},"end":{"line":323,"column":null}}],"line":323},"14":{"loc":{"start":{"line":325,"column":8},"end":{"line":329,"column":null}},"type":"if","locations":[{"start":{"line":325,"column":8},"end":{"line":329,"column":null}},{"start":{},"end":{}}],"line":325},"15":{"loc":{"start":{"line":375,"column":32},"end":{"line":375,"column":null}},"type":"binary-expr","locations":[{"start":{"line":375,"column":32},"end":{"line":375,"column":45}},{"start":{"line":375,"column":45},"end":{"line":375,"column":null}}],"line":375},"16":{"loc":{"start":{"line":407,"column":38},"end":{"line":407,"column":57}},"type":"binary-expr","locations":[{"start":{"line":407,"column":38},"end":{"line":407,"column":49}},{"start":{"line":407,"column":49},"end":{"line":407,"column":57}}],"line":407},"17":{"loc":{"start":{"line":407,"column":64},"end":{"line":407,"column":83}},"type":"binary-expr","locations":[{"start":{"line":407,"column":64},"end":{"line":407,"column":72}},{"start":{"line":407,"column":72},"end":{"line":407,"column":83}}],"line":407},"18":{"loc":{"start":{"line":407,"column":118},"end":{"line":407,"column":147}},"type":"binary-expr","locations":[{"start":{"line":407,"column":118},"end":{"line":407,"column":139}},{"start":{"line":407,"column":139},"end":{"line":407,"column":147}}],"line":407},"19":{"loc":{"start":{"line":413,"column":24},"end":{"line":413,"column":null}},"type":"binary-expr","locations":[{"start":{"line":413,"column":24},"end":{"line":413,"column":70}},{"start":{"line":413,"column":70},"end":{"line":413,"column":null}}],"line":413},"20":{"loc":{"start":{"line":428,"column":4},"end":{"line":433,"column":null}},"type":"if","locations":[{"start":{"line":428,"column":4},"end":{"line":433,"column":null}},{"start":{},"end":{}}],"line":428},"21":{"loc":{"start":{"line":429,"column":6},"end":{"line":430,"column":null}},"type":"binary-expr","locations":[{"start":{"line":429,"column":6},"end":{"line":429,"column":null}},{"start":{"line":430,"column":6},"end":{"line":430,"column":null}}],"line":429},"22":{"loc":{"start":{"line":438,"column":4},"end":{"line":445,"column":null}},"type":"if","locations":[{"start":{"line":438,"column":4},"end":{"line":445,"column":null}},{"start":{"line":443,"column":11},"end":{"line":445,"column":null}}],"line":438},"23":{"loc":{"start":{"line":439,"column":6},"end":{"line":440,"column":null}},"type":"binary-expr","locations":[{"start":{"line":439,"column":6},"end":{"line":439,"column":null}},{"start":{"line":440,"column":6},"end":{"line":440,"column":null}}],"line":439},"24":{"loc":{"start":{"line":449,"column":4},"end":{"line":451,"column":null}},"type":"if","locations":[{"start":{"line":449,"column":4},"end":{"line":451,"column":null}},{"start":{},"end":{}}],"line":449},"25":{"loc":{"start":{"line":452,"column":4},"end":{"line":454,"column":null}},"type":"if","locations":[{"start":{"line":452,"column":4},"end":{"line":454,"column":null}},{"start":{},"end":{}}],"line":452},"26":{"loc":{"start":{"line":455,"column":4},"end":{"line":457,"column":null}},"type":"if","locations":[{"start":{"line":455,"column":4},"end":{"line":457,"column":null}},{"start":{},"end":{}}],"line":455},"27":{"loc":{"start":{"line":462,"column":4},"end":{"line":470,"column":null}},"type":"if","locations":[{"start":{"line":462,"column":4},"end":{"line":470,"column":null}},{"start":{"line":464,"column":4},"end":{"line":470,"column":null}}],"line":462},"28":{"loc":{"start":{"line":464,"column":4},"end":{"line":470,"column":null}},"type":"if","locations":[{"start":{"line":464,"column":4},"end":{"line":470,"column":null}},{"start":{"line":466,"column":4},"end":{"line":470,"column":null}}],"line":464},"29":{"loc":{"start":{"line":466,"column":4},"end":{"line":470,"column":null}},"type":"if","locations":[{"start":{"line":466,"column":4},"end":{"line":470,"column":null}},{"start":{"line":468,"column":11},"end":{"line":470,"column":null}}],"line":466},"30":{"loc":{"start":{"line":474,"column":4},"end":{"line":476,"column":null}},"type":"if","locations":[{"start":{"line":474,"column":4},"end":{"line":476,"column":null}},{"start":{},"end":{}}],"line":474}},"s":{"0":0,"1":0,"2":0,"3":0,"4":0,"5":0,"6":0,"7":0,"8":0,"9":0,"10":0,"11":0,"12":0,"13":0,"14":0,"15":0,"16":0,"17":0,"18":0,"19":0,"20":0,"21":0,"22":0,"23":0,"24":0,"25":0,"26":0,"27":0,"28":0,"29":0,"30":0,"31":0,"32":0,"33":0,"34":0,"35":0,"36":0,"37":0,"38":0,"39":0,"40":0,"41":0,"42":0,"43":0,"44":0,"45":0,"46":0,"47":0,"48":0,"49":0,"50":0,"51":0,"52":0,"53":0,"54":0,"55":0,"56":0,"57":0,"58":0,"59":0,"60":0,"61":0,"62":0,"63":0,"64":0,"65":0,"66":0,"67":0,"68":0,"69":0,"70":0,"71":0,"72":0,"73":0,"74":0,"75":0,"76":0,"77":0,"78":0,"79":0,"80":0,"81":0,"82":0,"83":0,"84":0,"85":0,"86":0,"87":0,"88":0,"89":0,"90":0,"91":0,"92":0,"93":0,"94":0,"95":0,"96":0,"97":0,"98":0,"99":0,"100":0,"101":0,"102":0,"103":0,"104":0,"105":0,"106":0,"107":0,"108":0,"109":0,"110":0,"111":0,"112":0,"113":0,"114":0,"115":0,"116":0,"117":0,"118":0,"119":0,"120":0,"121":0,"122":0,"123":0,"124":0,"125":0,"126":0,"127":0,"128":0,"129":0,"130":0,"131":0,"132":0,"133":0,"134":0,"135":0,"136":0,"137":0,"138":0,"139":0,"140":0,"141":0,"142":0,"143":0,"144":0,"145":0,"146":0,"147":0,"148":0,"149":0,"150":0,"151":0,"152":0,"153":0,"154":0,"155":0,"156":0,"157":0,"158":0,"159":0,"160":0,"161":0,"162":0,"163":0,"164":0,"165":0,"166":0,"167":0,"168":0,"169":0,"170":0,"171":0,"172":0,"173":0,"174":0,"175":0,"176":0,"177":0,"178":0,"179":0,"180":0,"181":0,"182":0,"183":0,"184":0,"185":0,"186":0,"187":0,"188":0,"189":0,"190":0,"191":0,"192":0,"193":0,"194":0,"195":0,"196":0},"f":{"0":0,"1":0,"2":0,"3":0,"4":0,"5":0,"6":0,"7":0,"8":0,"9":0,"10":0,"11":0,"12":0,"13":0,"14":0,"15":0,"16":0,"17":0,"18":0,"19":0,"20":0,"21":0,"22":0,"23":0,"24":0,"25":0,"26":0,"27":0,"28":0,"29":0,"30":0,"31":0,"32":0,"33":0,"34":0,"35":0,"36":0,"37":0,"38":0,"39":0,"40":0,"41":0,"42":0,"43":0},"b":{"0":[0,0],"1":[0],"2":[0,0],"3":[0,0],"4":[0,0],"5":[0,0],"6":[0,0],"7":[0,0],"8":[0,0],"9":[0,0],"10":[0,0],"11":[0,0],"12":[0,0],"13":[0,0],"14":[0,0],"15":[0,0],"16":[0,0],"17":[0,0],"18":[0,0],"19":[0,0],"20":[0,0],"21":[0,0],"22":[0,0],"23":[0,0],"24":[0,0],"25":[0,0],"26":[0,0],"27":[0,0],"28":[0,0],"29":[0,0],"30":[0,0]},"meta":{"lastBranch":31,"lastFunction":44,"lastStatement":197,"seen":{"s:12:20:12:Infinity":0,"s:15:7:15:Infinity":1,"f:15:7:15:12":0,"s:16:2:16:10":2,"s:17:2:17:10":3,"s:18:2:18:9":4,"s:19:2:19:9":5,"s:20:2:20:10":6,"s:21:2:21:13":7,"s:15:12:15:Infinity":8,"b:15:12:15:Infinity:15:12:15:Infinity":0,"s:27:29:27:Infinity":9,"s:28:38:28:Infinity":10,"s:29:39:29:Infinity":11,"s:30:24:30:Infinity":12,"s:31:25:31:Infinity":13,"s:32:21:32:Infinity":14,"s:33:25:33:Infinity":15,"s:34:29:34:Infinity":16,"s:35:40:35:Infinity":17,"s:36:18:36:Infinity":18,"s:37:36:37:Infinity":19,"f:43:2:43:Infinity":1,"b:46:12:46:Infinity":1,"s:50:4:50:Infinity":20,"s:51:4:51:Infinity":21,"s:52:4:52:Infinity":22,"s:53:4:53:Infinity":23,"b:53:23:53:38:53:38:53:Infinity":2,"s:54:4:54:Infinity":24,"b:54:22:54:36:54:36:54:Infinity":3,"f:57:2:57:10":2,"s:58:4:58:Infinity":25,"f:61:2:61:Infinity":3,"s:67:4:67:Infinity":26,"s:68:4:68:Infinity":27,"s:69:4:69:Infinity":28,"s:70:4:70:Infinity":29,"f:73:2:73:13":4,"s:74:4:74:Infinity":30,"s:75:4:75:Infinity":31,"f:78:2:78:20":5,"s:79:4:79:Infinity":32,"f:82:2:82:31":6,"s:83:4:83:Infinity":33,"f:86:2:86:14":7,"s:87:4:87:Infinity":34,"f:90:2:90:12":8,"s:91:4:91:Infinity":35,"f:94:2:94:33":9,"s:95:4:95:Infinity":36,"f:98:2:98:34":10,"s:99:4:99:Infinity":37,"f:102:2:102:27":11,"s:103:4:103:Infinity":38,"f:106:2:106:28":12,"s:107:4:107:Infinity":39,"f:111:2:111:32":13,"s:112:4:112:Infinity":40,"f:115:2:115:30":14,"s:116:4:116:Infinity":41,"f:119:2:119:59":15,"s:120:4:424:Infinity":42,"f:121:17:121:18":16,"s:122:8:122:Infinity":43,"s:123:24:123:Infinity":44,"b:125:8:127:Infinity:undefined:undefined:undefined:undefined":4,"s:125:8:127:Infinity":45,"s:126:10:126:Infinity":46,"s:128:8:128:Infinity":47,"f:131:27:131:28":17,"s:132:8:132:Infinity":48,"b:133:8:135:Infinity:undefined:undefined:undefined:undefined":5,"s:133:8:135:Infinity":49,"s:134:10:134:Infinity":50,"s:136:8:136:Infinity":51,"f:139:27:139:28":18,"s:140:8:140:Infinity":52,"s:141:8:141:Infinity":53,"s:142:8:142:Infinity":54,"s:143:8:143:Infinity":55,"f:146:26:146:Infinity":19,"s:152:8:152:Infinity":56,"s:153:21:153:Infinity":57,"s:154:20:154:Infinity":58,"b:155:8:159:Infinity:undefined:undefined:undefined:undefined":6,"s:155:8:159:Infinity":59,"s:156:10:156:Infinity":60,"s:157:10:157:Infinity":61,"s:158:10:158:Infinity":62,"s:160:22:160:Infinity":63,"b:160:48:160:54:160:54:160:Infinity":7,"s:161:8:161:Infinity":64,"b:161:38:161:47:161:47:161:51":8,"s:162:8:162:Infinity":65,"f:165:26:165:Infinity":20,"s:171:8:173:Infinity":66,"s:174:21:174:Infinity":67,"s:175:22:175:Infinity":68,"s:178:8:178:Infinity":69,"s:179:8:179:Infinity":70,"s:180:8:180:Infinity":71,"f:183:34:183:Infinity":21,"s:190:8:192:Infinity":72,"s:193:20:193:Infinity":73,"s:194:20:194:Infinity":74,"s:195:22:195:Infinity":75,"b:196:8:200:Infinity:undefined:undefined:undefined:undefined":9,"s:196:8:200:Infinity":76,"s:197:10:197:Infinity":77,"s:198:10:198:Infinity":78,"s:199:10:199:Infinity":79,"s:201:8:201:Infinity":80,"s:202:8:202:Infinity":81,"f:205:34:205:Infinity":22,"s:210:8:210:Infinity":82,"s:211:20:211:Infinity":83,"s:212:22:212:Infinity":84,"s:213:20:213:Infinity":85,"b:214:8:216:Infinity:undefined:undefined:undefined:undefined":10,"s:214:8:216:Infinity":86,"s:215:10:215:Infinity":87,"b:217:8:219:Infinity:undefined:undefined:undefined:undefined":11,"s:217:8:219:Infinity":88,"s:218:10:218:Infinity":89,"s:222:24:224:Infinity":90,"f:223:15:223:16":23,"s:223:22:223:53":91,"s:225:8:227:Infinity":92,"s:228:8:228:Infinity":93,"f:231:33:231:34":24,"s:232:8:232:Infinity":94,"s:233:20:233:Infinity":95,"s:235:21:235:Infinity":96,"s:236:8:236:Infinity":97,"s:237:8:239:Infinity":98,"s:240:8:240:Infinity":99,"f:243:34:243:Infinity":25,"s:250:8:252:Infinity":100,"s:253:20:253:Infinity":101,"s:254:22:254:Infinity":102,"s:255:20:255:Infinity":103,"s:256:25:256:Infinity":104,"s:257:8:257:Infinity":105,"b:257:30:257:55:257:55:257:Infinity":12,"s:258:8:258:Infinity":106,"s:259:8:259:Infinity":107,"f:262:38:262:Infinity":26,"s:269:8:271:Infinity":108,"s:272:20:272:Infinity":109,"s:273:22:273:Infinity":110,"s:274:20:274:Infinity":111,"s:275:8:275:Infinity":112,"s:276:8:276:Infinity":113,"s:277:8:277:Infinity":114,"f:280:37:280:Infinity":27,"s:285:8:287:Infinity":115,"s:288:20:288:Infinity":116,"s:289:20:289:Infinity":117,"s:290:8:290:Infinity":118,"s:291:8:291:Infinity":119,"s:292:8:292:Infinity":120,"f:295:34:295:Infinity":28,"s:300:8:302:Infinity":121,"s:303:20:303:Infinity":122,"s:304:20:304:Infinity":123,"s:305:8:305:Infinity":124,"s:306:8:306:Infinity":125,"f:309:30:309:Infinity":29,"s:316:8:318:Infinity":126,"s:319:21:319:Infinity":127,"s:320:22:320:Infinity":128,"s:321:22:324:Infinity":129,"b:323:23:323:40:323:40:323:Infinity":13,"b:325:8:329:Infinity:undefined:undefined:undefined:undefined":14,"s:325:8:329:Infinity":130,"s:326:10:328:Infinity":131,"s:330:8:330:Infinity":132,"s:331:8:331:Infinity":133,"f:334:31:334:Infinity":30,"s:339:8:339:Infinity":134,"s:340:21:340:Infinity":135,"s:341:23:341:Infinity":136,"s:342:8:342:Infinity":137,"s:343:8:343:Infinity":138,"s:344:8:344:Infinity":139,"f:347:30:347:Infinity":31,"s:354:8:356:Infinity":140,"s:357:21:357:Infinity":141,"s:358:22:358:Infinity":142,"s:359:23:359:Infinity":143,"s:360:23:360:Infinity":144,"s:361:23:361:Infinity":145,"s:362:21:364:Infinity":146,"s:365:8:365:Infinity":147,"s:366:8:366:Infinity":148,"s:367:8:367:Infinity":149,"s:368:24:368:Infinity":150,"s:369:8:369:Infinity":151,"s:370:8:370:Infinity":152,"f:373:35:373:36":32,"s:374:8:374:Infinity":153,"s:375:8:375:Infinity":154,"b:375:32:375:45:375:45:375:Infinity":15,"s:376:8:376:Infinity":155,"f:379:33:379:Infinity":33,"s:387:8:389:Infinity":156,"s:390:27:390:Infinity":157,"s:391:21:391:Infinity":158,"s:392:8:395:Infinity":159,"s:396:8:396:Infinity":160,"f:399:13:399:Infinity":34,"s:405:24:405:Infinity":161,"s:406:21:406:Infinity":162,"s:407:23:407:Infinity":163,"b:407:38:407:49:407:49:407:57":16,"b:407:64:407:72:407:72:407:83":17,"b:407:118:407:139:407:139:407:147":18,"s:408:8:408:Infinity":164,"s:409:8:409:Infinity":165,"f:412:13:412:14":35,"s:413:24:413:Infinity":166,"b:413:24:413:70:413:70:413:Infinity":19,"s:414:8:414:Infinity":167,"f:422:8:422:9":36,"s:422:25:422:Infinity":168,"f:427:10:427:23":37,"b:428:4:433:Infinity:undefined:undefined:undefined:undefined":20,"s:428:4:433:Infinity":169,"b:429:6:429:Infinity:430:6:430:Infinity":21,"s:432:6:432:Infinity":170,"s:434:4:434:Infinity":171,"f:437:10:437:23":38,"b:438:4:445:Infinity:443:11:445:Infinity":22,"s:438:4:445:Infinity":172,"b:439:6:439:Infinity:440:6:440:Infinity":23,"s:442:6:442:Infinity":173,"s:444:6:444:Infinity":174,"f:448:10:448:18":39,"b:449:4:451:Infinity:undefined:undefined:undefined:undefined":24,"s:449:4:451:Infinity":175,"s:450:6:450:Infinity":176,"b:452:4:454:Infinity:undefined:undefined:undefined:undefined":25,"s:452:4:454:Infinity":177,"s:453:6:453:Infinity":178,"b:455:4:457:Infinity:undefined:undefined:undefined:undefined":26,"s:455:4:457:Infinity":179,"s:456:6:456:Infinity":180,"s:458:4:458:Infinity":181,"f:461:10:461:18":40,"b:462:4:470:Infinity:464:4:470:Infinity":27,"s:462:4:470:Infinity":182,"s:463:6:463:Infinity":183,"b:464:4:470:Infinity:466:4:470:Infinity":28,"s:464:4:470:Infinity":184,"s:465:6:465:Infinity":185,"b:466:4:470:Infinity:468:11:470:Infinity":29,"s:466:4:470:Infinity":186,"s:467:6:467:Infinity":187,"s:469:6:469:Infinity":188,"f:473:10:473:19":41,"b:474:4:476:Infinity:undefined:undefined:undefined:undefined":30,"s:474:4:476:Infinity":189,"s:475:6:475:Infinity":190,"s:477:18:477:Infinity":191,"s:478:4:478:Infinity":192,"s:479:4:479:Infinity":193,"f:482:10:482:26":42,"s:483:4:483:Infinity":194,"s:484:4:484:Infinity":195,"f:488:9:488:20":43,"s:489:2:489:Infinity":196}}}
,"/home/gdoco/dev/playground/proxy-runner/server/runner/MemoryManager.ts": {"path":"/home/gdoco/dev/playground/proxy-runner/server/runner/MemoryManager.ts","statementMap":{"0":{"start":{"line":1,"column":20},"end":{"line":1,"column":null}},"1":{"start":{"line":2,"column":20},"end":{"line":2,"column":null}},"2":{"start":{"line":7,"column":46},"end":{"line":7,"column":null}},"3":{"start":{"line":8,"column":50},"end":{"line":8,"column":null}},"4":{"start":{"line":9,"column":28},"end":{"line":9,"column":null}},"5":{"start":{"line":10,"column":44},"end":{"line":10,"column":null}},"6":{"start":{"line":11,"column":27},"end":{"line":11,"column":null}},"7":{"start":{"line":14,"column":4},"end":{"line":14,"column":null}},"8":{"start":{"line":18,"column":4},"end":{"line":18,"column":null}},"9":{"start":{"line":22,"column":4},"end":{"line":22,"column":null}},"10":{"start":{"line":26,"column":4},"end":{"line":26,"column":null}},"11":{"start":{"line":30,"column":4},"end":{"line":30,"column":null}},"12":{"start":{"line":34,"column":4},"end":{"line":36,"column":null}},"13":{"start":{"line":35,"column":6},"end":{"line":35,"column":null}},"14":{"start":{"line":37,"column":17},"end":{"line":37,"column":null}},"15":{"start":{"line":38,"column":4},"end":{"line":38,"column":null}},"16":{"start":{"line":42,"column":4},"end":{"line":42,"column":null}},"17":{"start":{"line":46,"column":4},"end":{"line":48,"column":null}},"18":{"start":{"line":47,"column":6},"end":{"line":47,"column":null}},"19":{"start":{"line":49,"column":18},"end":{"line":49,"column":null}},"20":{"start":{"line":50,"column":14},"end":{"line":50,"column":null}},"21":{"start":{"line":51,"column":4},"end":{"line":53,"column":null}},"22":{"start":{"line":52,"column":6},"end":{"line":52,"column":null}},"23":{"start":{"line":54,"column":4},"end":{"line":56,"column":null}},"24":{"start":{"line":60,"column":16},"end":{"line":60,"column":null}},"25":{"start":{"line":61,"column":4},"end":{"line":63,"column":null}},"26":{"start":{"line":62,"column":6},"end":{"line":62,"column":null}},"27":{"start":{"line":64,"column":4},"end":{"line":67,"column":null}},"28":{"start":{"line":65,"column":19},"end":{"line":65,"column":null}},"29":{"start":{"line":66,"column":6},"end":{"line":66,"column":null}},"30":{"start":{"line":68,"column":4},"end":{"line":68,"column":null}},"31":{"start":{"line":72,"column":4},"end":{"line":74,"column":null}},"32":{"start":{"line":73,"column":6},"end":{"line":73,"column":null}},"33":{"start":{"line":75,"column":4},"end":{"line":77,"column":null}},"34":{"start":{"line":76,"column":6},"end":{"line":76,"column":null}},"35":{"start":{"line":78,"column":17},"end":{"line":78,"column":null}},"36":{"start":{"line":79,"column":4},"end":{"line":79,"column":null}},"37":{"start":{"line":87,"column":18},"end":{"line":87,"column":null}},"38":{"start":{"line":88,"column":4},"end":{"line":88,"column":null}},"39":{"start":{"line":96,"column":4},"end":{"line":98,"column":null}},"40":{"start":{"line":97,"column":6},"end":{"line":97,"column":null}},"41":{"start":{"line":99,"column":16},"end":{"line":99,"column":null}},"42":{"start":{"line":100,"column":4},"end":{"line":102,"column":null}},"43":{"start":{"line":101,"column":6},"end":{"line":101,"column":null}},"44":{"start":{"line":103,"column":4},"end":{"line":105,"column":null}},"45":{"start":{"line":104,"column":6},"end":{"line":104,"column":null}},"46":{"start":{"line":114,"column":4},"end":{"line":116,"column":null}},"47":{"start":{"line":115,"column":6},"end":{"line":115,"column":null}},"48":{"start":{"line":117,"column":17},"end":{"line":117,"column":null}},"49":{"start":{"line":118,"column":16},"end":{"line":118,"column":null}},"50":{"start":{"line":119,"column":17},"end":{"line":119,"column":null}},"51":{"start":{"line":120,"column":4},"end":{"line":130,"column":null}},"52":{"start":{"line":120,"column":17},"end":{"line":120,"column":20}},"53":{"start":{"line":121,"column":19},"end":{"line":121,"column":null}},"54":{"start":{"line":122,"column":18},"end":{"line":122,"column":null}},"55":{"start":{"line":123,"column":18},"end":{"line":123,"column":null}},"56":{"start":{"line":124,"column":6},"end":{"line":129,"column":null}},"57":{"start":{"line":125,"column":8},"end":{"line":125,"column":null}},"58":{"start":{"line":126,"column":8},"end":{"line":128,"column":null}},"59":{"start":{"line":131,"column":4},"end":{"line":160,"column":null}},"60":{"start":{"line":132,"column":22},"end":{"line":132,"column":null}},"61":{"start":{"line":134,"column":6},"end":{"line":136,"column":null}},"62":{"start":{"line":135,"column":8},"end":{"line":135,"column":null}},"63":{"start":{"line":139,"column":18},"end":{"line":139,"column":null}},"64":{"start":{"line":140,"column":25},"end":{"line":140,"column":null}},"65":{"start":{"line":142,"column":25},"end":{"line":144,"column":null}},"66":{"start":{"line":145,"column":6},"end":{"line":157,"column":null}},"67":{"start":{"line":146,"column":26},"end":{"line":146,"column":null}},"68":{"start":{"line":147,"column":8},"end":{"line":147,"column":null}},"69":{"start":{"line":148,"column":49},"end":{"line":155,"column":null}},"70":{"start":{"line":156,"column":8},"end":{"line":156,"column":null}},"71":{"start":{"line":159,"column":6},"end":{"line":159,"column":null}},"72":{"start":{"line":161,"column":4},"end":{"line":163,"column":null}},"73":{"start":{"line":162,"column":6},"end":{"line":162,"column":null}},"74":{"start":{"line":164,"column":4},"end":{"line":164,"column":null}},"75":{"start":{"line":168,"column":4},"end":{"line":170,"column":null}},"76":{"start":{"line":169,"column":6},"end":{"line":169,"column":null}},"77":{"start":{"line":173,"column":6},"end":{"line":174,"column":null}},"78":{"start":{"line":175,"column":4},"end":{"line":179,"column":null}},"79":{"start":{"line":176,"column":6},"end":{"line":178,"column":null}},"80":{"start":{"line":181,"column":16},"end":{"line":181,"column":null}},"81":{"start":{"line":182,"column":4},"end":{"line":184,"column":null}},"82":{"start":{"line":183,"column":6},"end":{"line":183,"column":null}},"83":{"start":{"line":186,"column":4},"end":{"line":186,"column":null}},"84":{"start":{"line":190,"column":4},"end":{"line":192,"column":null}},"85":{"start":{"line":191,"column":6},"end":{"line":191,"column":null}},"86":{"start":{"line":193,"column":4},"end":{"line":195,"column":null}},"87":{"start":{"line":194,"column":6},"end":{"line":194,"column":null}},"88":{"start":{"line":196,"column":24},"end":{"line":196,"column":null}},"89":{"start":{"line":197,"column":23},"end":{"line":197,"column":null}},"90":{"start":{"line":198,"column":25},"end":{"line":198,"column":null}},"91":{"start":{"line":199,"column":4},"end":{"line":203,"column":null}},"92":{"start":{"line":200,"column":26},"end":{"line":200,"column":null}},"93":{"start":{"line":201,"column":26},"end":{"line":201,"column":null}},"94":{"start":{"line":202,"column":6},"end":{"line":202,"column":null}},"95":{"start":{"line":204,"column":16},"end":{"line":204,"column":null}},"96":{"start":{"line":205,"column":4},"end":{"line":205,"column":null}},"97":{"start":{"line":206,"column":4},"end":{"line":206,"column":null}}},"fnMap":{"0":{"name":"(anonymous_0)","decl":{"start":{"line":13,"column":2},"end":{"line":13,"column":12}},"loc":{"start":{"line":13,"column":46},"end":{"line":15,"column":null}},"line":13},"1":{"name":"(anonymous_1)","decl":{"start":{"line":17,"column":2},"end":{"line":17,"column":14}},"loc":{"start":{"line":17,"column":52},"end":{"line":19,"column":null}},"line":17},"2":{"name":"(anonymous_2)","decl":{"start":{"line":21,"column":2},"end":{"line":21,"column":16}},"loc":{"start":{"line":21,"column":16},"end":{"line":23,"column":null}},"line":21},"3":{"name":"(anonymous_3)","decl":{"start":{"line":25,"column":2},"end":{"line":25,"column":17}},"loc":{"start":{"line":25,"column":46},"end":{"line":27,"column":null}},"line":25},"4":{"name":"(anonymous_4)","decl":{"start":{"line":29,"column":2},"end":{"line":29,"column":18}},"loc":{"start":{"line":29,"column":47},"end":{"line":31,"column":null}},"line":29},"5":{"name":"(anonymous_5)","decl":{"start":{"line":33,"column":2},"end":{"line":33,"column":12}},"loc":{"start":{"line":33,"column":50},"end":{"line":39,"column":null}},"line":33},"6":{"name":"(anonymous_6)","decl":{"start":{"line":41,"column":2},"end":{"line":41,"column":13}},"loc":{"start":{"line":41,"column":47},"end":{"line":43,"column":null}},"line":41},"7":{"name":"(anonymous_7)","decl":{"start":{"line":45,"column":2},"end":{"line":45,"column":21}},"loc":{"start":{"line":45,"column":49},"end":{"line":57,"column":null}},"line":45},"8":{"name":"(anonymous_8)","decl":{"start":{"line":59,"column":2},"end":{"line":59,"column":14}},"loc":{"start":{"line":59,"column":41},"end":{"line":69,"column":null}},"line":59},"9":{"name":"(anonymous_9)","decl":{"start":{"line":71,"column":2},"end":{"line":71,"column":11}},"loc":{"start":{"line":71,"column":45},"end":{"line":80,"column":null}},"line":71},"10":{"name":"(anonymous_10)","decl":{"start":{"line":82,"column":2},"end":{"line":82,"column":null}},"loc":{"start":{"line":86,"column":10},"end":{"line":89,"column":null}},"line":86},"11":{"name":"(anonymous_11)","decl":{"start":{"line":91,"column":2},"end":{"line":91,"column":null}},"loc":{"start":{"line":95,"column":10},"end":{"line":106,"column":null}},"line":95},"12":{"name":"(anonymous_12)","decl":{"start":{"line":108,"column":2},"end":{"line":108,"column":null}},"loc":{"start":{"line":113,"column":12},"end":{"line":165,"column":null}},"line":113},"13":{"name":"(anonymous_13)","decl":{"start":{"line":167,"column":10},"end":{"line":167,"column":19}},"loc":{"start":{"line":167,"column":41},"end":{"line":187,"column":null}},"line":167},"14":{"name":"(anonymous_14)","decl":{"start":{"line":189,"column":10},"end":{"line":189,"column":23}},"loc":{"start":{"line":189,"column":45},"end":{"line":207,"column":null}},"line":189}},"branchMap":{"0":{"loc":{"start":{"line":34,"column":4},"end":{"line":36,"column":null}},"type":"if","locations":[{"start":{"line":34,"column":4},"end":{"line":36,"column":null}},{"start":{},"end":{}}],"line":34},"1":{"loc":{"start":{"line":46,"column":4},"end":{"line":48,"column":null}},"type":"if","locations":[{"start":{"line":46,"column":4},"end":{"line":48,"column":null}},{"start":{},"end":{}}],"line":46},"2":{"loc":{"start":{"line":46,"column":8},"end":{"line":46,"column":30}},"type":"binary-expr","locations":[{"start":{"line":46,"column":8},"end":{"line":46,"column":16}},{"start":{"line":46,"column":16},"end":{"line":46,"column":30}}],"line":46},"3":{"loc":{"start":{"line":51,"column":11},"end":{"line":51,"column":63}},"type":"binary-expr","locations":[{"start":{"line":51,"column":11},"end":{"line":51,"column":39}},{"start":{"line":51,"column":39},"end":{"line":51,"column":63}}],"line":51},"4":{"loc":{"start":{"line":61,"column":4},"end":{"line":63,"column":null}},"type":"if","locations":[{"start":{"line":61,"column":4},"end":{"line":63,"column":null}},{"start":{},"end":{}}],"line":61},"5":{"loc":{"start":{"line":64,"column":4},"end":{"line":67,"column":null}},"type":"if","locations":[{"start":{"line":64,"column":4},"end":{"line":67,"column":null}},{"start":{},"end":{}}],"line":64},"6":{"loc":{"start":{"line":72,"column":4},"end":{"line":74,"column":null}},"type":"if","locations":[{"start":{"line":72,"column":4},"end":{"line":74,"column":null}},{"start":{},"end":{}}],"line":72},"7":{"loc":{"start":{"line":75,"column":4},"end":{"line":77,"column":null}},"type":"if","locations":[{"start":{"line":75,"column":4},"end":{"line":77,"column":null}},{"start":{},"end":{}}],"line":75},"8":{"loc":{"start":{"line":96,"column":4},"end":{"line":98,"column":null}},"type":"if","locations":[{"start":{"line":96,"column":4},"end":{"line":98,"column":null}},{"start":{},"end":{}}],"line":96},"9":{"loc":{"start":{"line":96,"column":8},"end":{"line":96,"column":38}},"type":"binary-expr","locations":[{"start":{"line":96,"column":8},"end":{"line":96,"column":24}},{"start":{"line":96,"column":24},"end":{"line":96,"column":38}}],"line":96},"10":{"loc":{"start":{"line":99,"column":33},"end":{"line":99,"column":75}},"type":"cond-expr","locations":[{"start":{"line":99,"column":48},"end":{"line":99,"column":56}},{"start":{"line":99,"column":56},"end":{"line":99,"column":75}}],"line":99},"11":{"loc":{"start":{"line":100,"column":4},"end":{"line":102,"column":null}},"type":"if","locations":[{"start":{"line":100,"column":4},"end":{"line":102,"column":null}},{"start":{},"end":{}}],"line":100},"12":{"loc":{"start":{"line":103,"column":4},"end":{"line":105,"column":null}},"type":"if","locations":[{"start":{"line":103,"column":4},"end":{"line":105,"column":null}},{"start":{},"end":{}}],"line":103},"13":{"loc":{"start":{"line":114,"column":4},"end":{"line":116,"column":null}},"type":"if","locations":[{"start":{"line":114,"column":4},"end":{"line":116,"column":null}},{"start":{},"end":{}}],"line":114},"14":{"loc":{"start":{"line":114,"column":8},"end":{"line":114,"column":39}},"type":"binary-expr","locations":[{"start":{"line":114,"column":8},"end":{"line":114,"column":24}},{"sta
[...]
ne":83,"column":37},"end":{"line":88,"column":null}},"21":{"start":{"line":90,"column":4},"end":{"line":90,"column":null}},"22":{"start":{"line":92,"column":4},"end":{"line":96,"column":null}},"23":{"start":{"line":93,"column":6},"end":{"line":95,"column":null}},"24":{"start":{"line":99,"column":4},"end":{"line":107,"column":null}},"25":{"start":{"line":110,"column":4},"end":{"line":112,"column":null}},"26":{"start":{"line":111,"column":6},"end":{"line":111,"column":null}},"27":{"start":{"line":114,"column":4},"end":{"line":116,"column":null}},"28":{"start":{"line":115,"column":6},"end":{"line":115,"column":null}},"29":{"start":{"line":118,"column":4},"end":{"line":120,"column":null}},"30":{"start":{"line":119,"column":6},"end":{"line":119,"column":null}},"31":{"start":{"line":122,"column":4},"end":{"line":124,"column":null}},"32":{"start":{"line":123,"column":6},"end":{"line":123,"column":null}},"33":{"start":{"line":127,"column":4},"end":{"line":127,"column":null}},"34":{"start":{"line":138,"column":4},"end":{"line":164,"column":null}},"35":{"start":{"line":139,"column":22},"end":{"line":139,"column":null}},"36":{"start":{"line":141,"column":6},"end":{"line":146,"column":null}},"37":{"start":{"line":142,"column":8},"end":{"line":145,"column":null}},"38":{"start":{"line":151,"column":6},"end":{"line":158,"column":null}},"39":{"start":{"line":152,"column":8},"end":{"line":157,"column":null}},"40":{"start":{"line":160,"column":6},"end":{"line":163,"column":null}},"41":{"start":{"line":171,"column":4},"end":{"line":171,"column":null}},"42":{"start":{"line":173,"column":4},"end":{"line":178,"column":null}},"43":{"start":{"line":174,"column":23},"end":{"line":174,"column":null}},"44":{"start":{"line":175,"column":6},"end":{"line":177,"column":null}},"45":{"start":{"line":181,"column":4},"end":{"line":181,"column":null}},"46":{"start":{"line":188,"column":4},"end":{"line":194,"column":null}},"47":{"start":{"line":189,"column":6},"end":{"line":193,"column":null}},"48":{"start":{"line":190,"column":8},"end":{"line":190,"column":null}},"49":{"start":{"line":192,"column":8},"end":{"line":192,"column":null}},"50":{"start":{"line":201,"column":4},"end":{"line":205,"column":null}},"51":{"start":{"line":202,"column":6},"end":{"line":204,"column":null}},"52":{"start":{"line":207,"column":20},"end":{"line":207,"column":null}},"53":{"start":{"line":208,"column":23},"end":{"line":208,"column":null}},"54":{"start":{"line":209,"column":20},"end":{"line":209,"column":null}},"55":{"start":{"line":211,"column":4},"end":{"line":226,"column":null}},"56":{"start":{"line":212,"column":6},"end":{"line":225,"column":null}},"57":{"start":{"line":213,"column":8},"end":{"line":222,"column":null}},"58":{"start":{"line":214,"column":10},"end":{"line":214,"column":null}},"59":{"start":{"line":215,"column":10},"end":{"line":215,"column":null}},"60":{"start":{"line":217,"column":10},"end":{"line":220,"column":null}},"61":{"start":{"line":221,"column":10},"end":{"line":221,"column":null}},"62":{"start":{"line":224,"column":8},"end":{"line":224,"column":null}},"63":{"start":{"line":228,"column":4},"end":{"line":232,"column":null}},"64":{"start":{"line":229,"column":6},"end":{"line":231,"column":null}},"65":{"start":{"line":239,"column":4},"end":{"line":247,"column":null}},"66":{"start":{"line":254,"column":4},"end":{"line":271,"column":null}},"67":{"start":{"line":255,"column":18},"end":{"line":255,"column":null}},"68":{"start":{"line":256,"column":22},"end":{"line":256,"column":null}},"69":{"start":{"line":258,"column":6},"end":{"line":270,"column":null}},"70":{"start":{"line":259,"column":8},"end":{"line":269,"column":null}},"71":{"start":{"line":260,"column":10},"end":{"line":264,"column":null}},"72":{"start":{"line":261,"column":12},"end":{"line":263,"column":null}},"73":{"start":{"line":265,"column":10},"end":{"line":265,"column":null}},"74":{"start":{"line":266,"column":10},"end":{"line":266,"column":null}},"75":{"start":{"line":267,"column":8},"end":{"line":269,"column":null}},"76":{"start":{"line":268,"column":10},"end":{"line":268,"column":null}},"77":{"start":{"line":278,"column":4},"end":{"line":278,"column":null}},"78":{"start":{"line":285,"column":4},"end":{"line":285,"column":null}},"79":{"start":{"line":285,"column":56},"end":{"line":285,"column":60}},"80":{"start":{"line":292,"column":4},"end":{"line":295,"column":null}},"81":{"start":{"line":293,"column":6},"end":{"line":293,"column":null}},"82":{"start":{"line":294,"column":6},"end":{"line":294,"column":null}},"83":{"start":{"line":298,"column":4},"end":{"line":300,"column":null}},"84":{"start":{"line":299,"column":6},"end":{"line":299,"column":null}},"85":{"start":{"line":302,"column":4},"end":{"line":302,"column":null}},"86":{"start":{"line":305,"column":4},"end":{"line":311,"column":null}},"87":{"start":{"line":306,"column":6},"end":{"line":310,"column":null}},"88":{"start":{"line":307,"column":8},"end":{"line":307,"column":null}},"89":{"start":{"line":308,"column":6},"end":{"line":310,"column":null}},"90":{"start":{"line":309,"column":8},"end":{"line":309,"column":null}}},"fnMap":{"0":{"name":"(anonymous_0)","decl":{"start":{"line":29,"column":2},"end":{"line":29,"column":14}},"loc":{"start":{"line":29,"column":58},"end":{"line":57,"column":null}},"line":29},"1":{"name":"(anonymous_1)","decl":{"start":{"line":41,"column":20},"end":{"line":41,"column":21}},"loc":{"start":{"line":45,"column":12},"end":{"line":52,"column":null}},"line":45},"2":{"name":"(anonymous_2)","decl":{"start":{"line":62,"column":10},"end":{"line":62,"column":30}},"loc":{"start":{"line":62,"column":30},"end":{"line":74,"column":null}},"line":62},"3":{"name":"(anonymous_3)","decl":{"start":{"line":63,"column":30},"end":{"line":63,"column":31}},"loc":{"start":{"line":63,"column":71},"end":{"line":65,"column":5}},"line":63},"4":{"name":"(anonymous_4)","decl":{"start":{"line":67,"column":25},"end":{"line":67,"column":26}},"loc":{"start":{"line":67,"column":43},"end":{"line":69,"column":5}},"line":67},"5":{"name":"(anonymous_5)","decl":{"start":{"line":79,"column":10},"end":{"line":79,"column":27}},"loc":{"start":{"line":79,"column":70},"end":{"line":128,"column":null}},"line":79},"6":{"name":"(anonymous_6)","decl":{"start":{"line":110,"column":21},"end":{"line":110,"column":22}},"loc":{"start":{"line":110,"column":39},"end":{"line":112,"column":5}},"line":110},"7":{"name":"(anonymous_7)","decl":{"start":{"line":114,"column":18},"end":{"line":114,"column":24}},"loc":{"start":{"line":114,"column":24},"end":{"line":116,"column":5}},"line":114},"8":{"name":"(anonymous_8)","decl":{"start":{"line":118,"column":19},"end":{"line":118,"column":25}},"loc":{"start":{"line":118,"column":25},"end":{"line":120,"column":5}},"line":118},"9":{"name":"(anonymous_9)","decl":{"start":{"line":122,"column":19},"end":{"line":122,"column":20}},"loc":{"start":{"line":122,"column":37},"end":{"line":124,"column":5}},"line":122},"10":{"name":"(anonymous_10)","decl":{"start":{"line":133,"column":10},"end":{"line":133,"column":null}},"loc":{"start":{"line":137,"column":10},"end":{"line":165,"column":null}},"line":137},"11":{"name":"(anonymous_11)","decl":{"start":{"line":170,"column":10},"end":{"line":170,"column":30}},"loc":{"start":{"line":170,"column":77},"end":{"line":182,"column":null}},"line":170},"12":{"name":"(anonymous_12)","decl":{"start":{"line":187,"column":10},"end":{"line":187,"column":23}},"loc":{"start":{"line":187,"column":64},"end":{"line":195,"column":null}},"line":187},"13":{"name":"(anonymous_13)","decl":{"start":{"line":200,"column":9},"end":{"line":200,"column":19}},"loc":{"start":{"line":200,"column":45},"end":{"line":233,"column":null}},"line":200},"14":{"name":"(anonymous_14)","decl":{"start":{"line":211,"column":25},"end":{"line":211,"column":26}},"loc":{"start":{"line":211,"column":43},"end":{"line":226,"column":5}},"line":211},"15":{"name":"(anonymous_15)","decl":{"start":{"line":238,"column":10},"end":{"line":238,"column":39}},"loc":{"start":{"line":238,"column":39},"end":{"line":248,"column":null}},"line":238},"16":{"name":"(anonymous_16)","decl":{"start":{"line":253,"column":10},"end":{"line":253,"column":36}},"loc":{"start":{"line":253,"column":36},"end":{"line":272,"column":null}},"line":253},"17":{"name":"(anonymous_17)","decl":{"start":{"line":254,"column":36},"end":{"line":254,"column":42}},"loc":{"start":{"line":254,"column":42},"end":{"line":271,"column":7}},"line":254},"18":{"name":"(anonymous_18)","decl":{"start":{"line":258,"column":27},"end":{"line":258,"column":28}},"loc":{"start":{"line":258,"column":45},"end":{"line":270,"column":7}},"line":258},"19":{"name":"(anonymous_19)","decl":{"start":{"line":277,"column":9},"end":{"line":277,"column":34}},"loc":{"start":{"line":277,"column":34},"end":{"line":279,"column":null}},"line":277},"20":{"name":"(anonymous_20)","decl":{"start":{"line":284,"column":9},"end":{"line":284,"column":34}},"loc":{"start":{"line":284,"column":34},"end":{"line":286,"column":null}},"line":284},"21":{"name":"(anonymous_21)","decl":{"start":{"line":285,"column":49},"end":{"line":285,"column":50}},"loc":{"start":{"line":285,"column":56},"end":{"line":285,"column":60}},"line":285},"22":{"name":"(anonymous_22)","decl":{"start":{"line":291,"column":9},"end":{"line":291,"column":23}},"loc":{"start":{"line":291,"column":23},"end":{"line":312,"column":null}},"line":291},"23":{"name":"(anonymous_23)","decl":{"start":{"line":298,"column":25},"end":{"line":298,"column":26}},"loc":{"start":{"line":298,"column":43},"end":{"line":300,"column":5}},"line":298},"24":{"name":"(anonymous_24)","decl":{"start":{"line":305,"column":19},"end":{"line":305,"column":20}},"loc":{"start":{"line":305,"column":28},"end":{"line":311,"column":5}},"line":305}},"branchMap":{"0":{"loc":{"start":{"line":29,"column":34},"end":{"line":29,"column":58}},"type":"default-arg","locations":[{"start":{"line":29,"column":51},"end":{"line":29,"column":58}}],"line":29},"1":{"loc":{"start":{"line":32,"column":4},"end":{"line":36,"column":null}},"type":"if","locations":[{"start":{"line":32,"column":4},"end":{"line":36,"column":null}},{"start":{},"end":{}}],"line":32},"2":{"loc":{"start":{"line":46,"column":8},"end":{"line":50,"column":null}},"type":"if","locations":[{"start":{"line":46,"column":8},"end":{"line":50,"column":null}},{"start":{},"end":{}}],"line":46},"3":{"loc":{"start":{"line":71,"column":4},"end":{"line":73,"column":null}},"type":"if","locations":[{"start":{"line":71,"column":4},"end":{"line":73,"column":null}},{"start":{},"end":{}}],"line":71},"4":{"loc":{"start":{"line":81,"column":15},"end":{"line":81,"column":null}},"type":"binary-expr","locations":[{"start":{"line":81,"column":15},"end":{"line":81,"column":43}},{"start":{"line":81,"column":43},"end":{"line":81,"column":null}}],"line":81},"5":{"loc":{"start":{"line":92,"column":4},"end":{"line":96,"column":null}},"type":"if","locations":[{"start":{"line":92,"column":4},"end":{"line":96,"column":null}},{"start":{},"end":{}}],"line":92},"6":{"loc":{"start":{"line":141,"column":6},"end":{"line":146,"column":null}},"type":"if","locations":[{"start":{"line":141,"column":6},"end":{"line":146,"column":null}},{"start":{},"end":{}}],"line":141},"7":{"loc":{"start":{"line":151,"column":6},"end":{"line":158,"column":null}},"type":"if","locations":[{"start":{"line":151,"column":6},"end":{"line":158,"column":null}},{"start":{},"end":{}}],"line":151},"8":{"loc":{"start":{"line":173,"column":4},"end":{"line":178,"column":null}},"type":"if","locations":[{"start":{"line":173,"column":4},"end":{"line":178,"column":null}},{"start":{},"end":{}}],"line":173},"9":{"loc":{"start":{"line":188,"column":4},"end":{"line":194,"column":null}},"type":"if","locations":[{"start":{"line":188,"column":4},"end":{"line":194,"column":null}},{"start":{},"end":{}}],"line":188},"10":{"loc":{"start":{"line":201,"column":4},"end":{"line":205,"column":null}},"type":"if","locations":[{"start":{"line":201,"column":4},"end":{"line":205,"column":null}},{"start":{},"end":{}}],"line":201},"11":{"loc":{"start":{"line":212,"column":6},"end":{"line":225,"column":null}},"type":"if","locations":[{"start":{"line":212,"column":6},"end":{"line":225,"column":null}},{"start":{"line":223,"column":13},"end":{"line":225,"column":null}}],"line":212},"12":{"loc":{"start":{"line":228,"column":4},"end":{"line":232,"column":null}},"type":"if","locations":[{"start":{"line":228,"column":4},"end":{"line":232,"column":null}},{"start":{},"end":{}}],"line":228},"13":{"loc":{"start":{"line":228,"column":8},"end":{"line":228,"column":37}},"type":"binary-expr","locations":[{"start":{"line":228,"column":8},"end":{"line":228,"column":22}},{"start":{"line":228,"column":22},"end":{"line":228,"column":37}}],"line":228},"14":{"loc":{"start":{"line":259,"column":8},"end":{"line":269,"column":null}},"type":"if","locations":[{"start":{"line":259,"column":8},"end":{"line":269,"column":null}},{"start":{"line":267,"column":8},"end":{"line":269,"column":null}}],"line":259},"15":{"loc":{"start":{"line":260,"column":10},"end":{"line":264,"column":null}},"type":"if","locations":[{"start":{"line":260,"column":10},"end":{"line":264,"column":null}},{"start":{},"end":{}}],"line":260},"16":{"loc":{"start":{"line":267,"column":8},"end":{"line":269,"column":null}},"type":"if","locations":[{"start":{"line":267,"column":8},"end":{"line":269,"column":null}},{"start":{},"end":{}}],"line":267},"17":{"loc":{"start":{"line":292,"column":4},"end":{"line":295,"column":null}},"type":"if","locations":[{"start":{"line":292,"column":4},"end":{"line":295,"column":null}},{"start":{},"end":{}}],"line":292},"18":{"loc":{"start":{"line":306,"column":6},"end":{"line":310,"column":null}},"type":"if","locations":[{"start":{"line":306,"column":6},"end":{"line":310,"column":null}},{"start":{"line":308,"column":6},"end":{"line":310,"column":null}}],"line":306},"19":{"loc":{"start":{"line":308,"column":6},"end":{"line":310,"column":null}},"type":"if","locations":[{"start":{"line":308,"column":6},"end":{"line":310,"column":null}},{"start":{},"end":{}}],"line":308}},"s":{"0":0,"1":0,"2":0,"3":0,"4":0,"5":0,"6":0,"7":0,"8":0,"9":0,"10":0,"11":0,"12":0,"13":0,"14":0,"15":0,"16":0,"17":0,"18":0,"19":0,"20":0,"21":0,"22":0,"23":0,"24":0,"25":0,"26":0,"27":0,"28":0,"29":0,"30":0,"31":0,"32":0,"33":0,"34":0,"35":0,"36":0,"37":0,"38":0,"39":0,"40":0,"41":0,"42":0,"43":0,"44":0,"45":0,"46":0,"47":0,"48":0,"49":0,"50":0,"51":0,"52":0,"53":0,"54":0,"55":0,"56":0,"57":0,"58":0,"59":0,"60":0,"61":0,"62":0,"63":0,"64":0,"65":0,"66":0,"67":0,"68":0,"69":0,"70":0,"71":0,"72":0,"73":0,"74":0,"75":0,"76":0,"77":0,"78":0,"79":0,"80":0,"81":0,"82":0,"83":0,"84":0,"85":0,"86":0,"87":0,"88":0,"89":0,"90":0},"f":{"0":0,"1":0,"2":0,"3":0,"4":0,"5":0,"6":0,"7":0,"8":0,"9":0,"10":0,"11":0,"12":0,"13":0,"14":0,"15":0,"16":0,"17":0,"18":0,"19":0,"20":0,"21":0,"22":0,"23":0,"24":0},"b":{"0":[0],"1":[0,0],"2":[0,0],"3":[0,0],"4":[0,0],"5":[0,0],"6":[0,0],"7":[0,0],"8":[0,0],"9":[0,0],"10":[0,0],"11":[0,0],"12":[0,0],"13":[0,0],"14":[0,0],"15":[0,0],"16":[0,0],"17":[0,0],"18":[0,0],"19":[0,0]},"meta":{"lastBranch":20,"lastFunction":25,"lastStatement":91,"seen":{"s:24:20:24:Infinity":0,"s:25:28:25:Infinity":1,"s:26:48:26:Infinity":2,"f:29:2:29:14":0,"b:29:51:29:58":0,"s:30:4:30:Infinity":3,"b:32:4:36:Infinity:undefined:undefined:undefined:undefined":1,"s:32:4:36:Infinity":4,"s:33:6:35:Infinity":5,"s:38:4:53:Infinity":6,"f:41:20:41:21":1,"b:46:8:50:Infinity:undefined:undefined:undefined:undefined":2,"s:46:8:50:Infinity":7,"s:47:10:49:Infinity":8,"s:51:8:51:Infinity":9,"s:55:4:55:Infinity":10,"s:56:4:56:Infinity":11,"f:62:10:62:30":2,"s:63:4:65:Infinity":12,"f:63:30:63:31":3,"s:64:6:64:Infinity":13,"s:67:4:69:Infinity":14,"f:67:25:67:26":4,"s:68:6:68:Infinity":15,"b:71:4:73:Infinity:undefined:undefined:undefined:undefined":3,"s:71:4:73:Infinity":16,"s:72:6:72:Infinity":17,"f:79:10:79:27":5,"s:80:21:80:Infinity":18,"s:81:15:81:Infinity":19,"b:81:15:81:43:81:43:81:Infinity":4,"s:83:37:88:Infinity":20,"s:90:4:90:Infinity":21,"b:92:4:96:Infinity:undefined:undefined:undefined:undefined":5,"s:92:4:96:Infinity":22,"s:93:6:95:Infinity":23,"s:99:4:107:Infinity":24,"s:110:4:112:Infinity":25,"f:110:21:110:22":6,"s:111:6:111:Infinity":26,"s:114:4:116:Infinity":27,"f:114:18:114:24":7,"s:115:6:115:Infinity":28,"s:118:4:120:Infinity":29,"f:118:19:118:25":8,"s:119:6:119:Infinity":30,"s:122:4:124:Infinity":31,"f:122:19:122:20":9,"s:123:6:123:Infinity":32,"s:127:4:127:Infinity":33,"f:133:10:133:Infinity":10,"s:138:4:164:Infinity":34,"s:139:22:139:Infinity":35,"b:141:6:146:Infinity:undefined:undefined:undefined:undefined":6,"s:141:6:146:Infinity":36,"s:142:8:145:Infinity":37,"b:151:6:158:Infinity:undefined:undefined:undefined:undefined":7,"s:151:6:158:Infinity":38,"s:152:8:157:Infinity":39,"s:160:6:163:Infinity":40,"f:170:10:170:30":11,"s:171:4:171:Infinity":41,"b:173:4:178:Infinity:undefined:undefined:undefined:undefined":8,"s:173:4:178:Infinity":42,"s:174:23:174:Infinity":43,"s:175:6:177:Infinity":44,"s:181:4:181:Infinity":45,"f:187:10:187:23":12,"b:188:4:194:Infinity:undefined:undefined:undefined:undefined":9,"s:188:4:194:Infinity":46,"s:189:6:193:Infinity":47,"s:190:8:190:Infinity":48,"s:192:8:192:Infinity":49,"f:200:9:200:19":13,"b:201:4:205:Infinity:undefined:undefined:undefined:undefined":10,"s:201:4:205:Infinity":50,"s:202:6:204:Infinity":51,"s:207:20:207:Infinity":52,"s:208:23:208:Infinity":53,"s:209:20:209:Infinity":54,"s:211:4:226:Infinity":55,"f:211:25:211:26":14,"b:212:6:225:Infinity:223:13:225:Infinity":11,"s:212:6:225:Infinity":56,"s:213:8:222:Infinity":57,"s:214:10:214:Infinity":58,"s:215:10:215:Infinity":59,"s:217:10:220:Infinity":60,"s:221:10:221:Infinity":61,"s:224:8:224:Infinity":62,"b:228:4:232:Infinity:undefined:undefined:undefined:undefined":12,"s:228:4:232:Infinity":63,"b:228:8:228:22:228:22:228:37":13,"s:229:6:231:Infinity":64,"f:238:10:238:39":15,"s:239:4:247:Infinity":65,"f:253:10:253:36":16,"s:254:4:271:Infinity":66,"f:254:36:254:42":17,"s:255:18:255:Infinity":67,"s:256:22:256:Infinity":68,"s:258:6:270:Infinity":69,"f:258:27:258:28":18,"b:259:8:269:Infinity:267:8:269:Infinity":14,"s:259:8:269:Infinity":70,"b:260:10:264:Infinity:undefined:undefined:undefined:undefined":15,"s:260:10:264:Infinity":71,"s:261:12:263:Infinity":72,"s:265:10:265:Infinity":73,"s:266:10:266:Infinity":74,"b:267:8:269:Infinity:undefined:undefined:undefined:undefined":16,"s:267:8:269:Infinity":75,"s:268:10:268:Infinity":76,"f:277:9:277:34":19,"s:278:4:278:Infinity":77,"f:284:9:284:34":20,"s:285:4:285:Infinity":78,"f:285:49:285:50":21,"s:285:56:285:60":79,"f:291:9:291:23":22,"b:292:4:295:Infinity:undefined:undefined:undefined:undefined":17,"s:292:4:295:Infinity":80,"s:293:6:293:Infinity":81,"s:294:6:294:Infinity":82,"s:298:4:300:Infinity":83,"f:298:25:298:26":23,"s:299:6:299:Infinity":84,"s:302:4:302:Infinity":85,"s:305:4:311:Infinity":86,"f:305:19:305:20":24,"b:306:6:310:Infinity:308:6:310:Infinity":18,"s:306:6:310:Infinity":87,"s:307:8:307:Infinity":88,"b:308:6:310:Infinity:undefined:undefined:undefined:undefined":19,"s:308:6:310:Infinity":89,"s:309:8:309:Infinity":90}}}
,"/home/gdoco/dev/playground/proxy-runner/server/websocket/index.ts": {"path":"/home/gdoco/dev/playground/proxy-runner/server/websocket/index.ts","statementMap":{},"fnMap":{},"branchMap":{},"s":{},"f":{},"b":{},"meta":{"lastBranch":0,"lastFunction":0,"lastStatement":0,"seen":{}}}
,"/home/gdoco/dev/playground/proxy-runner/server/websocket/types.ts": {"path":"/home/gdoco/dev/playground/proxy-runner/server/websocket/types.ts","statementMap":{"0":{"start":{"line":132,"column":2},"end":{"line":137,"column":null}}},"fnMap":{"0":{"name":"createEvent","decl":{"start":{"line":127,"column":16},"end":{"line":127,"column":null}},"loc":{"start":{"line":131,"column":5},"end":{"line":138,"column":null}},"line":131}},"branchMap":{},"s":{"0":0},"f":{"0":0},"b":{},"meta":{"lastBranch":0,"lastFunction":1,"lastStatement":1,"seen":{"f:127:16:127:Infinity":0,"s:132:2:137:Infinity":0}}}
}
